<testsuite errors="0" failures="0" tests="43" skipped="0" name="org.elasticsearch.index.engine.InternalEngineTests" hostname="nohost.nodomain" time="19.369" timestamp="2016-03-30T22:56:39">
   <properties class="java.util.ArrayList">
      <property name="awt.toolkit" value="sun.lwawt.macosx.LWCToolkit"/>
      <property name="es.logger.level" value="WARN"/>
      <property name="file.encoding" value="UTF-8"/>
      <property name="file.encoding.pkg" value="sun.io"/>
      <property name="file.separator" value="/"/>
      <property name="ftp.nonProxyHosts" value="local|*.local|169.254/16|*.169.254/16"/>
      <property name="gopherProxySet" value="false"/>
      <property name="http.nonProxyHosts" value="local|*.local|169.254/16|*.169.254/16"/>
      <property name="java.awt.graphicsenv" value="sun.awt.CGraphicsEnvironment"/>
      <property name="java.awt.headless" value="true"/>
      <property name="java.awt.printerjob" value="sun.lwawt.macosx.CPrinterJob"/>
      <property name="java.class.path" value="/Users/brijeshs/Documents/elasticsearch_sort_netbeans/elasticsearch/core/build/classes/test:/Users/brijeshs/Documents/elasticsearch_sort_netbeans/elasticsearch/core/build/resources/test:/Users/brijeshs/Documents/elasticsearch_sort_netbeans/elasticsearch/core/build/classes/main:/Users/brijeshs/Documents/elasticsearch_sort_netbeans/elasticsearch/core/build/resources/main:/Users/brijeshs/.gradle/caches/modules-2/files-2.1/org.apache.lucene/lucene-core/5.4.0-snapshot-1715952/84685d37a34b4d87e2928566ed266a7f005ca67d/lucene-core-5.4.0-snapshot-1715952.jar:/Users/brijeshs/.gradle/caches/modules-2/files-2.1/org.apache.lucene/lucene-analyzers-common/5.4.0-snapshot-1715952/feaf885ed4155fb7202c1f90ac2eb40503961efc/lucene-analyzers-common-5.4.0-snapshot-1715952.jar:/Users/brijeshs/.gradle/caches/modules-2/files-2.1/org.apache.lucene/lucene-backward-codecs/5.4.0-snapshot-1715952/5b5b5c950b4fcac38cf48fab911f75da61e780fa/lucene-backward-codecs-5.4.0-snapshot-1715952.jar:/Users/brijeshs/.gradle/caches/modules-2/files-2.1/org.apache.lucene/lucene-grouping/5.4.0-snapshot-1715952/ff92011208ed5c28f041acc37bd77728a89fc6a5/lucene-grouping-5.4.0-snapshot-1715952.jar:/Users/brijeshs/.gradle/caches/modules-2/files-2.1/org.apache.lucene/lucene-highlighter/5.4.0-snapshot-1715952/5d46f26a6cb36aede89b8728b6fcbc427d4f9416/lucene-highlighter-5.4.0-snapshot-1715952.jar:/Users/brijeshs/.gradle/caches/modules-2/files-2.1/org.apache.lucene/lucene-join/5.4.0-snapshot-1715952/726ea07bbfdfbfbee80522353496fc6667dc33c9/lucene-join-5.4.0-snapshot-1715952.jar:/Users/brijeshs/.gradle/caches/modules-2/files-2.1/org.apache.lucene/lucene-memory/5.4.0-snapshot-1715952/d8d7a7b573a4cfc54745a126e905ccfd523b7a24/lucene-memory-5.4.0-snapshot-1715952.jar:/Users/brijeshs/.gradle/caches/modules-2/files-2.1/org.apache.lucene/lucene-misc/5.4.0-snapshot-1715952/cd9d4fb4492bd2680cea2f038a051311329f6443/lucene-misc-5.4.0-snapshot-1715952.jar:/Users/brijeshs/.gradle/caches/modules-2/files-2.1/org.apache.lucene/lucene-queries/5.4.0-snapshot-1715952/a1a04d191443e51f992ed3dd02d0e14fd48493c9/lucene-queries-5.4.0-snapshot-1715952.jar:/Users/brijeshs/.gradle/caches/modules-2/files-2.1/org.apache.lucene/lucene-queryparser/5.4.0-snapshot-1715952/c4d34b29b8b14ad3deb300a6d699e9d8965a3c2c/lucene-queryparser-5.4.0-snapshot-1715952.jar:/Users/brijeshs/.gradle/caches/modules-2/files-2.1/org.apache.lucene/lucene-sandbox/5.4.0-snapshot-1715952/bf45dbd653d66ce9d2c3f19b69997b8098d8b416/lucene-sandbox-5.4.0-snapshot-1715952.jar:/Users/brijeshs/.gradle/caches/modules-2/files-2.1/org.apache.lucene/lucene-spatial/5.4.0-snapshot-1715952/2bddfda70f5c657064d12860b03c2cd8a5029bfc/lucene-spatial-5.4.0-snapshot-1715952.jar:/Users/brijeshs/.gradle/caches/modules-2/files-2.1/org.apache.lucene/lucene-spatial3d/5.4.0-snapshot-1715952/881b8cd571fb3ccdcc69f1316468d816812513fb/lucene-spatial3d-5.4.0-snapshot-1715952.jar:/Users/brijeshs/.gradle/caches/modules-2/files-2.1/org.apache.lucene/lucene-suggest/5.4.0-snapshot-1715952/466e2bc02f45f04cbf516e5df78b9c2ebd99e944/lucene-suggest-5.4.0-snapshot-1715952.jar:/Users/brijeshs/.gradle/caches/modules-2/files-2.1/org.elasticsearch/securesm/1.0/c0c6cf986ba0057390bfcc80c366a0e3157f944b/securesm-1.0.jar:/Users/brijeshs/.gradle/caches/modules-2/files-2.1/commons-cli/commons-cli/1.3.1/1303efbc4b181e5a58bf2e967dc156a3132b97c0/commons-cli-1.3.1.jar:/Users/brijeshs/.gradle/caches/modules-2/files-2.1/com.carrotsearch/hppc/0.7.1/8b5057f74ea378c0150a1860874a3ebdcb713767/hppc-0.7.1.jar:/Users/brijeshs/.gradle/caches/modules-2/files-2.1/joda-time/joda-time/2.8.2/d27c24204c5e507b16fec01006b3d0f1ec42aed4/joda-time-2.8.2.jar:/Users/brijeshs/.gradle/caches/modules-2/files-2.1/org.joda/joda-convert/1.2/35ec554f0cd00c956cc69051514d9488b1374dec/joda-convert-1.2.jar:/Users/brijeshs/.gradle/caches/modules-2/files-2.1/com.fasterxml.jackson.core/jackson-core/2.6.2/123f29333b2c6b3516b14252b6e93226bfcd6e37/jackson-core-2.6.2.jar:/Users/brijeshs/.gradle/caches/modules-2/files-2.1/com.fasterxml.jackson.dataformat/jackson-dataformat-smile/2.6.2/395d18c1a1dd730b8026ee59c4067e5d2b45ba6e/jackson-dataformat-smile-2.6.2.jar:/Users/brijeshs/.gradle/caches/modules-2/files-2.1/com.fasterxml.jackson.dataformat/jackson-dataformat-yaml/2.6.2/4ae23088dd3fae47c66843f2e4251d7255ee140e/jackson-dataformat-yaml-2.6.2.jar:/Users/brijeshs/.gradle/caches/modules-2/files-2.1/com.fasterxml.jackson.dataformat/jackson-dataformat-cbor/2.6.2/1e13c575f914c83761bb8e2aca7dfd9e4c647579/jackson-dataformat-cbor-2.6.2.jar:/Users/brijeshs/.gradle/caches/modules-2/files-2.1/io.netty/netty/3.10.5.Final/9ca7d55d246092bddd29b867706e2f6c7db701a0/netty-3.10.5.Final.jar:/Users/brijeshs/.gradle/caches/modules-2/files-2.1/com.tdunning/t-digest/3.0/84ccf145ac2215e6bfa63baa3101c0af41017cfc/t-digest-3.0.jar:/Users/brijeshs/.gradle/caches/modules-2/files-2.1/org.hdrhistogram/HdrHistogram/2.1.6/7495feb7f71ee124bd2a7e7d83590e296d71d80e/HdrHistogram-2.1.6.jar:/Users/brijeshs/.gradle/caches/modules-2/files-2.1/com.spatial4j/spatial4j/0.5/6e16edaf6b1ba76db7f08c2f3723fce3b358ecc3/spatial4j-0.5.jar:/Users/brijeshs/.gradle/caches/modules-2/files-2.1/com.vividsolutions/jts/1.13/3ccfb9b60f04d71add996a666ceb8902904fd805/jts-1.13.jar:/Users/brijeshs/.gradle/caches/modules-2/files-2.1/log4j/log4j/1.2.17/5af35056b4d257e4b64b9e8069c0746e8b08629f/log4j-1.2.17.jar:/Users/brijeshs/.gradle/caches/modules-2/files-2.1/log4j/apache-log4j-extras/1.2.17/85863614d82185d7e51fe21c00aa9117a523a8b6/apache-log4j-extras-1.2.17.jar:/Users/brijeshs/.gradle/caches/modules-2/files-2.1/org.slf4j/slf4j-api/1.6.2/8619e95939167fb37245b5670135e4feb0ec7d50/slf4j-api-1.6.2.jar:/Users/brijeshs/.gradle/caches/modules-2/files-2.1/net.java.dev.jna/jna/4.1.0/1c12d070e602efd8021891cdd7fd18bc129372d4/jna-4.1.0.jar:/Users/brijeshs/Documents/elasticsearch_sort_netbeans/elasticsearch/test-framework/build/libs/test-framework-3.0.0-SNAPSHOT.jar:/Users/brijeshs/.gradle/caches/modules-2/files-2.1/com.carrotsearch.randomizedtesting/randomizedtesting-runner/2.2.0/60de504132241be049564a3a34fd7dcc296e2ef0/randomizedtesting-runner-2.2.0.jar:/Users/brijeshs/.gradle/caches/modules-2/files-2.1/junit/junit/4.11/4e031bb61df09069aeb2bffb4019e7a5034a4ee0/junit-4.11.jar:/Users/brijeshs/.gradle/caches/modules-2/files-2.1/org.hamcrest/hamcrest-all/1.3/63a21ebc981131004ad02e0434e799fd7f3a8d5a/hamcrest-all-1.3.jar:/Users/brijeshs/.gradle/caches/modules-2/files-2.1/org.apache.lucene/lucene-test-framework/5.4.0-snapshot-1715952/ae3156d5a2526b1b48ca821765cf7cd53faecef5/lucene-test-framework-5.4.0-snapshot-1715952.jar:/Users/brijeshs/.gradle/caches/modules-2/files-2.1/org.apache.lucene/lucene-codecs/5.4.0-snapshot-1715952/7b94152f1c9fd7ecb384fc9602318f74a4463a65/lucene-codecs-5.4.0-snapshot-1715952.jar:/Users/brijeshs/.gradle/caches/modules-2/files-2.1/org.apache.httpcomponents/httpclient/4.3.6/4c47155e3e6c9a41a28db36680b828ced53b8af4/httpclient-4.3.6.jar:/Users/brijeshs/.gradle/caches/modules-2/files-2.1/org.apache.httpcomponents/httpcore/4.3.3/f91b7a4aadc5cf486df6e4634748d7dd7a73f06d/httpcore-4.3.3.jar:/Users/brijeshs/.gradle/caches/modules-2/files-2.1/commons-logging/commons-logging/1.1.3/f6f66e966c70a83ffbdb6f17a0919eaf7c8aca7f/commons-logging-1.1.3.jar:/Users/brijeshs/.gradle/caches/modules-2/files-2.1/commons-codec/commons-codec/1.10/4b95f4897fa13f2cd904aee711aeafc0c5295cd8/commons-codec-1.10.jar:/Users/brijeshs/.gradle/caches/modules-2/files-2.1/com.carrotsearch.randomizedtesting/junit4-ant/2.2.0/d401c9c729deccd5db8a5df3102eb18793c2224/junit4-ant-2.2.0.jar"/>
      <property name="java.class.version" value="52.0"/>
      <property name="java.endorsed.dirs" value="/Library/Java/JavaVirtualMachines/jdk1.8.0_40.jdk/Contents/Home/jre/lib/endorsed"/>
      <property name="java.ext.dirs" value="/Users/brijeshs/Library/Java/Extensions:/Library/Java/JavaVirtualMachines/jdk1.8.0_40.jdk/Contents/Home/jre/lib/ext:/Library/Java/Extensions:/Network/Library/Java/Extensions:/System/Library/Java/Extensions:/usr/lib/java"/>
      <property name="java.home" value="/Library/Java/JavaVirtualMachines/jdk1.8.0_40.jdk/Contents/Home/jre"/>
      <property name="java.io.tmpdir" value="./temp"/>
      <property name="java.library.path" value="/Applications/NetBeans/NetBeans 8.1.app/Contents/Resources/NetBeans/webcommon/bin::/Users/brijeshs/Library/Java/Extensions:/Library/Java/Extensions:/Network/Library/Java/Extensions:/System/Library/Java/Extensions:/usr/lib/java:."/>
      <property name="java.runtime.name" value="Java(TM) SE Runtime Environment"/>
      <property name="java.runtime.version" value="1.8.0_40-b25"/>
      <property name="java.specification.name" value="Java Platform API Specification"/>
      <property name="java.specification.vendor" value="Oracle Corporation"/>
      <property name="java.specification.version" value="1.8"/>
      <property name="java.vendor" value="Oracle Corporation"/>
      <property name="java.vendor.url" value="http://java.oracle.com/"/>
      <property name="java.vendor.url.bug" value="http://bugreport.sun.com/bugreport/"/>
      <property name="java.version" value="1.8.0_40"/>
      <property name="java.vm.info" value="mixed mode"/>
      <property name="java.vm.name" value="Java HotSpot(TM) 64-Bit Server VM"/>
      <property name="java.vm.specification.name" value="Java Virtual Machine Specification"/>
      <property name="java.vm.specification.vendor" value="Oracle Corporation"/>
      <property name="java.vm.specification.version" value="1.8"/>
      <property name="java.vm.vendor" value="Oracle Corporation"/>
      <property name="java.vm.version" value="25.40-b25"/>
      <property name="junit4.childvm.count" value="4"/>
      <property name="junit4.childvm.cwd" value="/Users/brijeshs/Documents/elasticsearch_sort_netbeans/elasticsearch/core/build/testrun/test/J3"/>
      <property name="junit4.childvm.id" value="3"/>
      <property name="junit4.memory.total" value="514850816"/>
      <property name="junit4.pidString" value="3194@BrijeshS-2.fios-router.home"/>
      <property name="junit4.processors" value="8"/>
      <property name="line.separator" value="
"/>
      <property name="os.arch" value="x86_64"/>
      <property name="os.name" value="Mac OS X"/>
      <property name="os.version" value="10.10.5"/>
      <property name="path.separator" value=":"/>
      <property name="socksNonProxyHosts" value="local|*.local|169.254/16|*.169.254/16"/>
      <property name="sun.arch.data.model" value="64"/>
      <property name="sun.boot.class.path" value="/Library/Java/JavaVirtualMachines/jdk1.8.0_40.jdk/Contents/Home/jre/lib/resources.jar:/Library/Java/JavaVirtualMachines/jdk1.8.0_40.jdk/Contents/Home/jre/lib/rt.jar:/Library/Java/JavaVirtualMachines/jdk1.8.0_40.jdk/Contents/Home/jre/lib/sunrsasign.jar:/Library/Java/JavaVirtualMachines/jdk1.8.0_40.jdk/Contents/Home/jre/lib/jsse.jar:/Library/Java/JavaVirtualMachines/jdk1.8.0_40.jdk/Contents/Home/jre/lib/jce.jar:/Library/Java/JavaVirtualMachines/jdk1.8.0_40.jdk/Contents/Home/jre/lib/charsets.jar:/Library/Java/JavaVirtualMachines/jdk1.8.0_40.jdk/Contents/Home/jre/lib/jfr.jar:/Library/Java/JavaVirtualMachines/jdk1.8.0_40.jdk/Contents/Home/jre/classes"/>
      <property name="sun.boot.library.path" value="/Library/Java/JavaVirtualMachines/jdk1.8.0_40.jdk/Contents/Home/jre/lib"/>
      <property name="sun.cpu.endian" value="little"/>
      <property name="sun.cpu.isalist" value=""/>
      <property name="sun.io.unicode.encoding" value="UnicodeBig"/>
      <property name="sun.java.command" value="com.carrotsearch.ant.tasks.junit4.slave.SlaveMainSafe -eventsfile /Users/brijeshs/Documents/elasticsearch_sort_netbeans/elasticsearch/core/build/testrun/test/temp/junit4-J3-20160330_225540_825.events @/Users/brijeshs/Documents/elasticsearch_sort_netbeans/elasticsearch/core/build/testrun/test/temp/junit4-J3-20160330_225540_825.suites -stdin"/>
      <property name="sun.java.launcher" value="SUN_STANDARD"/>
      <property name="sun.jnu.encoding" value="UTF-8"/>
      <property name="sun.management.compiler" value="HotSpot 64-Bit Tiered Compilers"/>
      <property name="sun.os.patch.level" value="unknown"/>
      <property name="tests.artifact" value="core"/>
      <property name="tests.ifNoTests" value="fail"/>
      <property name="tests.maven" value="true"/>
      <property name="tests.prefix" value="tests"/>
      <property name="tests.security.manager" value="true"/>
      <property name="tests.seed" value="E3B47AB8E36E9209"/>
      <property name="tests.task" value=":core:test"/>
      <property name="user.country" value="US"/>
      <property name="user.dir" value="/Users/brijeshs/Documents/elasticsearch_sort_netbeans/elasticsearch/core/build/testrun/test/J3"/>
      <property name="user.home" value="/Users/brijeshs"/>
      <property name="user.language" value="en"/>
      <property name="user.name" value="brijeshs"/>
      <property name="user.timezone" value="America/Los_Angeles"/>
   </properties>
   <testcase classname="org.elasticsearch.index.engine.InternalEngineTests" name="testBasicCreatedFlag" time="0.356"/>
   <testcase classname="org.elasticsearch.index.engine.InternalEngineTests" name="testVersioningNewIndex" time="0.165"/>
   <testcase classname="org.elasticsearch.index.engine.InternalEngineTests" name="testVersioningNewCreate" time="0.25"/>
   <testcase classname="org.elasticsearch.index.engine.InternalEngineTests" name="testExternalVersioningIndexConflict" time="0.194"/>
   <testcase classname="org.elasticsearch.index.engine.InternalEngineTests" name="testVersioningIndexConflictWithFlush" time="0.503"/>
   <testcase classname="org.elasticsearch.index.engine.InternalEngineTests" name="testSearchResultRelease" time="0.331"/>
   <testcase classname="org.elasticsearch.index.engine.InternalEngineTests" name="testForceMerge" time="2.38"/>
   <testcase classname="org.elasticsearch.index.engine.InternalEngineTests" name="testVersioningCreateExistsExceptionWithFlush" time="0.436"/>
   <testcase classname="org.elasticsearch.index.engine.InternalEngineTests" name="testTranslogReplayWithFailure" time="0.6"/>
   <testcase classname="org.elasticsearch.index.engine.InternalEngineTests" name="testCreatedFlagAfterFlush" time="0.14"/>
   <testcase classname="org.elasticsearch.index.engine.InternalEngineTests" name="testSycnedFlushVanishesOnReplay" time="0.386"/>
   <testcase classname="org.elasticsearch.index.engine.InternalEngineTests" name="testVersioningCreateExistsException" time="0.311"/>
   <testcase classname="org.elasticsearch.index.engine.InternalEngineTests" name="testSyncedFlush" time="0.603"/>
   <testcase classname="org.elasticsearch.index.engine.InternalEngineTests" name="testVersioningDeleteConflict" time="0.176"/>
   <testcase classname="org.elasticsearch.index.engine.InternalEngineTests" name="testDeletesAloneCanTriggerRefresh" time="0.383"/>
   <testcase classname="org.elasticsearch.index.engine.InternalEngineTests" name="testIndexSearcherWrapper" time="0.079"/>
   <testcase classname="org.elasticsearch.index.engine.InternalEngineTests" name="testSettings" time="0.14"/>
   <testcase classname="org.elasticsearch.index.engine.InternalEngineTests" name="testMissingTranslog" time="0.106"/>
   <testcase classname="org.elasticsearch.index.engine.InternalEngineTests" name="testIndexWriterInfoStream" time="0.346"/>
   <testcase classname="org.elasticsearch.index.engine.InternalEngineTests" name="testVerboseSegments" time="0.273"/>
   <testcase classname="org.elasticsearch.index.engine.InternalEngineTests" name="testExtractShardId" time="0.218"/>
   <testcase classname="org.elasticsearch.index.engine.InternalEngineTests" name="testVersioningReplicaConflict2" time="0.298"/>
   <testcase classname="org.elasticsearch.index.engine.InternalEngineTests" name="testRenewSyncFlush" time="1.821"/>
   <testcase classname="org.elasticsearch.index.engine.InternalEngineTests" name="testVersioningDeleteConflictWithFlush" time="0.052"/>
   <testcase classname="org.elasticsearch.index.engine.InternalEngineTests" name="testSegments" time="0.115"/>
   <testcase classname="org.elasticsearch.index.engine.InternalEngineTests" name="testVersioningReplicaConflict1" time="0.039"/>
   <testcase classname="org.elasticsearch.index.engine.InternalEngineTests" name="testForceMergeAndClose" time="2.029"/>
   <testcase classname="org.elasticsearch.index.engine.InternalEngineTests" name="testUpgradeOldIndex" time="0.76"/>
   <testcase classname="org.elasticsearch.index.engine.InternalEngineTests" name="testSycnedFlushSurvivesEngineRestart" time="0.133"/>
   <testcase classname="org.elasticsearch.index.engine.InternalEngineTests" name="testExternalVersioningIndexConflictWithFlush" time="0.179"/>
   <testcase classname="org.elasticsearch.index.engine.InternalEngineTests" name="testSegmentsWithMergeFlag" time="0.207"/>
   <testcase classname="org.elasticsearch.index.engine.InternalEngineTests" name="testSimpleOperations" time="0.143"/>
   <testcase classname="org.elasticsearch.index.engine.InternalEngineTests" name="testEnableGcDeletes" time="1.104"/>
   <testcase classname="org.elasticsearch.index.engine.InternalEngineTests" name="testVersioningIndexConflict" time="0.062"/>
   <testcase classname="org.elasticsearch.index.engine.InternalEngineTests" name="testTranslogReplay" time="0.281"/>
   <testcase classname="org.elasticsearch.index.engine.InternalEngineTests" name="testRecoverFromForeignTranslog" time="0.214"/>
   <testcase classname="org.elasticsearch.index.engine.InternalEngineTests" name="testExternalVersioningNewIndex" time="0.15"/>
   <testcase classname="org.elasticsearch.index.engine.InternalEngineTests" name="testIndexWriterIFDInfoStream" time="0.474"/>
   <testcase classname="org.elasticsearch.index.engine.InternalEngineTests" name="testSkipTranslogReplay" time="0.136"/>
   <testcase classname="org.elasticsearch.index.engine.InternalEngineTests" name="testShardNotAvailableExceptionWhenEngineClosedConcurrently" time="0.122"/>
   <testcase classname="org.elasticsearch.index.engine.InternalEngineTests" name="testFailStart" time="2.124"/>
   <testcase classname="org.elasticsearch.index.engine.InternalEngineTests" name="testCommitStats" time="0.092"/>
   <testcase classname="org.elasticsearch.index.engine.InternalEngineTests" name="testConcurrentGetAndFlush" time="0.1"/>
   <system-out><![CDATA[[2016-03-30 22:56:43,965][WARN ][org.elasticsearch.index.engine]  [index][1] failed engine [index]
java.io.IOException: a random IOException (_0.fdx)
	at org.apache.lucene.store.MockDirectoryWrapper.maybeThrowIOException(MockDirectoryWrapper.java:445)
	at org.apache.lucene.store.MockIndexOutputWrapper.writeBytes(MockIndexOutputWrapper.java:151)
	at org.apache.lucene.store.MockIndexOutputWrapper.writeByte(MockIndexOutputWrapper.java:127)
	at org.apache.lucene.store.DataOutput.writeInt(DataOutput.java:70)
	at org.apache.lucene.codecs.CodecUtil.writeHeader(CodecUtil.java:91)
	at org.apache.lucene.codecs.CodecUtil.writeIndexHeader(CodecUtil.java:134)
	at org.apache.lucene.codecs.compressing.CompressingStoredFieldsWriter.<init>(CompressingStoredFieldsWriter.java:116)
	at org.apache.lucene.codecs.compressing.CompressingStoredFieldsFormat.fieldsWriter(CompressingStoredFieldsFormat.java:128)
	at org.apache.lucene.codecs.lucene50.Lucene50StoredFieldsFormat.fieldsWriter(Lucene50StoredFieldsFormat.java:183)
	at org.apache.lucene.codecs.asserting.AssertingStoredFieldsFormat.fieldsWriter(AssertingStoredFieldsFormat.java:49)
	at org.apache.lucene.index.DefaultIndexingChain.initStoredFieldsWriter(DefaultIndexingChain.java:81)
	at org.apache.lucene.index.DefaultIndexingChain.startStoredFields(DefaultIndexingChain.java:258)
	at org.apache.lucene.index.DefaultIndexingChain.processDocument(DefaultIndexingChain.java:295)
	at org.apache.lucene.index.DocumentsWriterPerThread.updateDocument(DocumentsWriterPerThread.java:234)
	at org.apache.lucene.index.DocumentsWriter.updateDocument(DocumentsWriter.java:450)
	at org.apache.lucene.index.IndexWriter.updateDocument(IndexWriter.java:1477)
	at org.apache.lucene.index.IndexWriter.addDocument(IndexWriter.java:1256)
	at org.elasticsearch.index.engine.InternalEngine.innerIndex(InternalEngine.java:390)
	at org.elasticsearch.index.engine.InternalEngine.index(InternalEngine.java:338)
	at org.elasticsearch.index.shard.TranslogRecoveryPerformer.performRecoveryOperation(TranslogRecoveryPerformer.java:136)
	at org.elasticsearch.index.engine.InternalEngine.recoverFromTranslog(InternalEngine.java:219)
	at org.elasticsearch.index.engine.InternalEngine.<init>(InternalEngine.java:153)
	at org.elasticsearch.index.engine.InternalEngineTests.createEngine(InternalEngineTests.java:237)
	at org.elasticsearch.index.engine.InternalEngineTests.createEngine(InternalEngineTests.java:233)
	at org.elasticsearch.index.engine.InternalEngineTests.testTranslogReplayWithFailure(InternalEngineTests.java:1652)
	at sun.reflect.NativeMethodAccessorImpl.invoke0(Native Method)
	at sun.reflect.NativeMethodAccessorImpl.invoke(NativeMethodAccessorImpl.java:62)
	at sun.reflect.DelegatingMethodAccessorImpl.invoke(DelegatingMethodAccessorImpl.java:43)
	at java.lang.reflect.Method.invoke(Method.java:497)
	at com.carrotsearch.randomizedtesting.RandomizedRunner.invoke(RandomizedRunner.java:1660)
	at com.carrotsearch.randomizedtesting.RandomizedRunner$8.evaluate(RandomizedRunner.java:866)
	at com.carrotsearch.randomizedtesting.RandomizedRunner$9.evaluate(RandomizedRunner.java:902)
	at com.carrotsearch.randomizedtesting.RandomizedRunner$10.evaluate(RandomizedRunner.java:916)
	at com.carrotsearch.randomizedtesting.rules.StatementAdapter.evaluate(StatementAdapter.java:36)
	at org.apache.lucene.util.TestRuleSetupTeardownChained$1.evaluate(TestRuleSetupTeardownChained.java:50)
	at org.apache.lucene.util.AbstractBeforeAfterRule$1.evaluate(AbstractBeforeAfterRule.java:46)
	at org.apache.lucene.util.TestRuleThreadAndTestName$1.evaluate(TestRuleThreadAndTestName.java:49)
	at org.apache.lucene.util.TestRuleIgnoreAfterMaxFailures$1.evaluate(TestRuleIgnoreAfterMaxFailures.java:65)
	at org.apache.lucene.util.TestRuleMarkFailure$1.evaluate(TestRuleMarkFailure.java:48)
	at com.carrotsearch.randomizedtesting.rules.StatementAdapter.evaluate(StatementAdapter.java:36)
	at com.carrotsearch.randomizedtesting.ThreadLeakControl$StatementRunner.run(ThreadLeakControl.java:367)
	at com.carrotsearch.randomizedtesting.ThreadLeakControl.forkTimeoutingTask(ThreadLeakControl.java:809)
	at com.carrotsearch.randomizedtesting.ThreadLeakControl$3.evaluate(ThreadLeakControl.java:460)
	at com.carrotsearch.randomizedtesting.RandomizedRunner.runSingleTest(RandomizedRunner.java:875)
	at com.carrotsearch.randomizedtesting.RandomizedRunner$5.evaluate(RandomizedRunner.java:777)
	at com.carrotsearch.randomizedtesting.RandomizedRunner$6.evaluate(RandomizedRunner.java:811)
	at com.carrotsearch.randomizedtesting.RandomizedRunner$7.evaluate(RandomizedRunner.java:822)
	at org.apache.lucene.util.AbstractBeforeAfterRule$1.evaluate(AbstractBeforeAfterRule.java:46)
	at com.carrotsearch.randomizedtesting.rules.StatementAdapter.evaluate(StatementAdapter.java:36)
	at org.apache.lucene.util.TestRuleStoreClassName$1.evaluate(TestRuleStoreClassName.java:42)
	at com.carrotsearch.randomizedtesting.rules.NoShadowingOrOverridesOnMethodsRule$1.evaluate(NoShadowingOrOverridesOnMethodsRule.java:40)
	at com.carrotsearch.randomizedtesting.rules.NoShadowingOrOverridesOnMethodsRule$1.evaluate(NoShadowingOrOverridesOnMethodsRule.java:40)
	at com.carrotsearch.randomizedtesting.rules.StatementAdapter.evaluate(StatementAdapter.java:36)
	at com.carrotsearch.randomizedtesting.rules.StatementAdapter.evaluate(StatementAdapter.java:36)
	at com.carrotsearch.randomizedtesting.rules.StatementAdapter.evaluate(StatementAdapter.java:36)
	at org.apache.lucene.util.TestRuleAssertionsRequired$1.evaluate(TestRuleAssertionsRequired.java:54)
	at org.apache.lucene.util.TestRuleMarkFailure$1.evaluate(TestRuleMarkFailure.java:48)
	at org.apache.lucene.util.TestRuleIgnoreAfterMaxFailures$1.evaluate(TestRuleIgnoreAfterMaxFailures.java:65)
	at org.apache.lucene.util.TestRuleIgnoreTestSuites$1.evaluate(TestRuleIgnoreTestSuites.java:55)
	at com.carrotsearch.randomizedtesting.rules.StatementAdapter.evaluate(StatementAdapter.java:36)
	at com.carrotsearch.randomizedtesting.ThreadLeakControl$StatementRunner.run(ThreadLeakControl.java:367)
	at java.lang.Thread.run(Thread.java:745)
[2016-03-30 22:56:44,004][WARN ][org.elasticsearch.index.engine]  [index][1] failed engine [index]
java.io.IOException: a random IOException (_1.fdx)
	at org.apache.lucene.store.MockDirectoryWrapper.maybeThrowIOExceptionOnOpen(MockDirectoryWrapper.java:456)
	at org.apache.lucene.store.MockDirectoryWrapper.createOutput(MockDirectoryWrapper.java:548)
	at org.apache.lucene.store.FilterDirectory.createOutput(FilterDirectory.java:73)
	at org.apache.lucene.store.LockValidatingDirectoryWrapper.createOutput(LockValidatingDirectoryWrapper.java:44)
	at org.apache.lucene.store.TrackingDirectoryWrapper.createOutput(TrackingDirectoryWrapper.java:43)
	at org.apache.lucene.codecs.compressing.CompressingStoredFieldsWriter.<init>(CompressingStoredFieldsWriter.java:108)
	at org.apache.lucene.codecs.compressing.CompressingStoredFieldsFormat.fieldsWriter(CompressingStoredFieldsFormat.java:128)
	at org.apache.lucene.codecs.lucene50.Lucene50StoredFieldsFormat.fieldsWriter(Lucene50StoredFieldsFormat.java:183)
	at org.apache.lucene.codecs.asserting.AssertingStoredFieldsFormat.fieldsWriter(AssertingStoredFieldsFormat.java:49)
	at org.apache.lucene.index.DefaultIndexingChain.initStoredFieldsWriter(DefaultIndexingChain.java:81)
	at org.apache.lucene.index.DefaultIndexingChain.startStoredFields(DefaultIndexingChain.java:258)
	at org.apache.lucene.index.DefaultIndexingChain.processDocument(DefaultIndexingChain.java:295)
	at org.apache.lucene.index.DocumentsWriterPerThread.updateDocument(DocumentsWriterPerThread.java:234)
	at org.apache.lucene.index.DocumentsWriter.updateDocument(DocumentsWriter.java:450)
	at org.apache.lucene.index.IndexWriter.updateDocument(IndexWriter.java:1477)
	at org.apache.lucene.index.IndexWriter.addDocument(IndexWriter.java:1256)
	at org.elasticsearch.index.engine.InternalEngine.innerIndex(InternalEngine.java:390)
	at org.elasticsearch.index.engine.InternalEngine.index(InternalEngine.java:338)
	at org.elasticsearch.index.shard.TranslogRecoveryPerformer.performRecoveryOperation(TranslogRecoveryPerformer.java:136)
	at org.elasticsearch.index.engine.InternalEngine.recoverFromTranslog(InternalEngine.java:219)
	at org.elasticsearch.index.engine.InternalEngine.<init>(InternalEngine.java:153)
	at org.elasticsearch.index.engine.InternalEngineTests.createEngine(InternalEngineTests.java:237)
	at org.elasticsearch.index.engine.InternalEngineTests.createEngine(InternalEngineTests.java:233)
	at org.elasticsearch.index.engine.InternalEngineTests.testTranslogReplayWithFailure(InternalEngineTests.java:1652)
	at sun.reflect.NativeMethodAccessorImpl.invoke0(Native Method)
	at sun.reflect.NativeMethodAccessorImpl.invoke(NativeMethodAccessorImpl.java:62)
	at sun.reflect.DelegatingMethodAccessorImpl.invoke(DelegatingMethodAccessorImpl.java:43)
	at java.lang.reflect.Method.invoke(Method.java:497)
	at com.carrotsearch.randomizedtesting.RandomizedRunner.invoke(RandomizedRunner.java:1660)
	at com.carrotsearch.randomizedtesting.RandomizedRunner$8.evaluate(RandomizedRunner.java:866)
	at com.carrotsearch.randomizedtesting.RandomizedRunner$9.evaluate(RandomizedRunner.java:902)
	at com.carrotsearch.randomizedtesting.RandomizedRunner$10.evaluate(RandomizedRunner.java:916)
	at com.carrotsearch.randomizedtesting.rules.StatementAdapter.evaluate(StatementAdapter.java:36)
	at org.apache.lucene.util.TestRuleSetupTeardownChained$1.evaluate(TestRuleSetupTeardownChained.java:50)
	at org.apache.lucene.util.AbstractBeforeAfterRule$1.evaluate(AbstractBeforeAfterRule.java:46)
	at org.apache.lucene.util.TestRuleThreadAndTestName$1.evaluate(TestRuleThreadAndTestName.java:49)
	at org.apache.lucene.util.TestRuleIgnoreAfterMaxFailures$1.evaluate(TestRuleIgnoreAfterMaxFailures.java:65)
	at org.apache.lucene.util.TestRuleMarkFailure$1.evaluate(TestRuleMarkFailure.java:48)
	at com.carrotsearch.randomizedtesting.rules.StatementAdapter.evaluate(StatementAdapter.java:36)
	at com.carrotsearch.randomizedtesting.ThreadLeakControl$StatementRunner.run(ThreadLeakControl.java:367)
	at com.carrotsearch.randomizedtesting.ThreadLeakControl.forkTimeoutingTask(ThreadLeakControl.java:809)
	at com.carrotsearch.randomizedtesting.ThreadLeakControl$3.evaluate(ThreadLeakControl.java:460)
	at com.carrotsearch.randomizedtesting.RandomizedRunner.runSingleTest(RandomizedRunner.java:875)
	at com.carrotsearch.randomizedtesting.RandomizedRunner$5.evaluate(RandomizedRunner.java:777)
	at com.carrotsearch.randomizedtesting.RandomizedRunner$6.evaluate(RandomizedRunner.java:811)
	at com.carrotsearch.randomizedtesting.RandomizedRunner$7.evaluate(RandomizedRunner.java:822)
	at org.apache.lucene.util.AbstractBeforeAfterRule$1.evaluate(AbstractBeforeAfterRule.java:46)
	at com.carrotsearch.randomizedtesting.rules.StatementAdapter.evaluate(StatementAdapter.java:36)
	at org.apache.lucene.util.TestRuleStoreClassName$1.evaluate(TestRuleStoreClassName.java:42)
	at com.carrotsearch.randomizedtesting.rules.NoShadowingOrOverridesOnMethodsRule$1.evaluate(NoShadowingOrOverridesOnMethodsRule.java:40)
	at com.carrotsearch.randomizedtesting.rules.NoShadowingOrOverridesOnMethodsRule$1.evaluate(NoShadowingOrOverridesOnMethodsRule.java:40)
	at com.carrotsearch.randomizedtesting.rules.StatementAdapter.evaluate(StatementAdapter.java:36)
	at com.carrotsearch.randomizedtesting.rules.StatementAdapter.evaluate(StatementAdapter.java:36)
	at com.carrotsearch.randomizedtesting.rules.StatementAdapter.evaluate(StatementAdapter.java:36)
	at org.apache.lucene.util.TestRuleAssertionsRequired$1.evaluate(TestRuleAssertionsRequired.java:54)
	at org.apache.lucene.util.TestRuleMarkFailure$1.evaluate(TestRuleMarkFailure.java:48)
	at org.apache.lucene.util.TestRuleIgnoreAfterMaxFailures$1.evaluate(TestRuleIgnoreAfterMaxFailures.java:65)
	at org.apache.lucene.util.TestRuleIgnoreTestSuites$1.evaluate(TestRuleIgnoreTestSuites.java:55)
	at com.carrotsearch.randomizedtesting.rules.StatementAdapter.evaluate(StatementAdapter.java:36)
	at com.carrotsearch.randomizedtesting.ThreadLeakControl$StatementRunner.run(ThreadLeakControl.java:367)
	at java.lang.Thread.run(Thread.java:745)
[2016-03-30 22:56:44,082][WARN ][org.elasticsearch.index.engine]  [index][1] failed engine [lucene commit failed]
java.io.IOException: a random IOException (_0.nvd)
	at org.apache.lucene.store.MockDirectoryWrapper.maybeThrowIOException(MockDirectoryWrapper.java:445)
	at org.apache.lucene.store.MockIndexOutputWrapper.writeBytes(MockIndexOutputWrapper.java:151)
	at org.apache.lucene.store.MockIndexOutputWrapper.writeByte(MockIndexOutputWrapper.java:127)
	at org.apache.lucene.store.DataOutput.writeInt(DataOutput.java:70)
	at org.apache.lucene.codecs.CodecUtil.writeHeader(CodecUtil.java:91)
	at org.apache.lucene.codecs.CodecUtil.writeIndexHeader(CodecUtil.java:134)
	at org.apache.lucene.codecs.lucene53.Lucene53NormsConsumer.<init>(Lucene53NormsConsumer.java:44)
	at org.apache.lucene.codecs.lucene53.Lucene53NormsFormat.normsConsumer(Lucene53NormsFormat.java:77)
	at org.apache.lucene.codecs.asserting.AssertingNormsFormat.normsConsumer(AssertingNormsFormat.java:42)
	at org.apache.lucene.index.DefaultIndexingChain.writeNorms(DefaultIndexingChain.java:193)
	at org.apache.lucene.index.DefaultIndexingChain.flush(DefaultIndexingChain.java:92)
	at org.apache.lucene.index.DocumentsWriterPerThread.flush(DocumentsWriterPerThread.java:422)
	at org.apache.lucene.index.DocumentsWriter.doFlush(DocumentsWriter.java:503)
	at org.apache.lucene.index.DocumentsWriter.flushAllThreads(DocumentsWriter.java:615)
	at org.apache.lucene.index.IndexWriter.prepareCommitInternal(IndexWriter.java:2799)
	at org.apache.lucene.index.IndexWriter.commitInternal(IndexWriter.java:2963)
	at org.apache.lucene.index.IndexWriter.commit(IndexWriter.java:2930)
	at org.elasticsearch.index.engine.InternalEngine.commitIndexWriter(InternalEngine.java:1138)
	at org.elasticsearch.index.engine.InternalEngine.commitIndexWriter(InternalEngine.java:1146)
	at org.elasticsearch.index.engine.InternalEngine.flush(InternalEngine.java:629)
	at org.elasticsearch.index.engine.InternalEngine.recoverFromTranslog(InternalEngine.java:239)
	at org.elasticsearch.index.engine.InternalEngine.<init>(InternalEngine.java:153)
	at org.elasticsearch.index.engine.InternalEngineTests.createEngine(InternalEngineTests.java:237)
	at org.elasticsearch.index.engine.InternalEngineTests.createEngine(InternalEngineTests.java:233)
	at org.elasticsearch.index.engine.InternalEngineTests.testTranslogReplayWithFailure(InternalEngineTests.java:1652)
	at sun.reflect.NativeMethodAccessorImpl.invoke0(Native Method)
	at sun.reflect.NativeMethodAccessorImpl.invoke(NativeMethodAccessorImpl.java:62)
	at sun.reflect.DelegatingMethodAccessorImpl.invoke(DelegatingMethodAccessorImpl.java:43)
	at java.lang.reflect.Method.invoke(Method.java:497)
	at com.carrotsearch.randomizedtesting.RandomizedRunner.invoke(RandomizedRunner.java:1660)
	at com.carrotsearch.randomizedtesting.RandomizedRunner$8.evaluate(RandomizedRunner.java:866)
	at com.carrotsearch.randomizedtesting.RandomizedRunner$9.evaluate(RandomizedRunner.java:902)
	at com.carrotsearch.randomizedtesting.RandomizedRunner$10.evaluate(RandomizedRunner.java:916)
	at com.carrotsearch.randomizedtesting.rules.StatementAdapter.evaluate(StatementAdapter.java:36)
	at org.apache.lucene.util.TestRuleSetupTeardownChained$1.evaluate(TestRuleSetupTeardownChained.java:50)
	at org.apache.lucene.util.AbstractBeforeAfterRule$1.evaluate(AbstractBeforeAfterRule.java:46)
	at org.apache.lucene.util.TestRuleThreadAndTestName$1.evaluate(TestRuleThreadAndTestName.java:49)
	at org.apache.lucene.util.TestRuleIgnoreAfterMaxFailures$1.evaluate(TestRuleIgnoreAfterMaxFailures.java:65)
	at org.apache.lucene.util.TestRuleMarkFailure$1.evaluate(TestRuleMarkFailure.java:48)
	at com.carrotsearch.randomizedtesting.rules.StatementAdapter.evaluate(StatementAdapter.java:36)
	at com.carrotsearch.randomizedtesting.ThreadLeakControl$StatementRunner.run(ThreadLeakControl.java:367)
	at com.carrotsearch.randomizedtesting.ThreadLeakControl.forkTimeoutingTask(ThreadLeakControl.java:809)
	at com.carrotsearch.randomizedtesting.ThreadLeakControl$3.evaluate(ThreadLeakControl.java:460)
	at com.carrotsearch.randomizedtesting.RandomizedRunner.runSingleTest(RandomizedRunner.java:875)
	at com.carrotsearch.randomizedtesting.RandomizedRunner$5.evaluate(RandomizedRunner.java:777)
	at com.carrotsearch.randomizedtesting.RandomizedRunner$6.evaluate(RandomizedRunner.java:811)
	at com.carrotsearch.randomizedtesting.RandomizedRunner$7.evaluate(RandomizedRunner.java:822)
	at org.apache.lucene.util.AbstractBeforeAfterRule$1.evaluate(AbstractBeforeAfterRule.java:46)
	at com.carrotsearch.randomizedtesting.rules.StatementAdapter.evaluate(StatementAdapter.java:36)
	at org.apache.lucene.util.TestRuleStoreClassName$1.evaluate(TestRuleStoreClassName.java:42)
	at com.carrotsearch.randomizedtesting.rules.NoShadowingOrOverridesOnMethodsRule$1.evaluate(NoShadowingOrOverridesOnMethodsRule.java:40)
	at com.carrotsearch.randomizedtesting.rules.NoShadowingOrOverridesOnMethodsRule$1.evaluate(NoShadowingOrOverridesOnMethodsRule.java:40)
	at com.carrotsearch.randomizedtesting.rules.StatementAdapter.evaluate(StatementAdapter.java:36)
	at com.carrotsearch.randomizedtesting.rules.StatementAdapter.evaluate(StatementAdapter.java:36)
	at com.carrotsearch.randomizedtesting.rules.StatementAdapter.evaluate(StatementAdapter.java:36)
	at org.apache.lucene.util.TestRuleAssertionsRequired$1.evaluate(TestRuleAssertionsRequired.java:54)
	at org.apache.lucene.util.TestRuleMarkFailure$1.evaluate(TestRuleMarkFailure.java:48)
	at org.apache.lucene.util.TestRuleIgnoreAfterMaxFailures$1.evaluate(TestRuleIgnoreAfterMaxFailures.java:65)
	at org.apache.lucene.util.TestRuleIgnoreTestSuites$1.evaluate(TestRuleIgnoreTestSuites.java:55)
	at com.carrotsearch.randomizedtesting.rules.StatementAdapter.evaluate(StatementAdapter.java:36)
	at com.carrotsearch.randomizedtesting.ThreadLeakControl$StatementRunner.run(ThreadLeakControl.java:367)
	at java.lang.Thread.run(Thread.java:745)
[2016-03-30 22:56:46,644][TRACE][org.elasticsearch.index.engine]  [index][1] acquired flush lock immediately
[2016-03-30 22:56:46,648][TRACE][org.elasticsearch.index.translog]  [index][1] current translog set to [3]
[2016-03-30 22:56:46,648][TRACE][org.elasticsearch.index.engine]  [index][1] starting commit for flush; commitTranslog=true
[2016-03-30 22:56:46,648][TRACE][org.elasticsearch.index.engine]  [index][1] committing writer with translog id [3]  and sync id [null] 
[2016-03-30 22:56:46,648][TRACE][org.elasticsearch.index.engine.lucene.iw]  [index][1] TEST-InternalEngineTests.testIndexWriterInfoStream-seed#[E3B47AB8E36E9209] IW: commit: start
[2016-03-30 22:56:46,648][TRACE][org.elasticsearch.index.engine.lucene.iw]  [index][1] TEST-InternalEngineTests.testIndexWriterInfoStream-seed#[E3B47AB8E36E9209] IW: commit: enter lock
[2016-03-30 22:56:46,648][TRACE][org.elasticsearch.index.engine.lucene.iw]  [index][1] TEST-InternalEngineTests.testIndexWriterInfoStream-seed#[E3B47AB8E36E9209] IW: commit: now prepare
[2016-03-30 22:56:46,648][TRACE][org.elasticsearch.index.engine.lucene.iw]  [index][1] TEST-InternalEngineTests.testIndexWriterInfoStream-seed#[E3B47AB8E36E9209] IW: prepareCommit: flush
[2016-03-30 22:56:46,649][TRACE][org.elasticsearch.index.engine.lucene.iw]  [index][1] TEST-InternalEngineTests.testIndexWriterInfoStream-seed#[E3B47AB8E36E9209] IW:   index before flush _0(5.4.0):C1
[2016-03-30 22:56:46,649][TRACE][org.elasticsearch.index.engine.lucene.iw]  [index][1] TEST-InternalEngineTests.testIndexWriterInfoStream-seed#[E3B47AB8E36E9209] DW: startFullFlush
[2016-03-30 22:56:46,649][TRACE][org.elasticsearch.index.engine.lucene.iw]  [index][1] TEST-InternalEngineTests.testIndexWriterInfoStream-seed#[E3B47AB8E36E9209] DW: anyChanges? numDocsInRam=1 deletes=false hasTickets:false pendingChangesInFullFlush: false
[2016-03-30 22:56:46,650][TRACE][org.elasticsearch.index.engine.lucene.iw]  [index][1] TEST-InternalEngineTests.testIndexWriterInfoStream-seed#[E3B47AB8E36E9209] DWFC: addFlushableState DocumentsWriterPerThread [pendingDeletes=gen=0, segment=_1, aborted=false, numDocsInRAM=1, deleteQueue=DWDQ: [ generation: 4 ]]
[2016-03-30 22:56:46,650][TRACE][org.elasticsearch.index.engine.lucene.iw]  [index][1] TEST-InternalEngineTests.testIndexWriterInfoStream-seed#[E3B47AB8E36E9209] DWPT: flush postings as segment _1 numDocs=1
[2016-03-30 22:56:46,665][TRACE][org.elasticsearch.index.engine.lucene.iw]  [index][1] TEST-InternalEngineTests.testIndexWriterInfoStream-seed#[E3B47AB8E36E9209] DWPT: new segment has 0 deleted docs
[2016-03-30 22:56:46,665][TRACE][org.elasticsearch.index.engine.lucene.iw]  [index][1] TEST-InternalEngineTests.testIndexWriterInfoStream-seed#[E3B47AB8E36E9209] DWPT: new segment has no vectors; norms; docValues; prox; freqs
[2016-03-30 22:56:46,665][TRACE][org.elasticsearch.index.engine.lucene.iw]  [index][1] TEST-InternalEngineTests.testIndexWriterInfoStream-seed#[E3B47AB8E36E9209] DWPT: flushedFiles=[_1_Asserting_0.dvm, _1_Asserting_0.tip, _1.nvd, _1_Asserting_0.doc, _1_Asserting_0.tim, _1_Asserting_0.dvd, _1_Asserting_0.pos, _1.fdx, _1.nvm, _1.fnm, _1.fdt]
[2016-03-30 22:56:46,665][TRACE][org.elasticsearch.index.engine.lucene.iw]  [index][1] TEST-InternalEngineTests.testIndexWriterInfoStream-seed#[E3B47AB8E36E9209] DWPT: flushed codec=Asserting(Lucene54)
[2016-03-30 22:56:46,666][TRACE][org.elasticsearch.index.engine.lucene.iw]  [index][1] TEST-InternalEngineTests.testIndexWriterInfoStream-seed#[E3B47AB8E36E9209] DWPT: flushed: segment=_1 ramUsed=0.087 MB newFlushedSize=0.001 MB docs/MB=772.147
[2016-03-30 22:56:46,667][TRACE][org.elasticsearch.index.engine.lucene.iw]  [index][1] TEST-InternalEngineTests.testIndexWriterInfoStream-seed#[E3B47AB8E36E9209] DW: publishFlushedSegment seg-private updates=null
[2016-03-30 22:56:46,667][TRACE][org.elasticsearch.index.engine.lucene.iw]  [index][1] TEST-InternalEngineTests.testIndexWriterInfoStream-seed#[E3B47AB8E36E9209] IW: publishFlushedSegment
[2016-03-30 22:56:46,667][TRACE][org.elasticsearch.index.engine.lucene.iw]  [index][1] TEST-InternalEngineTests.testIndexWriterInfoStream-seed#[E3B47AB8E36E9209] IW: publish sets newSegment delGen=6 seg=_1(5.4.0):C1
[2016-03-30 22:56:46,667][TRACE][org.elasticsearch.index.engine.lucene.iw.ifd]  [index][1] TEST-InternalEngineTests.testIndexWriterInfoStream-seed#[E3B47AB8E36E9209] IFD: now checkpoint "_0(5.4.0):C1 _1(5.4.0):C1" [2 segments ; isCommit = false]
[2016-03-30 22:56:46,668][TRACE][org.elasticsearch.index.engine.lucene.iw.ifd]  [index][1] TEST-InternalEngineTests.testIndexWriterInfoStream-seed#[E3B47AB8E36E9209] IFD: 0 msec to checkpoint
[2016-03-30 22:56:46,668][TRACE][org.elasticsearch.index.engine.lucene.iw]  [index][1] TEST-InternalEngineTests.testIndexWriterInfoStream-seed#[E3B47AB8E36E9209] IW: apply all deletes during flush
[2016-03-30 22:56:46,668][TRACE][org.elasticsearch.index.engine.lucene.iw]  [index][1] TEST-InternalEngineTests.testIndexWriterInfoStream-seed#[E3B47AB8E36E9209] IW: now apply all deletes for all segments maxDoc=2
[2016-03-30 22:56:46,668][TRACE][org.elasticsearch.index.engine.lucene.iw]  [index][1] TEST-InternalEngineTests.testIndexWriterInfoStream-seed#[E3B47AB8E36E9209] BD: applyDeletes: open segment readers took 0 msec
[2016-03-30 22:56:46,669][TRACE][org.elasticsearch.index.engine.lucene.iw]  [index][1] TEST-InternalEngineTests.testIndexWriterInfoStream-seed#[E3B47AB8E36E9209] BD: applyDeletes: no segments; skipping
[2016-03-30 22:56:46,669][TRACE][org.elasticsearch.index.engine.lucene.iw]  [index][1] TEST-InternalEngineTests.testIndexWriterInfoStream-seed#[E3B47AB8E36E9209] BD: prune sis=segments_2: _0(5.4.0):C1 _1(5.4.0):C1 minGen=3 packetCount=0
[2016-03-30 22:56:46,669][TRACE][org.elasticsearch.index.engine.lucene.iw]  [index][1] TEST-InternalEngineTests.testIndexWriterInfoStream-seed#[E3B47AB8E36E9209] DW: TEST-InternalEngineTests.testIndexWriterInfoStream-seed#[E3B47AB8E36E9209] finishFullFlush success=true
[2016-03-30 22:56:46,670][TRACE][org.elasticsearch.index.engine.lucene.iw]  [index][1] TEST-InternalEngineTests.testIndexWriterInfoStream-seed#[E3B47AB8E36E9209] IW: 
dir=store(MockDirectoryWrapper(RAMDirectory@2f2c1ad4 lockFactory=org.apache.lucene.store.SingleInstanceLockFactory@553a44ea))
index=_0(5.4.0):C1 _1(5.4.0):C1
version=5.4.0
analyzer=org.apache.lucene.analysis.MockAnalyzer
ramBufferSizeMB=0.48828125
maxBufferedDocs=-1
maxBufferedDeleteTerms=-1
mergedSegmentWarmer=org.elasticsearch.index.engine.InternalEngine$2@3fdc24a6
delPolicy=org.apache.lucene.index.SnapshotDeletionPolicy
commit=null
openMode=CREATE
similarity=org.apache.lucene.search.similarities.DefaultSimilarity
mergeScheduler=EngineMergeScheduler: maxThreadCount=1, maxMergeCount=6, ioThrottle=true
default WRITE_LOCK_TIMEOUT=0
writeLockTimeout=5000
codec=Asserting(Lucene54)
infoStream=org.elasticsearch.common.lucene.LoggerInfoStream
mergePolicy=ElasticsearchMergePolicy([TieredMergePolicy: maxMergeAtOnce=13, maxMergeAtOnceExplicit=40, maxMergedSegmentMB=81.8203125, floorSegmentMB=1.6552734375, forceMergeDeletesPctAllowed=4.833306751074985, segmentsPerTier=36.0, maxCFSSegmentSizeMB=8.796093022207999E12, noCFSRatio=0.0)
indexerThreadPool=org.apache.lucene.index.DocumentsWriterPerThreadPool@27a73cfd
readerPooling=false
perThreadHardLimitMB=1945
useCompoundFile=false
commitOnClose=false
writer=org.apache.lucene.index.IndexWriter@b564458

[2016-03-30 22:56:46,670][TRACE][org.elasticsearch.index.engine.lucene.iw]  [index][1] TEST-InternalEngineTests.testIndexWriterInfoStream-seed#[E3B47AB8E36E9209] IW: MMapDirectory.UNMAP_SUPPORTED=true
[2016-03-30 22:56:46,671][TRACE][org.elasticsearch.index.engine.lucene.iw]  [index][1] TEST-InternalEngineTests.testIndexWriterInfoStream-seed#[E3B47AB8E36E9209] TMP: findMerges: 2 segments
[2016-03-30 22:56:46,681][TRACE][org.elasticsearch.index.engine.lucene.iw]  [index][1] TEST-InternalEngineTests.testIndexWriterInfoStream-seed#[E3B47AB8E36E9209] TMP:   seg=_0(5.4.0):C1 size=0.001 MB [floored]
[2016-03-30 22:56:46,681][TRACE][org.elasticsearch.index.engine.lucene.iw]  [index][1] TEST-InternalEngineTests.testIndexWriterInfoStream-seed#[E3B47AB8E36E9209] TMP:   seg=_1(5.4.0):C1 size=0.001 MB [floored]
[2016-03-30 22:56:46,681][TRACE][org.elasticsearch.index.engine.lucene.iw]  [index][1] TEST-InternalEngineTests.testIndexWriterInfoStream-seed#[E3B47AB8E36E9209] TMP:   allowedSegmentCount=1 vs count=2 (eligible count=2) tooBigCount=0
[2016-03-30 22:56:46,681][TRACE][org.elasticsearch.index.engine.lucene.iw]  [index][1] TEST-InternalEngineTests.testIndexWriterInfoStream-seed#[E3B47AB8E36E9209] MS: now merge
[2016-03-30 22:56:46,681][TRACE][org.elasticsearch.index.engine.lucene.iw]  [index][1] TEST-InternalEngineTests.testIndexWriterInfoStream-seed#[E3B47AB8E36E9209] MS:   index: _0(5.4.0):C1 _1(5.4.0):C1
[2016-03-30 22:56:46,682][TRACE][org.elasticsearch.index.engine.lucene.iw]  [index][1] TEST-InternalEngineTests.testIndexWriterInfoStream-seed#[E3B47AB8E36E9209] MS:   no more merges pending; now return
[2016-03-30 22:56:46,682][TRACE][org.elasticsearch.index.engine.lucene.iw]  [index][1] TEST-InternalEngineTests.testIndexWriterInfoStream-seed#[E3B47AB8E36E9209] IW: startCommit(): start
[2016-03-30 22:56:46,682][TRACE][org.elasticsearch.index.engine.lucene.iw]  [index][1] TEST-InternalEngineTests.testIndexWriterInfoStream-seed#[E3B47AB8E36E9209] IW: startCommit index=_0(5.4.0):C1 _1(5.4.0):C1 changeCount=11
[2016-03-30 22:56:46,685][TRACE][org.elasticsearch.index.engine.lucene.iw]  [index][1] TEST-InternalEngineTests.testIndexWriterInfoStream-seed#[E3B47AB8E36E9209] IW: startCommit: wrote pending segments file "pending_segments_3"
[2016-03-30 22:56:46,686][TRACE][org.elasticsearch.index.engine.lucene.iw]  [index][1] TEST-InternalEngineTests.testIndexWriterInfoStream-seed#[E3B47AB8E36E9209] IW: done all syncs: [_0.si, _1.si, _1.nvd, _0.nvd, _0.fdx, _1.nvm, _1.fnm, _0.fdt, _0_Asserting_0.dvd, _1_Asserting_0.dvm, _1_Asserting_0.tip, _1_Asserting_0.doc, _1_Asserting_0.tim, _0_Asserting_0.pos, _1_Asserting_0.dvd, _1_Asserting_0.pos, _0_Asserting_0.doc, _0_Asserting_0.tim, _1.fdx, _0_Asserting_0.dvm, _0_Asserting_0.tip, _0.nvm, _0.fnm, _1.fdt]
[2016-03-30 22:56:46,686][TRACE][org.elasticsearch.index.engine.lucene.iw]  [index][1] TEST-InternalEngineTests.testIndexWriterInfoStream-seed#[E3B47AB8E36E9209] IW: commit: pendingCommit != null
[2016-03-30 22:56:46,686][TRACE][org.elasticsearch.index.engine.lucene.iw]  [index][1] TEST-InternalEngineTests.testIndexWriterInfoStream-seed#[E3B47AB8E36E9209] IW: commit: done writing segments file "segments_3"
[2016-03-30 22:56:46,686][TRACE][org.elasticsearch.index.engine.lucene.iw.ifd]  [index][1] TEST-InternalEngineTests.testIndexWriterInfoStream-seed#[E3B47AB8E36E9209] IFD: now checkpoint "_0(5.4.0):C1 _1(5.4.0):C1" [2 segments ; isCommit = true]
[2016-03-30 22:56:46,686][TRACE][org.elasticsearch.index.engine.lucene.iw.ifd]  [index][1] TEST-InternalEngineTests.testIndexWriterInfoStream-seed#[E3B47AB8E36E9209] IFD: deleteCommits: now decRef commit "segments_2"
[2016-03-30 22:56:46,687][TRACE][org.elasticsearch.index.engine.lucene.iw.ifd]  [index][1] TEST-InternalEngineTests.testIndexWriterInfoStream-seed#[E3B47AB8E36E9209] IFD: delete "segments_2"
[2016-03-30 22:56:46,687][TRACE][org.elasticsearch.index.store.deletes] [index][1] StoreDirectory.deleteFile: delete file segments_2
[2016-03-30 22:56:46,688][TRACE][org.elasticsearch.index.engine.lucene.iw.ifd]  [index][1] TEST-InternalEngineTests.testIndexWriterInfoStream-seed#[E3B47AB8E36E9209] IFD: 1 msec to checkpoint
[2016-03-30 22:56:46,688][TRACE][org.elasticsearch.index.engine.lucene.iw]  [index][1] TEST-InternalEngineTests.testIndexWriterInfoStream-seed#[E3B47AB8E36E9209] IW: commit: took 39.7 msec
[2016-03-30 22:56:46,688][TRACE][org.elasticsearch.index.engine.lucene.iw]  [index][1] TEST-InternalEngineTests.testIndexWriterInfoStream-seed#[E3B47AB8E36E9209] IW: commit: done
[2016-03-30 22:56:46,688][TRACE][org.elasticsearch.index.engine]  [index][1] finished commit for flush
[2016-03-30 22:56:46,688][TRACE][org.elasticsearch.index.engine.lucene.iw]  [index][1] TEST-InternalEngineTests.testIndexWriterInfoStream-seed#[E3B47AB8E36E9209] IW: nrtIsCurrent: infoVersion matches: false; DW changes: false; BD changes: false
[2016-03-30 22:56:46,689][TRACE][org.elasticsearch.index.engine.lucene.iw]  [index][1] TEST-InternalEngineTests.testIndexWriterInfoStream-seed#[E3B47AB8E36E9209] IW: flush at getReader
[2016-03-30 22:56:46,689][TRACE][org.elasticsearch.index.engine.lucene.iw]  [index][1] TEST-InternalEngineTests.testIndexWriterInfoStream-seed#[E3B47AB8E36E9209] DW: startFullFlush
[2016-03-30 22:56:46,689][TRACE][org.elasticsearch.index.engine.lucene.iw]  [index][1] TEST-InternalEngineTests.testIndexWriterInfoStream-seed#[E3B47AB8E36E9209] IW: apply all deletes during flush
[2016-03-30 22:56:46,689][TRACE][org.elasticsearch.index.engine.lucene.iw]  [index][1] TEST-InternalEngineTests.testIndexWriterInfoStream-seed#[E3B47AB8E36E9209] IW: now apply all deletes for all segments maxDoc=2
[2016-03-30 22:56:46,689][TRACE][org.elasticsearch.index.engine.lucene.iw]  [index][1] TEST-InternalEngineTests.testIndexWriterInfoStream-seed#[E3B47AB8E36E9209] BD: applyDeletes: open segment readers took 0 msec
[2016-03-30 22:56:46,689][TRACE][org.elasticsearch.index.engine.lucene.iw]  [index][1] TEST-InternalEngineTests.testIndexWriterInfoStream-seed#[E3B47AB8E36E9209] BD: applyDeletes: no segments; skipping
[2016-03-30 22:56:46,689][TRACE][org.elasticsearch.index.engine.lucene.iw]  [index][1] TEST-InternalEngineTests.testIndexWriterInfoStream-seed#[E3B47AB8E36E9209] BD: prune sis=segments_3: _0(5.4.0):C1 _1(5.4.0):C1 minGen=3 packetCount=0
[2016-03-30 22:56:46,694][TRACE][org.elasticsearch.index.engine.lucene.iw]  [index][1] TEST-InternalEngineTests.testIndexWriterInfoStream-seed#[E3B47AB8E36E9209] IW: incRefDeleter for NRT reader version=11 segments=_0(5.4.0):C1 _1(5.4.0):C1
[2016-03-30 22:56:46,695][TRACE][org.elasticsearch.index.engine.lucene.iw]  [index][1] TEST-InternalEngineTests.testIndexWriterInfoStream-seed#[E3B47AB8E36E9209] IW: return reader version=11 reader=StandardDirectoryReader(segments_3:11:nrt _0(5.4.0):C1 _1(5.4.0):C1)
[2016-03-30 22:56:46,695][TRACE][org.elasticsearch.index.engine.lucene.iw]  [index][1] TEST-InternalEngineTests.testIndexWriterInfoStream-seed#[E3B47AB8E36E9209] DW: TEST-InternalEngineTests.testIndexWriterInfoStream-seed#[E3B47AB8E36E9209] finishFullFlush success=true
[2016-03-30 22:56:46,695][TRACE][org.elasticsearch.index.engine.lucene.iw]  [index][1] TEST-InternalEngineTests.testIndexWriterInfoStream-seed#[E3B47AB8E36E9209] IW: getReader took 6 msec
[2016-03-30 22:56:46,695][TRACE][org.elasticsearch.index.engine.lucene.iw]  [index][1] TEST-InternalEngineTests.testIndexWriterInfoStream-seed#[E3B47AB8E36E9209] IW: decRefDeleter for NRT reader version=7 segments=_0(5.4.0):C1
[2016-03-30 22:56:46,696][TRACE][org.elasticsearch.index.translog]  [index][1] delete translog file - not referenced and not current anymore /Users/brijeshs/Documents/elasticsearch_sort_netbeans/elasticsearch/core/build/testrun/test/J3/temp/org.elasticsearch.index.engine.InternalEngineTests_E3B47AB8E36E9209-001/translog-primary-019/translog-2.tlog
[2016-03-30 22:56:55,317][TRACE][org.elasticsearch.index.engine.lucene.iw.ifd]  [index][1] TEST-InternalEngineTests.testIndexWriterIFDInfoStream-seed#[E3B47AB8E36E9209] IFD: now checkpoint "_0(5.4.0):c1 _1(5.4.0):c1" [2 segments ; isCommit = false]
[2016-03-30 22:56:55,317][TRACE][org.elasticsearch.index.engine.lucene.iw.ifd]  [index][1] TEST-InternalEngineTests.testIndexWriterIFDInfoStream-seed#[E3B47AB8E36E9209] IFD: 0 msec to checkpoint
[2016-03-30 22:56:55,317][TRACE][org.elasticsearch.index.engine.lucene.iw.ifd]  [index][1] TEST-InternalEngineTests.testIndexWriterIFDInfoStream-seed#[E3B47AB8E36E9209] IFD: will delete new file "_1_Asserting_0.dvm"
[2016-03-30 22:56:55,317][TRACE][org.elasticsearch.index.engine.lucene.iw.ifd]  [index][1] TEST-InternalEngineTests.testIndexWriterIFDInfoStream-seed#[E3B47AB8E36E9209] IFD: will delete new file "_1_Asserting_0.tip"
[2016-03-30 22:56:55,317][TRACE][org.elasticsearch.index.engine.lucene.iw.ifd]  [index][1] TEST-InternalEngineTests.testIndexWriterIFDInfoStream-seed#[E3B47AB8E36E9209] IFD: will delete new file "_1.nvd"
[2016-03-30 22:56:55,318][TRACE][org.elasticsearch.index.engine.lucene.iw.ifd]  [index][1] TEST-InternalEngineTests.testIndexWriterIFDInfoStream-seed#[E3B47AB8E36E9209] IFD: will delete new file "_1_Asserting_0.doc"
[2016-03-30 22:56:55,318][TRACE][org.elasticsearch.index.engine.lucene.iw.ifd]  [index][1] TEST-InternalEngineTests.testIndexWriterIFDInfoStream-seed#[E3B47AB8E36E9209] IFD: will delete new file "_1_Asserting_0.tim"
[2016-03-30 22:56:55,318][TRACE][org.elasticsearch.index.engine.lucene.iw.ifd]  [index][1] TEST-InternalEngineTests.testIndexWriterIFDInfoStream-seed#[E3B47AB8E36E9209] IFD: will delete new file "_1_Asserting_0.dvd"
[2016-03-30 22:56:55,318][TRACE][org.elasticsearch.index.engine.lucene.iw.ifd]  [index][1] TEST-InternalEngineTests.testIndexWriterIFDInfoStream-seed#[E3B47AB8E36E9209] IFD: will delete new file "_1_Asserting_0.pos"
[2016-03-30 22:56:55,318][TRACE][org.elasticsearch.index.engine.lucene.iw.ifd]  [index][1] TEST-InternalEngineTests.testIndexWriterIFDInfoStream-seed#[E3B47AB8E36E9209] IFD: will delete new file "_1.fdx"
[2016-03-30 22:56:55,318][TRACE][org.elasticsearch.index.engine.lucene.iw.ifd]  [index][1] TEST-InternalEngineTests.testIndexWriterIFDInfoStream-seed#[E3B47AB8E36E9209] IFD: will delete new file "_1.nvm"
[2016-03-30 22:56:55,318][TRACE][org.elasticsearch.index.engine.lucene.iw.ifd]  [index][1] TEST-InternalEngineTests.testIndexWriterIFDInfoStream-seed#[E3B47AB8E36E9209] IFD: will delete new file "_1.fnm"
[2016-03-30 22:56:55,318][TRACE][org.elasticsearch.index.engine.lucene.iw.ifd]  [index][1] TEST-InternalEngineTests.testIndexWriterIFDInfoStream-seed#[E3B47AB8E36E9209] IFD: will delete new file "_1.fdt"
[2016-03-30 22:56:55,318][TRACE][org.elasticsearch.index.engine.lucene.iw.ifd]  [index][1] TEST-InternalEngineTests.testIndexWriterIFDInfoStream-seed#[E3B47AB8E36E9209] IFD: delete "_1_Asserting_0.dvm"
[2016-03-30 22:56:55,320][TRACE][org.elasticsearch.index.engine.lucene.iw.ifd]  [index][1] TEST-InternalEngineTests.testIndexWriterIFDInfoStream-seed#[E3B47AB8E36E9209] IFD: delete "_1_Asserting_0.tip"
[2016-03-30 22:56:55,321][TRACE][org.elasticsearch.index.engine.lucene.iw.ifd]  [index][1] TEST-InternalEngineTests.testIndexWriterIFDInfoStream-seed#[E3B47AB8E36E9209] IFD: delete "_1.nvd"
[2016-03-30 22:56:55,322][TRACE][org.elasticsearch.index.engine.lucene.iw.ifd]  [index][1] TEST-InternalEngineTests.testIndexWriterIFDInfoStream-seed#[E3B47AB8E36E9209] IFD: delete "_1_Asserting_0.doc"
[2016-03-30 22:56:55,322][TRACE][org.elasticsearch.index.engine.lucene.iw.ifd]  [index][1] TEST-InternalEngineTests.testIndexWriterIFDInfoStream-seed#[E3B47AB8E36E9209] IFD: unable to remove file "_1_Asserting_0.doc": java.io.IOException: cannot delete file: _1_Asserting_0.doc, a virus scanner has it open; Will re-try later.
[2016-03-30 22:56:55,323][TRACE][org.elasticsearch.index.engine.lucene.iw.ifd]  [index][1] TEST-InternalEngineTests.testIndexWriterIFDInfoStream-seed#[E3B47AB8E36E9209] IFD: delete "_1_Asserting_0.tim"
[2016-03-30 22:56:55,334][TRACE][org.elasticsearch.index.engine.lucene.iw.ifd]  [index][1] TEST-InternalEngineTests.testIndexWriterIFDInfoStream-seed#[E3B47AB8E36E9209] IFD: delete "_1_Asserting_0.dvd"
[2016-03-30 22:56:55,335][TRACE][org.elasticsearch.index.engine.lucene.iw.ifd]  [index][1] TEST-InternalEngineTests.testIndexWriterIFDInfoStream-seed#[E3B47AB8E36E9209] IFD: delete "_1_Asserting_0.pos"
[2016-03-30 22:56:55,336][TRACE][org.elasticsearch.index.engine.lucene.iw.ifd]  [index][1] TEST-InternalEngineTests.testIndexWriterIFDInfoStream-seed#[E3B47AB8E36E9209] IFD: delete "_1.fdx"
[2016-03-30 22:56:55,336][TRACE][org.elasticsearch.index.engine.lucene.iw.ifd]  [index][1] TEST-InternalEngineTests.testIndexWriterIFDInfoStream-seed#[E3B47AB8E36E9209] IFD: delete "_1.nvm"
[2016-03-30 22:56:55,357][TRACE][org.elasticsearch.index.engine.lucene.iw.ifd]  [index][1] TEST-InternalEngineTests.testIndexWriterIFDInfoStream-seed#[E3B47AB8E36E9209] IFD: delete "_1.fnm"
[2016-03-30 22:56:55,368][TRACE][org.elasticsearch.index.engine.lucene.iw.ifd]  [index][1] TEST-InternalEngineTests.testIndexWriterIFDInfoStream-seed#[E3B47AB8E36E9209] IFD: unable to remove file "_1.fnm": java.io.IOException: cannot delete file: _1.fnm, a virus scanner has it open; Will re-try later.
[2016-03-30 22:56:55,368][TRACE][org.elasticsearch.index.engine.lucene.iw.ifd]  [index][1] TEST-InternalEngineTests.testIndexWriterIFDInfoStream-seed#[E3B47AB8E36E9209] IFD: delete "_1.fdt"
[2016-03-30 22:56:55,430][TRACE][org.elasticsearch.index.engine.lucene.iw.ifd]  [index][1] TEST-InternalEngineTests.testIndexWriterIFDInfoStream-seed#[E3B47AB8E36E9209] IFD: now checkpoint "_0(5.4.0):c1 _1(5.4.0):c1" [2 segments ; isCommit = true]
[2016-03-30 22:56:55,430][TRACE][org.elasticsearch.index.engine.lucene.iw.ifd]  [index][1] TEST-InternalEngineTests.testIndexWriterIFDInfoStream-seed#[E3B47AB8E36E9209] IFD: deleteCommits: now decRef commit "segments_2"
[2016-03-30 22:56:55,431][TRACE][org.elasticsearch.index.engine.lucene.iw.ifd]  [index][1] TEST-InternalEngineTests.testIndexWriterIFDInfoStream-seed#[E3B47AB8E36E9209] IFD: delete "segments_2"
[2016-03-30 22:56:55,433][TRACE][org.elasticsearch.index.engine.lucene.iw.ifd]  [index][1] TEST-InternalEngineTests.testIndexWriterIFDInfoStream-seed#[E3B47AB8E36E9209] IFD: delete "_1_Asserting_0.doc"
[2016-03-30 22:56:55,436][TRACE][org.elasticsearch.index.engine.lucene.iw.ifd]  [index][1] TEST-InternalEngineTests.testIndexWriterIFDInfoStream-seed#[E3B47AB8E36E9209] IFD: delete "_1.fnm"
[2016-03-30 22:56:55,436][TRACE][org.elasticsearch.index.engine.lucene.iw.ifd]  [index][1] TEST-InternalEngineTests.testIndexWriterIFDInfoStream-seed#[E3B47AB8E36E9209] IFD: 6 msec to checkpoint
[2016-03-30 22:56:55,982][WARN ][org.elasticsearch.index.engine]  [index][1] failed engine [lucene commit failed]
java.io.IOException: a random IOException (pending_segments_1)
	at org.apache.lucene.store.MockDirectoryWrapper.maybeThrowIOException(MockDirectoryWrapper.java:445)
	at org.apache.lucene.store.MockIndexOutputWrapper.writeBytes(MockIndexOutputWrapper.java:151)
	at org.apache.lucene.store.MockIndexOutputWrapper.writeByte(MockIndexOutputWrapper.java:127)
	at org.apache.lucene.store.DataOutput.writeInt(DataOutput.java:70)
	at org.apache.lucene.codecs.CodecUtil.writeHeader(CodecUtil.java:91)
	at org.apache.lucene.codecs.CodecUtil.writeIndexHeader(CodecUtil.java:134)
	at org.apache.lucene.index.SegmentInfos.write(SegmentInfos.java:517)
	at org.apache.lucene.index.SegmentInfos.prepareCommit(SegmentInfos.java:809)
	at org.apache.lucene.index.IndexWriter.startCommit(IndexWriter.java:4418)
	at org.apache.lucene.index.IndexWriter.prepareCommitInternal(IndexWriter.java:2860)
	at org.apache.lucene.index.IndexWriter.commitInternal(IndexWriter.java:2963)
	at org.apache.lucene.index.IndexWriter.commit(IndexWriter.java:2930)
	at org.elasticsearch.index.engine.InternalEngine.commitIndexWriter(InternalEngine.java:1138)
	at org.elasticsearch.index.engine.InternalEngine.commitIndexWriter(InternalEngine.java:1146)
	at org.elasticsearch.index.engine.InternalEngine.openTranslog(InternalEngine.java:195)
	at org.elasticsearch.index.engine.InternalEngine.<init>(InternalEngine.java:130)
	at org.elasticsearch.index.engine.InternalEngineTests.createEngine(InternalEngineTests.java:237)
	at org.elasticsearch.index.engine.InternalEngineTests.createEngine(InternalEngineTests.java:233)
	at org.elasticsearch.index.engine.InternalEngineTests.testFailStart(InternalEngineTests.java:1532)
	at sun.reflect.NativeMethodAccessorImpl.invoke0(Native Method)
	at sun.reflect.NativeMethodAccessorImpl.invoke(NativeMethodAccessorImpl.java:62)
	at sun.reflect.DelegatingMethodAccessorImpl.invoke(DelegatingMethodAccessorImpl.java:43)
	at java.lang.reflect.Method.invoke(Method.java:497)
	at com.carrotsearch.randomizedtesting.RandomizedRunner.invoke(RandomizedRunner.java:1660)
	at com.carrotsearch.randomizedtesting.RandomizedRunner$8.evaluate(RandomizedRunner.java:866)
	at com.carrotsearch.randomizedtesting.RandomizedRunner$9.evaluate(RandomizedRunner.java:902)
	at com.carrotsearch.randomizedtesting.RandomizedRunner$10.evaluate(RandomizedRunner.java:916)
	at com.carrotsearch.randomizedtesting.rules.StatementAdapter.evaluate(StatementAdapter.java:36)
	at org.apache.lucene.util.TestRuleSetupTeardownChained$1.evaluate(TestRuleSetupTeardownChained.java:50)
	at org.apache.lucene.util.AbstractBeforeAfterRule$1.evaluate(AbstractBeforeAfterRule.java:46)
	at org.apache.lucene.util.TestRuleThreadAndTestName$1.evaluate(TestRuleThreadAndTestName.java:49)
	at org.apache.lucene.util.TestRuleIgnoreAfterMaxFailures$1.evaluate(TestRuleIgnoreAfterMaxFailures.java:65)
	at org.apache.lucene.util.TestRuleMarkFailure$1.evaluate(TestRuleMarkFailure.java:48)
	at com.carrotsearch.randomizedtesting.rules.StatementAdapter.evaluate(StatementAdapter.java:36)
	at com.carrotsearch.randomizedtesting.ThreadLeakControl$StatementRunner.run(ThreadLeakControl.java:367)
	at com.carrotsearch.randomizedtesting.ThreadLeakControl.forkTimeoutingTask(ThreadLeakControl.java:809)
	at com.carrotsearch.randomizedtesting.ThreadLeakControl$3.evaluate(ThreadLeakControl.java:460)
	at com.carrotsearch.randomizedtesting.RandomizedRunner.runSingleTest(RandomizedRunner.java:875)
	at com.carrotsearch.randomizedtesting.RandomizedRunner$5.evaluate(RandomizedRunner.java:777)
	at com.carrotsearch.randomizedtesting.RandomizedRunner$6.evaluate(RandomizedRunner.java:811)
	at com.carrotsearch.randomizedtesting.RandomizedRunner$7.evaluate(RandomizedRunner.java:822)
	at org.apache.lucene.util.AbstractBeforeAfterRule$1.evaluate(AbstractBeforeAfterRule.java:46)
	at com.carrotsearch.randomizedtesting.rules.StatementAdapter.evaluate(StatementAdapter.java:36)
	at org.apache.lucene.util.TestRuleStoreClassName$1.evaluate(TestRuleStoreClassName.java:42)
	at com.carrotsearch.randomizedtesting.rules.NoShadowingOrOverridesOnMethodsRule$1.evaluate(NoShadowingOrOverridesOnMethodsRule.java:40)
	at com.carrotsearch.randomizedtesting.rules.NoShadowingOrOverridesOnMethodsRule$1.evaluate(NoShadowingOrOverridesOnMethodsRule.java:40)
	at com.carrotsearch.randomizedtesting.rules.StatementAdapter.evaluate(StatementAdapter.java:36)
	at com.carrotsearch.randomizedtesting.rules.StatementAdapter.evaluate(StatementAdapter.java:36)
	at com.carrotsearch.randomizedtesting.rules.StatementAdapter.evaluate(StatementAdapter.java:36)
	at org.apache.lucene.util.TestRuleAssertionsRequired$1.evaluate(TestRuleAssertionsRequired.java:54)
	at org.apache.lucene.util.TestRuleMarkFailure$1.evaluate(TestRuleMarkFailure.java:48)
	at org.apache.lucene.util.TestRuleIgnoreAfterMaxFailures$1.evaluate(TestRuleIgnoreAfterMaxFailures.java:65)
	at org.apache.lucene.util.TestRuleIgnoreTestSuites$1.evaluate(TestRuleIgnoreTestSuites.java:55)
	at com.carrotsearch.randomizedtesting.rules.StatementAdapter.evaluate(StatementAdapter.java:36)
	at com.carrotsearch.randomizedtesting.ThreadLeakControl$StatementRunner.run(ThreadLeakControl.java:367)
	at java.lang.Thread.run(Thread.java:745)
[2016-03-30 22:56:56,032][WARN ][org.elasticsearch.index.engine]  [index][1] failed engine [lucene commit failed]
java.io.IOException: a random IOException (pending_segments_1)
	at org.apache.lucene.store.MockDirectoryWrapper.maybeThrowIOException(MockDirectoryWrapper.java:445)
	at org.apache.lucene.store.MockIndexOutputWrapper.writeBytes(MockIndexOutputWrapper.java:151)
	at org.apache.lucene.store.MockIndexOutputWrapper.writeByte(MockIndexOutputWrapper.java:127)
	at org.apache.lucene.store.DataOutput.writeInt(DataOutput.java:70)
	at org.apache.lucene.codecs.CodecUtil.writeHeader(CodecUtil.java:91)
	at org.apache.lucene.codecs.CodecUtil.writeIndexHeader(CodecUtil.java:134)
	at org.apache.lucene.index.SegmentInfos.write(SegmentInfos.java:517)
	at org.apache.lucene.index.SegmentInfos.prepareCommit(SegmentInfos.java:809)
	at org.apache.lucene.index.IndexWriter.startCommit(IndexWriter.java:4418)
	at org.apache.lucene.index.IndexWriter.prepareCommitInternal(IndexWriter.java:2860)
	at org.apache.lucene.index.IndexWriter.commitInternal(IndexWriter.java:2963)
	at org.apache.lucene.index.IndexWriter.commit(IndexWriter.java:2930)
	at org.elasticsearch.index.engine.InternalEngine.commitIndexWriter(InternalEngine.java:1138)
	at org.elasticsearch.index.engine.InternalEngine.commitIndexWriter(InternalEngine.java:1146)
	at org.elasticsearch.index.engine.InternalEngine.openTranslog(InternalEngine.java:195)
	at org.elasticsearch.index.engine.InternalEngine.<init>(InternalEngine.java:130)
	at org.elasticsearch.index.engine.InternalEngineTests.createEngine(InternalEngineTests.java:237)
	at org.elasticsearch.index.engine.InternalEngineTests.createEngine(InternalEngineTests.java:233)
	at org.elasticsearch.index.engine.InternalEngineTests.testFailStart(InternalEngineTests.java:1532)
	at sun.reflect.NativeMethodAccessorImpl.invoke0(Native Method)
	at sun.reflect.NativeMethodAccessorImpl.invoke(NativeMethodAccessorImpl.java:62)
	at sun.reflect.DelegatingMethodAccessorImpl.invoke(DelegatingMethodAccessorImpl.java:43)
	at java.lang.reflect.Method.invoke(Method.java:497)
	at com.carrotsearch.randomizedtesting.RandomizedRunner.invoke(RandomizedRunner.java:1660)
	at com.carrotsearch.randomizedtesting.RandomizedRunner$8.evaluate(RandomizedRunner.java:866)
	at com.carrotsearch.randomizedtesting.RandomizedRunner$9.evaluate(RandomizedRunner.java:902)
	at com.carrotsearch.randomizedtesting.RandomizedRunner$10.evaluate(RandomizedRunner.java:916)
	at com.carrotsearch.randomizedtesting.rules.StatementAdapter.evaluate(StatementAdapter.java:36)
	at org.apache.lucene.util.TestRuleSetupTeardownChained$1.evaluate(TestRuleSetupTeardownChained.java:50)
	at org.apache.lucene.util.AbstractBeforeAfterRule$1.evaluate(AbstractBeforeAfterRule.java:46)
	at org.apache.lucene.util.TestRuleThreadAndTestName$1.evaluate(TestRuleThreadAndTestName.java:49)
	at org.apache.lucene.util.TestRuleIgnoreAfterMaxFailures$1.evaluate(TestRuleIgnoreAfterMaxFailures.java:65)
	at org.apache.lucene.util.TestRuleMarkFailure$1.evaluate(TestRuleMarkFailure.java:48)
	at com.carrotsearch.randomizedtesting.rules.StatementAdapter.evaluate(StatementAdapter.java:36)
	at com.carrotsearch.randomizedtesting.ThreadLeakControl$StatementRunner.run(ThreadLeakControl.java:367)
	at com.carrotsearch.randomizedtesting.ThreadLeakControl.forkTimeoutingTask(ThreadLeakControl.java:809)
	at com.carrotsearch.randomizedtesting.ThreadLeakControl$3.evaluate(ThreadLeakControl.java:460)
	at com.carrotsearch.randomizedtesting.RandomizedRunner.runSingleTest(RandomizedRunner.java:875)
	at com.carrotsearch.randomizedtesting.RandomizedRunner$5.evaluate(RandomizedRunner.java:777)
	at com.carrotsearch.randomizedtesting.RandomizedRunner$6.evaluate(RandomizedRunner.java:811)
	at com.carrotsearch.randomizedtesting.RandomizedRunner$7.evaluate(RandomizedRunner.java:822)
	at org.apache.lucene.util.AbstractBeforeAfterRule$1.evaluate(AbstractBeforeAfterRule.java:46)
	at com.carrotsearch.randomizedtesting.rules.StatementAdapter.evaluate(StatementAdapter.java:36)
	at org.apache.lucene.util.TestRuleStoreClassName$1.evaluate(TestRuleStoreClassName.java:42)
	at com.carrotsearch.randomizedtesting.rules.NoShadowingOrOverridesOnMethodsRule$1.evaluate(NoShadowingOrOverridesOnMethodsRule.java:40)
	at com.carrotsearch.randomizedtesting.rules.NoShadowingOrOverridesOnMethodsRule$1.evaluate(NoShadowingOrOverridesOnMethodsRule.java:40)
	at com.carrotsearch.randomizedtesting.rules.StatementAdapter.evaluate(StatementAdapter.java:36)
	at com.carrotsearch.randomizedtesting.rules.StatementAdapter.evaluate(StatementAdapter.java:36)
	at com.carrotsearch.randomizedtesting.rules.StatementAdapter.evaluate(StatementAdapter.java:36)
	at org.apache.lucene.util.TestRuleAssertionsRequired$1.evaluate(TestRuleAssertionsRequired.java:54)
	at org.apache.lucene.util.TestRuleMarkFailure$1.evaluate(TestRuleMarkFailure.java:48)
	at org.apache.lucene.util.TestRuleIgnoreAfterMaxFailures$1.evaluate(TestRuleIgnoreAfterMaxFailures.java:65)
	at org.apache.lucene.util.TestRuleIgnoreTestSuites$1.evaluate(TestRuleIgnoreTestSuites.java:55)
	at com.carrotsearch.randomizedtesting.rules.StatementAdapter.evaluate(StatementAdapter.java:36)
	at com.carrotsearch.randomizedtesting.ThreadLeakControl$StatementRunner.run(ThreadLeakControl.java:367)
	at java.lang.Thread.run(Thread.java:745)
[2016-03-30 22:56:56,122][WARN ][org.elasticsearch.index.engine]  [index][1] failed engine [lucene commit failed]
java.io.FileNotFoundException: a random IOException (pending_segments_1)
	at org.apache.lucene.store.MockDirectoryWrapper.maybeThrowIOExceptionOnOpen(MockDirectoryWrapper.java:458)
	at org.apache.lucene.store.MockDirectoryWrapper.createOutput(MockDirectoryWrapper.java:548)
	at org.apache.lucene.store.FilterDirectory.createOutput(FilterDirectory.java:73)
	at org.apache.lucene.store.LockValidatingDirectoryWrapper.createOutput(LockValidatingDirectoryWrapper.java:44)
	at org.apache.lucene.index.SegmentInfos.write(SegmentInfos.java:516)
	at org.apache.lucene.index.SegmentInfos.prepareCommit(SegmentInfos.java:809)
	at org.apache.lucene.index.IndexWriter.startCommit(IndexWriter.java:4418)
	at org.apache.lucene.index.IndexWriter.prepareCommitInternal(IndexWriter.java:2860)
	at org.apache.lucene.index.IndexWriter.commitInternal(IndexWriter.java:2963)
	at org.apache.lucene.index.IndexWriter.commit(IndexWriter.java:2930)
	at org.elasticsearch.index.engine.InternalEngine.commitIndexWriter(InternalEngine.java:1138)
	at org.elasticsearch.index.engine.InternalEngine.commitIndexWriter(InternalEngine.java:1146)
	at org.elasticsearch.index.engine.InternalEngine.openTranslog(InternalEngine.java:195)
	at org.elasticsearch.index.engine.InternalEngine.<init>(InternalEngine.java:130)
	at org.elasticsearch.index.engine.InternalEngineTests.createEngine(InternalEngineTests.java:237)
	at org.elasticsearch.index.engine.InternalEngineTests.createEngine(InternalEngineTests.java:233)
	at org.elasticsearch.index.engine.InternalEngineTests.testFailStart(InternalEngineTests.java:1532)
	at sun.reflect.NativeMethodAccessorImpl.invoke0(Native Method)
	at sun.reflect.NativeMethodAccessorImpl.invoke(NativeMethodAccessorImpl.java:62)
	at sun.reflect.DelegatingMethodAccessorImpl.invoke(DelegatingMethodAccessorImpl.java:43)
	at java.lang.reflect.Method.invoke(Method.java:497)
	at com.carrotsearch.randomizedtesting.RandomizedRunner.invoke(RandomizedRunner.java:1660)
	at com.carrotsearch.randomizedtesting.RandomizedRunner$8.evaluate(RandomizedRunner.java:866)
	at com.carrotsearch.randomizedtesting.RandomizedRunner$9.evaluate(RandomizedRunner.java:902)
	at com.carrotsearch.randomizedtesting.RandomizedRunner$10.evaluate(RandomizedRunner.java:916)
	at com.carrotsearch.randomizedtesting.rules.StatementAdapter.evaluate(StatementAdapter.java:36)
	at org.apache.lucene.util.TestRuleSetupTeardownChained$1.evaluate(TestRuleSetupTeardownChained.java:50)
	at org.apache.lucene.util.AbstractBeforeAfterRule$1.evaluate(AbstractBeforeAfterRule.java:46)
	at org.apache.lucene.util.TestRuleThreadAndTestName$1.evaluate(TestRuleThreadAndTestName.java:49)
	at org.apache.lucene.util.TestRuleIgnoreAfterMaxFailures$1.evaluate(TestRuleIgnoreAfterMaxFailures.java:65)
	at org.apache.lucene.util.TestRuleMarkFailure$1.evaluate(TestRuleMarkFailure.java:48)
	at com.carrotsearch.randomizedtesting.rules.StatementAdapter.evaluate(StatementAdapter.java:36)
	at com.carrotsearch.randomizedtesting.ThreadLeakControl$StatementRunner.run(ThreadLeakControl.java:367)
	at com.carrotsearch.randomizedtesting.ThreadLeakControl.forkTimeoutingTask(ThreadLeakControl.java:809)
	at com.carrotsearch.randomizedtesting.ThreadLeakControl$3.evaluate(ThreadLeakControl.java:460)
	at com.carrotsearch.randomizedtesting.RandomizedRunner.runSingleTest(RandomizedRunner.java:875)
	at com.carrotsearch.randomizedtesting.RandomizedRunner$5.evaluate(RandomizedRunner.java:777)
	at com.carrotsearch.randomizedtesting.RandomizedRunner$6.evaluate(RandomizedRunner.java:811)
	at com.carrotsearch.randomizedtesting.RandomizedRunner$7.evaluate(RandomizedRunner.java:822)
	at org.apache.lucene.util.AbstractBeforeAfterRule$1.evaluate(AbstractBeforeAfterRule.java:46)
	at com.carrotsearch.randomizedtesting.rules.StatementAdapter.evaluate(StatementAdapter.java:36)
	at org.apache.lucene.util.TestRuleStoreClassName$1.evaluate(TestRuleStoreClassName.java:42)
	at com.carrotsearch.randomizedtesting.rules.NoShadowingOrOverridesOnMethodsRule$1.evaluate(NoShadowingOrOverridesOnMethodsRule.java:40)
	at com.carrotsearch.randomizedtesting.rules.NoShadowingOrOverridesOnMethodsRule$1.evaluate(NoShadowingOrOverridesOnMethodsRule.java:40)
	at com.carrotsearch.randomizedtesting.rules.StatementAdapter.evaluate(StatementAdapter.java:36)
	at com.carrotsearch.randomizedtesting.rules.StatementAdapter.evaluate(StatementAdapter.java:36)
	at com.carrotsearch.randomizedtesting.rules.StatementAdapter.evaluate(StatementAdapter.java:36)
	at org.apache.lucene.util.TestRuleAssertionsRequired$1.evaluate(TestRuleAssertionsRequired.java:54)
	at org.apache.lucene.util.TestRuleMarkFailure$1.evaluate(TestRuleMarkFailure.java:48)
	at org.apache.lucene.util.TestRuleIgnoreAfterMaxFailures$1.evaluate(TestRuleIgnoreAfterMaxFailures.java:65)
	at org.apache.lucene.util.TestRuleIgnoreTestSuites$1.evaluate(TestRuleIgnoreTestSuites.java:55)
	at com.carrotsearch.randomizedtesting.rules.StatementAdapter.evaluate(StatementAdapter.java:36)
	at com.carrotsearch.randomizedtesting.ThreadLeakControl$StatementRunner.run(ThreadLeakControl.java:367)
	at java.lang.Thread.run(Thread.java:745)
[2016-03-30 22:56:56,189][WARN ][org.elasticsearch.index.engine]  [index][1] failed engine [lucene commit failed]
java.io.IOException: a random IOException (pending_segments_1)
	at org.apache.lucene.store.MockDirectoryWrapper.maybeThrowIOException(MockDirectoryWrapper.java:445)
	at org.apache.lucene.store.MockIndexOutputWrapper.writeBytes(MockIndexOutputWrapper.java:151)
	at org.apache.lucene.store.MockIndexOutputWrapper.writeByte(MockIndexOutputWrapper.java:127)
	at org.apache.lucene.store.DataOutput.writeInt(DataOutput.java:70)
	at org.apache.lucene.codecs.CodecUtil.writeHeader(CodecUtil.java:91)
	at org.apache.lucene.codecs.CodecUtil.writeIndexHeader(CodecUtil.java:134)
	at org.apache.lucene.index.SegmentInfos.write(SegmentInfos.java:517)
	at org.apache.lucene.index.SegmentInfos.prepareCommit(SegmentInfos.java:809)
	at org.apache.lucene.index.IndexWriter.startCommit(IndexWriter.java:4418)
	at org.apache.lucene.index.IndexWriter.prepareCommitInternal(IndexWriter.java:2860)
	at org.apache.lucene.index.IndexWriter.commitInternal(IndexWriter.java:2963)
	at org.apache.lucene.index.IndexWriter.commit(IndexWriter.java:2930)
	at org.elasticsearch.index.engine.InternalEngine.commitIndexWriter(InternalEngine.java:1138)
	at org.elasticsearch.index.engine.InternalEngine.commitIndexWriter(InternalEngine.java:1146)
	at org.elasticsearch.index.engine.InternalEngine.openTranslog(InternalEngine.java:195)
	at org.elasticsearch.index.engine.InternalEngine.<init>(InternalEngine.java:130)
	at org.elasticsearch.index.engine.InternalEngineTests.createEngine(InternalEngineTests.java:237)
	at org.elasticsearch.index.engine.InternalEngineTests.createEngine(InternalEngineTests.java:233)
	at org.elasticsearch.index.engine.InternalEngineTests.testFailStart(InternalEngineTests.java:1532)
	at sun.reflect.NativeMethodAccessorImpl.invoke0(Native Method)
	at sun.reflect.NativeMethodAccessorImpl.invoke(NativeMethodAccessorImpl.java:62)
	at sun.reflect.DelegatingMethodAccessorImpl.invoke(DelegatingMethodAccessorImpl.java:43)
	at java.lang.reflect.Method.invoke(Method.java:497)
	at com.carrotsearch.randomizedtesting.RandomizedRunner.invoke(RandomizedRunner.java:1660)
	at com.carrotsearch.randomizedtesting.RandomizedRunner$8.evaluate(RandomizedRunner.java:866)
	at com.carrotsearch.randomizedtesting.RandomizedRunner$9.evaluate(RandomizedRunner.java:902)
	at com.carrotsearch.randomizedtesting.RandomizedRunner$10.evaluate(RandomizedRunner.java:916)
	at com.carrotsearch.randomizedtesting.rules.StatementAdapter.evaluate(StatementAdapter.java:36)
	at org.apache.lucene.util.TestRuleSetupTeardownChained$1.evaluate(TestRuleSetupTeardownChained.java:50)
	at org.apache.lucene.util.AbstractBeforeAfterRule$1.evaluate(AbstractBeforeAfterRule.java:46)
	at org.apache.lucene.util.TestRuleThreadAndTestName$1.evaluate(TestRuleThreadAndTestName.java:49)
	at org.apache.lucene.util.TestRuleIgnoreAfterMaxFailures$1.evaluate(TestRuleIgnoreAfterMaxFailures.java:65)
	at org.apache.lucene.util.TestRuleMarkFailure$1.evaluate(TestRuleMarkFailure.java:48)
	at com.carrotsearch.randomizedtesting.rules.StatementAdapter.evaluate(StatementAdapter.java:36)
	at com.carrotsearch.randomizedtesting.ThreadLeakControl$StatementRunner.run(ThreadLeakControl.java:367)
	at com.carrotsearch.randomizedtesting.ThreadLeakControl.forkTimeoutingTask(ThreadLeakControl.java:809)
	at com.carrotsearch.randomizedtesting.ThreadLeakControl$3.evaluate(ThreadLeakControl.java:460)
	at com.carrotsearch.randomizedtesting.RandomizedRunner.runSingleTest(RandomizedRunner.java:875)
	at com.carrotsearch.randomizedtesting.RandomizedRunner$5.evaluate(RandomizedRunner.java:777)
	at com.carrotsearch.randomizedtesting.RandomizedRunner$6.evaluate(RandomizedRunner.java:811)
	at com.carrotsearch.randomizedtesting.RandomizedRunner$7.evaluate(RandomizedRunner.java:822)
	at org.apache.lucene.util.AbstractBeforeAfterRule$1.evaluate(AbstractBeforeAfterRule.java:46)
	at com.carrotsearch.randomizedtesting.rules.StatementAdapter.evaluate(StatementAdapter.java:36)
	at org.apache.lucene.util.TestRuleStoreClassName$1.evaluate(TestRuleStoreClassName.java:42)
	at com.carrotsearch.randomizedtesting.rules.NoShadowingOrOverridesOnMethodsRule$1.evaluate(NoShadowingOrOverridesOnMethodsRule.java:40)
	at com.carrotsearch.randomizedtesting.rules.NoShadowingOrOverridesOnMethodsRule$1.evaluate(NoShadowingOrOverridesOnMethodsRule.java:40)
	at com.carrotsearch.randomizedtesting.rules.StatementAdapter.evaluate(StatementAdapter.java:36)
	at com.carrotsearch.randomizedtesting.rules.StatementAdapter.evaluate(StatementAdapter.java:36)
	at com.carrotsearch.randomizedtesting.rules.StatementAdapter.evaluate(StatementAdapter.java:36)
[...]
	at org.elasticsearch.index.engine.InternalEngine.commitIndexWriter(InternalEngine.java:1146)
	at org.elasticsearch.index.engine.InternalEngine.openTranslog(InternalEngine.java:195)
	at org.elasticsearch.index.engine.InternalEngine.<init>(InternalEngine.java:130)
	at org.elasticsearch.index.engine.InternalEngineTests.createEngine(InternalEngineTests.java:237)
	at org.elasticsearch.index.engine.InternalEngineTests.createEngine(InternalEngineTests.java:233)
	at org.elasticsearch.index.engine.InternalEngineTests.testFailStart(InternalEngineTests.java:1532)
	at sun.reflect.NativeMethodAccessorImpl.invoke0(Native Method)
	at sun.reflect.NativeMethodAccessorImpl.invoke(NativeMethodAccessorImpl.java:62)
	at sun.reflect.DelegatingMethodAccessorImpl.invoke(DelegatingMethodAccessorImpl.java:43)
	at java.lang.reflect.Method.invoke(Method.java:497)
	at com.carrotsearch.randomizedtesting.RandomizedRunner.invoke(RandomizedRunner.java:1660)
	at com.carrotsearch.randomizedtesting.RandomizedRunner$8.evaluate(RandomizedRunner.java:866)
	at com.carrotsearch.randomizedtesting.RandomizedRunner$9.evaluate(RandomizedRunner.java:902)
	at com.carrotsearch.randomizedtesting.RandomizedRunner$10.evaluate(RandomizedRunner.java:916)
	at com.carrotsearch.randomizedtesting.rules.StatementAdapter.evaluate(StatementAdapter.java:36)
	at org.apache.lucene.util.TestRuleSetupTeardownChained$1.evaluate(TestRuleSetupTeardownChained.java:50)
	at org.apache.lucene.util.AbstractBeforeAfterRule$1.evaluate(AbstractBeforeAfterRule.java:46)
	at org.apache.lucene.util.TestRuleThreadAndTestName$1.evaluate(TestRuleThreadAndTestName.java:49)
	at org.apache.lucene.util.TestRuleIgnoreAfterMaxFailures$1.evaluate(TestRuleIgnoreAfterMaxFailures.java:65)
	at org.apache.lucene.util.TestRuleMarkFailure$1.evaluate(TestRuleMarkFailure.java:48)
	at com.carrotsearch.randomizedtesting.rules.StatementAdapter.evaluate(StatementAdapter.java:36)
	at com.carrotsearch.randomizedtesting.ThreadLeakControl$StatementRunner.run(ThreadLeakControl.java:367)
	at com.carrotsearch.randomizedtesting.ThreadLeakControl.forkTimeoutingTask(ThreadLeakControl.java:809)
	at com.carrotsearch.randomizedtesting.ThreadLeakControl$3.evaluate(ThreadLeakControl.java:460)
	at com.carrotsearch.randomizedtesting.RandomizedRunner.runSingleTest(RandomizedRunner.java:875)
	at com.carrotsearch.randomizedtesting.RandomizedRunner$5.evaluate(RandomizedRunner.java:777)
	at com.carrotsearch.randomizedtesting.RandomizedRunner$6.evaluate(RandomizedRunner.java:811)
	at com.carrotsearch.randomizedtesting.RandomizedRunner$7.evaluate(RandomizedRunner.java:822)
	at org.apache.lucene.util.AbstractBeforeAfterRule$1.evaluate(AbstractBeforeAfterRule.java:46)
	at com.carrotsearch.randomizedtesting.rules.StatementAdapter.evaluate(StatementAdapter.java:36)
	at org.apache.lucene.util.TestRuleStoreClassName$1.evaluate(TestRuleStoreClassName.java:42)
	at com.carrotsearch.randomizedtesting.rules.NoShadowingOrOverridesOnMethodsRule$1.evaluate(NoShadowingOrOverridesOnMethodsRule.java:40)
	at com.carrotsearch.randomizedtesting.rules.NoShadowingOrOverridesOnMethodsRule$1.evaluate(NoShadowingOrOverridesOnMethodsRule.java:40)
	at com.carrotsearch.randomizedtesting.rules.StatementAdapter.evaluate(StatementAdapter.java:36)
	at com.carrotsearch.randomizedtesting.rules.StatementAdapter.evaluate(StatementAdapter.java:36)
	at com.carrotsearch.randomizedtesting.rules.StatementAdapter.evaluate(StatementAdapter.java:36)
	at org.apache.lucene.util.TestRuleAssertionsRequired$1.evaluate(TestRuleAssertionsRequired.java:54)
	at org.apache.lucene.util.TestRuleMarkFailure$1.evaluate(TestRuleMarkFailure.java:48)
	at org.apache.lucene.util.TestRuleIgnoreAfterMaxFailures$1.evaluate(TestRuleIgnoreAfterMaxFailures.java:65)
	at org.apache.lucene.util.TestRuleIgnoreTestSuites$1.evaluate(TestRuleIgnoreTestSuites.java:55)
	at com.carrotsearch.randomizedtesting.rules.StatementAdapter.evaluate(StatementAdapter.java:36)
	at com.carrotsearch.randomizedtesting.ThreadLeakControl$StatementRunner.run(ThreadLeakControl.java:367)
	at java.lang.Thread.run(Thread.java:745)
[2016-03-30 22:56:57,765][WARN ][org.elasticsearch.index.engine]  [index][1] failed engine [lucene commit failed]
java.io.IOException: a random IOException (pending_segments_1)
	at org.apache.lucene.store.MockDirectoryWrapper.maybeThrowIOException(MockDirectoryWrapper.java:445)
	at org.apache.lucene.store.MockIndexOutputWrapper.writeBytes(MockIndexOutputWrapper.java:151)
	at org.apache.lucene.store.MockIndexOutputWrapper.writeByte(MockIndexOutputWrapper.java:127)
	at org.apache.lucene.store.DataOutput.writeInt(DataOutput.java:70)
	at org.apache.lucene.codecs.CodecUtil.writeHeader(CodecUtil.java:91)
	at org.apache.lucene.codecs.CodecUtil.writeIndexHeader(CodecUtil.java:134)
	at org.apache.lucene.index.SegmentInfos.write(SegmentInfos.java:517)
	at org.apache.lucene.index.SegmentInfos.prepareCommit(SegmentInfos.java:809)
	at org.apache.lucene.index.IndexWriter.startCommit(IndexWriter.java:4418)
	at org.apache.lucene.index.IndexWriter.prepareCommitInternal(IndexWriter.java:2860)
	at org.apache.lucene.index.IndexWriter.commitInternal(IndexWriter.java:2963)
	at org.apache.lucene.index.IndexWriter.commit(IndexWriter.java:2930)
	at org.elasticsearch.index.engine.InternalEngine.commitIndexWriter(InternalEngine.java:1138)
	at org.elasticsearch.index.engine.InternalEngine.commitIndexWriter(InternalEngine.java:1146)
	at org.elasticsearch.index.engine.InternalEngine.openTranslog(InternalEngine.java:195)
	at org.elasticsearch.index.engine.InternalEngine.<init>(InternalEngine.java:130)
	at org.elasticsearch.index.engine.InternalEngineTests.createEngine(InternalEngineTests.java:237)
	at org.elasticsearch.index.engine.InternalEngineTests.createEngine(InternalEngineTests.java:233)
	at org.elasticsearch.index.engine.InternalEngineTests.testFailStart(InternalEngineTests.java:1532)
	at sun.reflect.NativeMethodAccessorImpl.invoke0(Native Method)
	at sun.reflect.NativeMethodAccessorImpl.invoke(NativeMethodAccessorImpl.java:62)
	at sun.reflect.DelegatingMethodAccessorImpl.invoke(DelegatingMethodAccessorImpl.java:43)
	at java.lang.reflect.Method.invoke(Method.java:497)
	at com.carrotsearch.randomizedtesting.RandomizedRunner.invoke(RandomizedRunner.java:1660)
	at com.carrotsearch.randomizedtesting.RandomizedRunner$8.evaluate(RandomizedRunner.java:866)
	at com.carrotsearch.randomizedtesting.RandomizedRunner$9.evaluate(RandomizedRunner.java:902)
	at com.carrotsearch.randomizedtesting.RandomizedRunner$10.evaluate(RandomizedRunner.java:916)
	at com.carrotsearch.randomizedtesting.rules.StatementAdapter.evaluate(StatementAdapter.java:36)
	at org.apache.lucene.util.TestRuleSetupTeardownChained$1.evaluate(TestRuleSetupTeardownChained.java:50)
	at org.apache.lucene.util.AbstractBeforeAfterRule$1.evaluate(AbstractBeforeAfterRule.java:46)
	at org.apache.lucene.util.TestRuleThreadAndTestName$1.evaluate(TestRuleThreadAndTestName.java:49)
	at org.apache.lucene.util.TestRuleIgnoreAfterMaxFailures$1.evaluate(TestRuleIgnoreAfterMaxFailures.java:65)
	at org.apache.lucene.util.TestRuleMarkFailure$1.evaluate(TestRuleMarkFailure.java:48)
	at com.carrotsearch.randomizedtesting.rules.StatementAdapter.evaluate(StatementAdapter.java:36)
	at com.carrotsearch.randomizedtesting.ThreadLeakControl$StatementRunner.run(ThreadLeakControl.java:367)
	at com.carrotsearch.randomizedtesting.ThreadLeakControl.forkTimeoutingTask(ThreadLeakControl.java:809)
	at com.carrotsearch.randomizedtesting.ThreadLeakControl$3.evaluate(ThreadLeakControl.java:460)
	at com.carrotsearch.randomizedtesting.RandomizedRunner.runSingleTest(RandomizedRunner.java:875)
	at com.carrotsearch.randomizedtesting.RandomizedRunner$5.evaluate(RandomizedRunner.java:777)
	at com.carrotsearch.randomizedtesting.RandomizedRunner$6.evaluate(RandomizedRunner.java:811)
	at com.carrotsearch.randomizedtesting.RandomizedRunner$7.evaluate(RandomizedRunner.java:822)
	at org.apache.lucene.util.AbstractBeforeAfterRule$1.evaluate(AbstractBeforeAfterRule.java:46)
	at com.carrotsearch.randomizedtesting.rules.StatementAdapter.evaluate(StatementAdapter.java:36)
	at org.apache.lucene.util.TestRuleStoreClassName$1.evaluate(TestRuleStoreClassName.java:42)
	at com.carrotsearch.randomizedtesting.rules.NoShadowingOrOverridesOnMethodsRule$1.evaluate(NoShadowingOrOverridesOnMethodsRule.java:40)
	at com.carrotsearch.randomizedtesting.rules.NoShadowingOrOverridesOnMethodsRule$1.evaluate(NoShadowingOrOverridesOnMethodsRule.java:40)
	at com.carrotsearch.randomizedtesting.rules.StatementAdapter.evaluate(StatementAdapter.java:36)
	at com.carrotsearch.randomizedtesting.rules.StatementAdapter.evaluate(StatementAdapter.java:36)
	at com.carrotsearch.randomizedtesting.rules.StatementAdapter.evaluate(StatementAdapter.java:36)
	at org.apache.lucene.util.TestRuleAssertionsRequired$1.evaluate(TestRuleAssertionsRequired.java:54)
	at org.apache.lucene.util.TestRuleMarkFailure$1.evaluate(TestRuleMarkFailure.java:48)
	at org.apache.lucene.util.TestRuleIgnoreAfterMaxFailures$1.evaluate(TestRuleIgnoreAfterMaxFailures.java:65)
	at org.apache.lucene.util.TestRuleIgnoreTestSuites$1.evaluate(TestRuleIgnoreTestSuites.java:55)
	at com.carrotsearch.randomizedtesting.rules.StatementAdapter.evaluate(StatementAdapter.java:36)
	at com.carrotsearch.randomizedtesting.ThreadLeakControl$StatementRunner.run(ThreadLeakControl.java:367)
	at java.lang.Thread.run(Thread.java:745)
[2016-03-30 22:56:57,792][WARN ][org.elasticsearch.index.engine]  [index][1] failed engine [lucene commit failed]
java.io.IOException: a random IOException (pending_segments_1)
	at org.apache.lucene.store.MockDirectoryWrapper.maybeThrowIOException(MockDirectoryWrapper.java:445)
	at org.apache.lucene.store.MockIndexOutputWrapper.writeBytes(MockIndexOutputWrapper.java:151)
	at org.apache.lucene.store.MockIndexOutputWrapper.writeByte(MockIndexOutputWrapper.java:127)
	at org.apache.lucene.store.DataOutput.writeInt(DataOutput.java:70)
	at org.apache.lucene.codecs.CodecUtil.writeHeader(CodecUtil.java:91)
	at org.apache.lucene.codecs.CodecUtil.writeIndexHeader(CodecUtil.java:134)
	at org.apache.lucene.index.SegmentInfos.write(SegmentInfos.java:517)
	at org.apache.lucene.index.SegmentInfos.prepareCommit(SegmentInfos.java:809)
	at org.apache.lucene.index.IndexWriter.startCommit(IndexWriter.java:4418)
	at org.apache.lucene.index.IndexWriter.prepareCommitInternal(IndexWriter.java:2860)
	at org.apache.lucene.index.IndexWriter.commitInternal(IndexWriter.java:2963)
	at org.apache.lucene.index.IndexWriter.commit(IndexWriter.java:2930)
	at org.elasticsearch.index.engine.InternalEngine.commitIndexWriter(InternalEngine.java:1138)
	at org.elasticsearch.index.engine.InternalEngine.commitIndexWriter(InternalEngine.java:1146)
	at org.elasticsearch.index.engine.InternalEngine.openTranslog(InternalEngine.java:195)
	at org.elasticsearch.index.engine.InternalEngine.<init>(InternalEngine.java:130)
	at org.elasticsearch.index.engine.InternalEngineTests.createEngine(InternalEngineTests.java:237)
	at org.elasticsearch.index.engine.InternalEngineTests.createEngine(InternalEngineTests.java:233)
	at org.elasticsearch.index.engine.InternalEngineTests.testFailStart(InternalEngineTests.java:1532)
	at sun.reflect.NativeMethodAccessorImpl.invoke0(Native Method)
	at sun.reflect.NativeMethodAccessorImpl.invoke(NativeMethodAccessorImpl.java:62)
	at sun.reflect.DelegatingMethodAccessorImpl.invoke(DelegatingMethodAccessorImpl.java:43)
	at java.lang.reflect.Method.invoke(Method.java:497)
	at com.carrotsearch.randomizedtesting.RandomizedRunner.invoke(RandomizedRunner.java:1660)
	at com.carrotsearch.randomizedtesting.RandomizedRunner$8.evaluate(RandomizedRunner.java:866)
	at com.carrotsearch.randomizedtesting.RandomizedRunner$9.evaluate(RandomizedRunner.java:902)
	at com.carrotsearch.randomizedtesting.RandomizedRunner$10.evaluate(RandomizedRunner.java:916)
	at com.carrotsearch.randomizedtesting.rules.StatementAdapter.evaluate(StatementAdapter.java:36)
	at org.apache.lucene.util.TestRuleSetupTeardownChained$1.evaluate(TestRuleSetupTeardownChained.java:50)
	at org.apache.lucene.util.AbstractBeforeAfterRule$1.evaluate(AbstractBeforeAfterRule.java:46)
	at org.apache.lucene.util.TestRuleThreadAndTestName$1.evaluate(TestRuleThreadAndTestName.java:49)
	at org.apache.lucene.util.TestRuleIgnoreAfterMaxFailures$1.evaluate(TestRuleIgnoreAfterMaxFailures.java:65)
	at org.apache.lucene.util.TestRuleMarkFailure$1.evaluate(TestRuleMarkFailure.java:48)
	at com.carrotsearch.randomizedtesting.rules.StatementAdapter.evaluate(StatementAdapter.java:36)
	at com.carrotsearch.randomizedtesting.ThreadLeakControl$StatementRunner.run(ThreadLeakControl.java:367)
	at com.carrotsearch.randomizedtesting.ThreadLeakControl.forkTimeoutingTask(ThreadLeakControl.java:809)
	at com.carrotsearch.randomizedtesting.ThreadLeakControl$3.evaluate(ThreadLeakControl.java:460)
	at com.carrotsearch.randomizedtesting.RandomizedRunner.runSingleTest(RandomizedRunner.java:875)
	at com.carrotsearch.randomizedtesting.RandomizedRunner$5.evaluate(RandomizedRunner.java:777)
	at com.carrotsearch.randomizedtesting.RandomizedRunner$6.evaluate(RandomizedRunner.java:811)
	at com.carrotsearch.randomizedtesting.RandomizedRunner$7.evaluate(RandomizedRunner.java:822)
	at org.apache.lucene.util.AbstractBeforeAfterRule$1.evaluate(AbstractBeforeAfterRule.java:46)
	at com.carrotsearch.randomizedtesting.rules.StatementAdapter.evaluate(StatementAdapter.java:36)
	at org.apache.lucene.util.TestRuleStoreClassName$1.evaluate(TestRuleStoreClassName.java:42)
	at com.carrotsearch.randomizedtesting.rules.NoShadowingOrOverridesOnMethodsRule$1.evaluate(NoShadowingOrOverridesOnMethodsRule.java:40)
	at com.carrotsearch.randomizedtesting.rules.NoShadowingOrOverridesOnMethodsRule$1.evaluate(NoShadowingOrOverridesOnMethodsRule.java:40)
	at com.carrotsearch.randomizedtesting.rules.StatementAdapter.evaluate(StatementAdapter.java:36)
	at com.carrotsearch.randomizedtesting.rules.StatementAdapter.evaluate(StatementAdapter.java:36)
	at com.carrotsearch.randomizedtesting.rules.StatementAdapter.evaluate(StatementAdapter.java:36)
	at org.apache.lucene.util.TestRuleAssertionsRequired$1.evaluate(TestRuleAssertionsRequired.java:54)
	at org.apache.lucene.util.TestRuleMarkFailure$1.evaluate(TestRuleMarkFailure.java:48)
	at org.apache.lucene.util.TestRuleIgnoreAfterMaxFailures$1.evaluate(TestRuleIgnoreAfterMaxFailures.java:65)
	at org.apache.lucene.util.TestRuleIgnoreTestSuites$1.evaluate(TestRuleIgnoreTestSuites.java:55)
	at com.carrotsearch.randomizedtesting.rules.StatementAdapter.evaluate(StatementAdapter.java:36)
	at com.carrotsearch.randomizedtesting.ThreadLeakControl$StatementRunner.run(ThreadLeakControl.java:367)
	at java.lang.Thread.run(Thread.java:745)
[2016-03-30 22:56:57,847][WARN ][org.elasticsearch.index.engine]  [index][1] failed engine [lucene commit failed]
java.io.IOException: a random IOException (pending_segments_1)
	at org.apache.lucene.store.MockDirectoryWrapper.maybeThrowIOExceptionOnOpen(MockDirectoryWrapper.java:456)
	at org.apache.lucene.store.MockDirectoryWrapper.createOutput(MockDirectoryWrapper.java:548)
	at org.apache.lucene.store.FilterDirectory.createOutput(FilterDirectory.java:73)
	at org.apache.lucene.store.LockValidatingDirectoryWrapper.createOutput(LockValidatingDirectoryWrapper.java:44)
	at org.apache.lucene.index.SegmentInfos.write(SegmentInfos.java:516)
	at org.apache.lucene.index.SegmentInfos.prepareCommit(SegmentInfos.java:809)
	at org.apache.lucene.index.IndexWriter.startCommit(IndexWriter.java:4418)
	at org.apache.lucene.index.IndexWriter.prepareCommitInternal(IndexWriter.java:2860)
	at org.apache.lucene.index.IndexWriter.commitInternal(IndexWriter.java:2963)
	at org.apache.lucene.index.IndexWriter.commit(IndexWriter.java:2930)
	at org.elasticsearch.index.engine.InternalEngine.commitIndexWriter(InternalEngine.java:1138)
	at org.elasticsearch.index.engine.InternalEngine.commitIndexWriter(InternalEngine.java:1146)
	at org.elasticsearch.index.engine.InternalEngine.openTranslog(InternalEngine.java:195)
	at org.elasticsearch.index.engine.InternalEngine.<init>(InternalEngine.java:130)
	at org.elasticsearch.index.engine.InternalEngineTests.createEngine(InternalEngineTests.java:237)
	at org.elasticsearch.index.engine.InternalEngineTests.createEngine(InternalEngineTests.java:233)
	at org.elasticsearch.index.engine.InternalEngineTests.testFailStart(InternalEngineTests.java:1532)
	at sun.reflect.NativeMethodAccessorImpl.invoke0(Native Method)
	at sun.reflect.NativeMethodAccessorImpl.invoke(NativeMethodAccessorImpl.java:62)
	at sun.reflect.DelegatingMethodAccessorImpl.invoke(DelegatingMethodAccessorImpl.java:43)
	at java.lang.reflect.Method.invoke(Method.java:497)
	at com.carrotsearch.randomizedtesting.RandomizedRunner.invoke(RandomizedRunner.java:1660)
	at com.carrotsearch.randomizedtesting.RandomizedRunner$8.evaluate(RandomizedRunner.java:866)
	at com.carrotsearch.randomizedtesting.RandomizedRunner$9.evaluate(RandomizedRunner.java:902)
	at com.carrotsearch.randomizedtesting.RandomizedRunner$10.evaluate(RandomizedRunner.java:916)
	at com.carrotsearch.randomizedtesting.rules.StatementAdapter.evaluate(StatementAdapter.java:36)
	at org.apache.lucene.util.TestRuleSetupTeardownChained$1.evaluate(TestRuleSetupTeardownChained.java:50)
	at org.apache.lucene.util.AbstractBeforeAfterRule$1.evaluate(AbstractBeforeAfterRule.java:46)
	at org.apache.lucene.util.TestRuleThreadAndTestName$1.evaluate(TestRuleThreadAndTestName.java:49)
	at org.apache.lucene.util.TestRuleIgnoreAfterMaxFailures$1.evaluate(TestRuleIgnoreAfterMaxFailures.java:65)
	at org.apache.lucene.util.TestRuleMarkFailure$1.evaluate(TestRuleMarkFailure.java:48)
	at com.carrotsearch.randomizedtesting.rules.StatementAdapter.evaluate(StatementAdapter.java:36)
	at com.carrotsearch.randomizedtesting.ThreadLeakControl$StatementRunner.run(ThreadLeakControl.java:367)
	at com.carrotsearch.randomizedtesting.ThreadLeakControl.forkTimeoutingTask(ThreadLeakControl.java:809)
	at com.carrotsearch.randomizedtesting.ThreadLeakControl$3.evaluate(ThreadLeakControl.java:460)
	at com.carrotsearch.randomizedtesting.RandomizedRunner.runSingleTest(RandomizedRunner.java:875)
	at com.carrotsearch.randomizedtesting.RandomizedRunner$5.evaluate(RandomizedRunner.java:777)
	at com.carrotsearch.randomizedtesting.RandomizedRunner$6.evaluate(RandomizedRunner.java:811)
	at com.carrotsearch.randomizedtesting.RandomizedRunner$7.evaluate(RandomizedRunner.java:822)
	at org.apache.lucene.util.AbstractBeforeAfterRule$1.evaluate(AbstractBeforeAfterRule.java:46)
	at com.carrotsearch.randomizedtesting.rules.StatementAdapter.evaluate(StatementAdapter.java:36)
	at org.apache.lucene.util.TestRuleStoreClassName$1.evaluate(TestRuleStoreClassName.java:42)
	at com.carrotsearch.randomizedtesting.rules.NoShadowingOrOverridesOnMethodsRule$1.evaluate(NoShadowingOrOverridesOnMethodsRule.java:40)
	at com.carrotsearch.randomizedtesting.rules.NoShadowingOrOverridesOnMethodsRule$1.evaluate(NoShadowingOrOverridesOnMethodsRule.java:40)
	at com.carrotsearch.randomizedtesting.rules.StatementAdapter.evaluate(StatementAdapter.java:36)
	at com.carrotsearch.randomizedtesting.rules.StatementAdapter.evaluate(StatementAdapter.java:36)
	at com.carrotsearch.randomizedtesting.rules.StatementAdapter.evaluate(StatementAdapter.java:36)
	at org.apache.lucene.util.TestRuleAssertionsRequired$1.evaluate(TestRuleAssertionsRequired.java:54)
	at org.apache.lucene.util.TestRuleMarkFailure$1.evaluate(TestRuleMarkFailure.java:48)
	at org.apache.lucene.util.TestRuleIgnoreAfterMaxFailures$1.evaluate(TestRuleIgnoreAfterMaxFailures.java:65)
	at org.apache.lucene.util.TestRuleIgnoreTestSuites$1.evaluate(TestRuleIgnoreTestSuites.java:55)
	at com.carrotsearch.randomizedtesting.rules.StatementAdapter.evaluate(StatementAdapter.java:36)
	at com.carrotsearch.randomizedtesting.ThreadLeakControl$StatementRunner.run(ThreadLeakControl.java:367)
	at java.lang.Thread.run(Thread.java:745)
]]></system-out>
   <system-err><![CDATA[]]></system-err>
</testsuite>