<testsuite errors="0" failures="0" tests="6" skipped="0" name="org.elasticsearch.index.store.CorruptedFileIT" hostname="nohost.nodomain" time="17.053" timestamp="2016-03-30T14:01:27">
   <properties class="java.util.ArrayList">
      <property name="awt.toolkit" value="sun.lwawt.macosx.LWCToolkit"/>
      <property name="es.logger.level" value="WARN"/>
      <property name="file.encoding" value="UTF-8"/>
      <property name="file.encoding.pkg" value="sun.io"/>
      <property name="file.separator" value="/"/>
      <property name="ftp.nonProxyHosts" value="local|*.local|169.254/16|*.169.254/16"/>
      <property name="gopherProxySet" value="false"/>
      <property name="http.nonProxyHosts" value="local|*.local|169.254/16|*.169.254/16"/>
      <property name="java.awt.graphicsenv" value="sun.awt.CGraphicsEnvironment"/>
      <property name="java.awt.headless" value="true"/>
      <property name="java.awt.printerjob" value="sun.lwawt.macosx.CPrinterJob"/>
      <property name="java.class.path" value="/Users/brijeshs/Documents/elasticsearch_sort_netbeans/elasticsearch/core/build/classes/test:/Users/brijeshs/Documents/elasticsearch_sort_netbeans/elasticsearch/core/build/resources/test:/Users/brijeshs/Documents/elasticsearch_sort_netbeans/elasticsearch/core/build/classes/main:/Users/brijeshs/Documents/elasticsearch_sort_netbeans/elasticsearch/core/build/resources/main:/Users/brijeshs/.gradle/caches/modules-2/files-2.1/org.apache.lucene/lucene-core/5.4.0-snapshot-1715952/84685d37a34b4d87e2928566ed266a7f005ca67d/lucene-core-5.4.0-snapshot-1715952.jar:/Users/brijeshs/.gradle/caches/modules-2/files-2.1/org.apache.lucene/lucene-analyzers-common/5.4.0-snapshot-1715952/feaf885ed4155fb7202c1f90ac2eb40503961efc/lucene-analyzers-common-5.4.0-snapshot-1715952.jar:/Users/brijeshs/.gradle/caches/modules-2/files-2.1/org.apache.lucene/lucene-backward-codecs/5.4.0-snapshot-1715952/5b5b5c950b4fcac38cf48fab911f75da61e780fa/lucene-backward-codecs-5.4.0-snapshot-1715952.jar:/Users/brijeshs/.gradle/caches/modules-2/files-2.1/org.apache.lucene/lucene-grouping/5.4.0-snapshot-1715952/ff92011208ed5c28f041acc37bd77728a89fc6a5/lucene-grouping-5.4.0-snapshot-1715952.jar:/Users/brijeshs/.gradle/caches/modules-2/files-2.1/org.apache.lucene/lucene-highlighter/5.4.0-snapshot-1715952/5d46f26a6cb36aede89b8728b6fcbc427d4f9416/lucene-highlighter-5.4.0-snapshot-1715952.jar:/Users/brijeshs/.gradle/caches/modules-2/files-2.1/org.apache.lucene/lucene-join/5.4.0-snapshot-1715952/726ea07bbfdfbfbee80522353496fc6667dc33c9/lucene-join-5.4.0-snapshot-1715952.jar:/Users/brijeshs/.gradle/caches/modules-2/files-2.1/org.apache.lucene/lucene-memory/5.4.0-snapshot-1715952/d8d7a7b573a4cfc54745a126e905ccfd523b7a24/lucene-memory-5.4.0-snapshot-1715952.jar:/Users/brijeshs/.gradle/caches/modules-2/files-2.1/org.apache.lucene/lucene-misc/5.4.0-snapshot-1715952/cd9d4fb4492bd2680cea2f038a051311329f6443/lucene-misc-5.4.0-snapshot-1715952.jar:/Users/brijeshs/.gradle/caches/modules-2/files-2.1/org.apache.lucene/lucene-queries/5.4.0-snapshot-1715952/a1a04d191443e51f992ed3dd02d0e14fd48493c9/lucene-queries-5.4.0-snapshot-1715952.jar:/Users/brijeshs/.gradle/caches/modules-2/files-2.1/org.apache.lucene/lucene-queryparser/5.4.0-snapshot-1715952/c4d34b29b8b14ad3deb300a6d699e9d8965a3c2c/lucene-queryparser-5.4.0-snapshot-1715952.jar:/Users/brijeshs/.gradle/caches/modules-2/files-2.1/org.apache.lucene/lucene-sandbox/5.4.0-snapshot-1715952/bf45dbd653d66ce9d2c3f19b69997b8098d8b416/lucene-sandbox-5.4.0-snapshot-1715952.jar:/Users/brijeshs/.gradle/caches/modules-2/files-2.1/org.apache.lucene/lucene-spatial/5.4.0-snapshot-1715952/2bddfda70f5c657064d12860b03c2cd8a5029bfc/lucene-spatial-5.4.0-snapshot-1715952.jar:/Users/brijeshs/.gradle/caches/modules-2/files-2.1/org.apache.lucene/lucene-spatial3d/5.4.0-snapshot-1715952/881b8cd571fb3ccdcc69f1316468d816812513fb/lucene-spatial3d-5.4.0-snapshot-1715952.jar:/Users/brijeshs/.gradle/caches/modules-2/files-2.1/org.apache.lucene/lucene-suggest/5.4.0-snapshot-1715952/466e2bc02f45f04cbf516e5df78b9c2ebd99e944/lucene-suggest-5.4.0-snapshot-1715952.jar:/Users/brijeshs/.gradle/caches/modules-2/files-2.1/org.elasticsearch/securesm/1.0/c0c6cf986ba0057390bfcc80c366a0e3157f944b/securesm-1.0.jar:/Users/brijeshs/.gradle/caches/modules-2/files-2.1/commons-cli/commons-cli/1.3.1/1303efbc4b181e5a58bf2e967dc156a3132b97c0/commons-cli-1.3.1.jar:/Users/brijeshs/.gradle/caches/modules-2/files-2.1/com.carrotsearch/hppc/0.7.1/8b5057f74ea378c0150a1860874a3ebdcb713767/hppc-0.7.1.jar:/Users/brijeshs/.gradle/caches/modules-2/files-2.1/joda-time/joda-time/2.8.2/d27c24204c5e507b16fec01006b3d0f1ec42aed4/joda-time-2.8.2.jar:/Users/brijeshs/.gradle/caches/modules-2/files-2.1/org.joda/joda-convert/1.2/35ec554f0cd00c956cc69051514d9488b1374dec/joda-convert-1.2.jar:/Users/brijeshs/.gradle/caches/modules-2/files-2.1/com.fasterxml.jackson.core/jackson-core/2.6.2/123f29333b2c6b3516b14252b6e93226bfcd6e37/jackson-core-2.6.2.jar:/Users/brijeshs/.gradle/caches/modules-2/files-2.1/com.fasterxml.jackson.dataformat/jackson-dataformat-smile/2.6.2/395d18c1a1dd730b8026ee59c4067e5d2b45ba6e/jackson-dataformat-smile-2.6.2.jar:/Users/brijeshs/.gradle/caches/modules-2/files-2.1/com.fasterxml.jackson.dataformat/jackson-dataformat-yaml/2.6.2/4ae23088dd3fae47c66843f2e4251d7255ee140e/jackson-dataformat-yaml-2.6.2.jar:/Users/brijeshs/.gradle/caches/modules-2/files-2.1/com.fasterxml.jackson.dataformat/jackson-dataformat-cbor/2.6.2/1e13c575f914c83761bb8e2aca7dfd9e4c647579/jackson-dataformat-cbor-2.6.2.jar:/Users/brijeshs/.gradle/caches/modules-2/files-2.1/io.netty/netty/3.10.5.Final/9ca7d55d246092bddd29b867706e2f6c7db701a0/netty-3.10.5.Final.jar:/Users/brijeshs/.gradle/caches/modules-2/files-2.1/com.tdunning/t-digest/3.0/84ccf145ac2215e6bfa63baa3101c0af41017cfc/t-digest-3.0.jar:/Users/brijeshs/.gradle/caches/modules-2/files-2.1/org.hdrhistogram/HdrHistogram/2.1.6/7495feb7f71ee124bd2a7e7d83590e296d71d80e/HdrHistogram-2.1.6.jar:/Users/brijeshs/.gradle/caches/modules-2/files-2.1/com.spatial4j/spatial4j/0.5/6e16edaf6b1ba76db7f08c2f3723fce3b358ecc3/spatial4j-0.5.jar:/Users/brijeshs/.gradle/caches/modules-2/files-2.1/com.vividsolutions/jts/1.13/3ccfb9b60f04d71add996a666ceb8902904fd805/jts-1.13.jar:/Users/brijeshs/.gradle/caches/modules-2/files-2.1/log4j/log4j/1.2.17/5af35056b4d257e4b64b9e8069c0746e8b08629f/log4j-1.2.17.jar:/Users/brijeshs/.gradle/caches/modules-2/files-2.1/log4j/apache-log4j-extras/1.2.17/85863614d82185d7e51fe21c00aa9117a523a8b6/apache-log4j-extras-1.2.17.jar:/Users/brijeshs/.gradle/caches/modules-2/files-2.1/org.slf4j/slf4j-api/1.6.2/8619e95939167fb37245b5670135e4feb0ec7d50/slf4j-api-1.6.2.jar:/Users/brijeshs/.gradle/caches/modules-2/files-2.1/net.java.dev.jna/jna/4.1.0/1c12d070e602efd8021891cdd7fd18bc129372d4/jna-4.1.0.jar:/Users/brijeshs/Documents/elasticsearch_sort_netbeans/elasticsearch/test-framework/build/libs/test-framework-3.0.0-SNAPSHOT.jar:/Users/brijeshs/.gradle/caches/modules-2/files-2.1/com.carrotsearch.randomizedtesting/randomizedtesting-runner/2.2.0/60de504132241be049564a3a34fd7dcc296e2ef0/randomizedtesting-runner-2.2.0.jar:/Users/brijeshs/.gradle/caches/modules-2/files-2.1/junit/junit/4.11/4e031bb61df09069aeb2bffb4019e7a5034a4ee0/junit-4.11.jar:/Users/brijeshs/.gradle/caches/modules-2/files-2.1/org.hamcrest/hamcrest-all/1.3/63a21ebc981131004ad02e0434e799fd7f3a8d5a/hamcrest-all-1.3.jar:/Users/brijeshs/.gradle/caches/modules-2/files-2.1/org.apache.lucene/lucene-test-framework/5.4.0-snapshot-1715952/ae3156d5a2526b1b48ca821765cf7cd53faecef5/lucene-test-framework-5.4.0-snapshot-1715952.jar:/Users/brijeshs/.gradle/caches/modules-2/files-2.1/org.apache.lucene/lucene-codecs/5.4.0-snapshot-1715952/7b94152f1c9fd7ecb384fc9602318f74a4463a65/lucene-codecs-5.4.0-snapshot-1715952.jar:/Users/brijeshs/.gradle/caches/modules-2/files-2.1/org.apache.httpcomponents/httpclient/4.3.6/4c47155e3e6c9a41a28db36680b828ced53b8af4/httpclient-4.3.6.jar:/Users/brijeshs/.gradle/caches/modules-2/files-2.1/org.apache.httpcomponents/httpcore/4.3.3/f91b7a4aadc5cf486df6e4634748d7dd7a73f06d/httpcore-4.3.3.jar:/Users/brijeshs/.gradle/caches/modules-2/files-2.1/commons-logging/commons-logging/1.1.3/f6f66e966c70a83ffbdb6f17a0919eaf7c8aca7f/commons-logging-1.1.3.jar:/Users/brijeshs/.gradle/caches/modules-2/files-2.1/commons-codec/commons-codec/1.10/4b95f4897fa13f2cd904aee711aeafc0c5295cd8/commons-codec-1.10.jar:/Users/brijeshs/.gradle/caches/modules-2/files-2.1/com.carrotsearch.randomizedtesting/junit4-ant/2.2.0/d401c9c729deccd5db8a5df3102eb18793c2224/junit4-ant-2.2.0.jar"/>
      <property name="java.class.version" value="52.0"/>
      <property name="java.endorsed.dirs" value="/Library/Java/JavaVirtualMachines/jdk1.8.0_40.jdk/Contents/Home/jre/lib/endorsed"/>
      <property name="java.ext.dirs" value="/Users/brijeshs/Library/Java/Extensions:/Library/Java/JavaVirtualMachines/jdk1.8.0_40.jdk/Contents/Home/jre/lib/ext:/Library/Java/Extensions:/Network/Library/Java/Extensions:/System/Library/Java/Extensions:/usr/lib/java"/>
      <property name="java.home" value="/Library/Java/JavaVirtualMachines/jdk1.8.0_40.jdk/Contents/Home/jre"/>
      <property name="java.io.tmpdir" value="./temp"/>
      <property name="java.library.path" value="/Applications/NetBeans/NetBeans 8.1.app/Contents/Resources/NetBeans/webcommon/bin::/Users/brijeshs/Library/Java/Extensions:/Library/Java/Extensions:/Network/Library/Java/Extensions:/System/Library/Java/Extensions:/usr/lib/java:."/>
      <property name="java.runtime.name" value="Java(TM) SE Runtime Environment"/>
      <property name="java.runtime.version" value="1.8.0_40-b25"/>
      <property name="java.specification.name" value="Java Platform API Specification"/>
      <property name="java.specification.vendor" value="Oracle Corporation"/>
      <property name="java.specification.version" value="1.8"/>
      <property name="java.vendor" value="Oracle Corporation"/>
      <property name="java.vendor.url" value="http://java.oracle.com/"/>
      <property name="java.vendor.url.bug" value="http://bugreport.sun.com/bugreport/"/>
      <property name="java.version" value="1.8.0_40"/>
      <property name="java.vm.info" value="mixed mode"/>
      <property name="java.vm.name" value="Java HotSpot(TM) 64-Bit Server VM"/>
      <property name="java.vm.specification.name" value="Java Virtual Machine Specification"/>
      <property name="java.vm.specification.vendor" value="Oracle Corporation"/>
      <property name="java.vm.specification.version" value="1.8"/>
      <property name="java.vm.vendor" value="Oracle Corporation"/>
      <property name="java.vm.version" value="25.40-b25"/>
      <property name="junit4.childvm.count" value="4"/>
      <property name="junit4.childvm.cwd" value="/Users/brijeshs/Documents/elasticsearch_sort_netbeans/elasticsearch/core/build/testrun/integTest/J2"/>
      <property name="junit4.childvm.id" value="2"/>
      <property name="junit4.memory.total" value="514850816"/>
      <property name="junit4.pidString" value="66626@BrijeshS-2.fios-router.home"/>
      <property name="junit4.processors" value="8"/>
      <property name="line.separator" value="
"/>
      <property name="os.arch" value="x86_64"/>
      <property name="os.name" value="Mac OS X"/>
      <property name="os.version" value="10.10.5"/>
      <property name="path.separator" value=":"/>
      <property name="socksNonProxyHosts" value="local|*.local|169.254/16|*.169.254/16"/>
      <property name="sun.arch.data.model" value="64"/>
      <property name="sun.boot.class.path" value="/Library/Java/JavaVirtualMachines/jdk1.8.0_40.jdk/Contents/Home/jre/lib/resources.jar:/Library/Java/JavaVirtualMachines/jdk1.8.0_40.jdk/Contents/Home/jre/lib/rt.jar:/Library/Java/JavaVirtualMachines/jdk1.8.0_40.jdk/Contents/Home/jre/lib/sunrsasign.jar:/Library/Java/JavaVirtualMachines/jdk1.8.0_40.jdk/Contents/Home/jre/lib/jsse.jar:/Library/Java/JavaVirtualMachines/jdk1.8.0_40.jdk/Contents/Home/jre/lib/jce.jar:/Library/Java/JavaVirtualMachines/jdk1.8.0_40.jdk/Contents/Home/jre/lib/charsets.jar:/Library/Java/JavaVirtualMachines/jdk1.8.0_40.jdk/Contents/Home/jre/lib/jfr.jar:/Library/Java/JavaVirtualMachines/jdk1.8.0_40.jdk/Contents/Home/jre/classes"/>
      <property name="sun.boot.library.path" value="/Library/Java/JavaVirtualMachines/jdk1.8.0_40.jdk/Contents/Home/jre/lib"/>
      <property name="sun.cpu.endian" value="little"/>
      <property name="sun.cpu.isalist" value=""/>
      <property name="sun.io.unicode.encoding" value="UnicodeBig"/>
      <property name="sun.java.command" value="com.carrotsearch.ant.tasks.junit4.slave.SlaveMainSafe -eventsfile /Users/brijeshs/Documents/elasticsearch_sort_netbeans/elasticsearch/core/build/testrun/integTest/temp/junit4-J2-20160330_135253_694.events @/Users/brijeshs/Documents/elasticsearch_sort_netbeans/elasticsearch/core/build/testrun/integTest/temp/junit4-J2-20160330_135253_694.suites -stdin"/>
      <property name="sun.java.launcher" value="SUN_STANDARD"/>
      <property name="sun.jnu.encoding" value="UTF-8"/>
      <property name="sun.management.compiler" value="HotSpot 64-Bit Tiered Compilers"/>
      <property name="sun.os.patch.level" value="unknown"/>
      <property name="tests.artifact" value="core"/>
      <property name="tests.ifNoTests" value="fail"/>
      <property name="tests.maven" value="true"/>
      <property name="tests.prefix" value="tests"/>
      <property name="tests.security.manager" value="true"/>
      <property name="tests.seed" value="F7928424F380CF7C"/>
      <property name="tests.task" value=":core:integTest"/>
      <property name="user.country" value="US"/>
      <property name="user.dir" value="/Users/brijeshs/Documents/elasticsearch_sort_netbeans/elasticsearch/core/build/testrun/integTest/J2"/>
      <property name="user.home" value="/Users/brijeshs"/>
      <property name="user.language" value="en"/>
      <property name="user.name" value="brijeshs"/>
      <property name="user.timezone" value="America/Los_Angeles"/>
   </properties>
   <testcase classname="org.elasticsearch.index.store.CorruptedFileIT" name="testCorruptFileAndRecover" time="4.359"/>
   <testcase classname="org.elasticsearch.index.store.CorruptedFileIT" name="testCorruptionOnNetworkLayerFinalizingRecovery" time="0.681"/>
   <testcase classname="org.elasticsearch.index.store.CorruptedFileIT" name="testCorruptFileThenSnapshotAndRestore" time="2.961"/>
   <testcase classname="org.elasticsearch.index.store.CorruptedFileIT" name="testCorruptionOnNetworkLayer" time="2.232"/>
   <testcase classname="org.elasticsearch.index.store.CorruptedFileIT" name="testCorruptPrimaryNoReplica" time="2.065"/>
   <testcase classname="org.elasticsearch.index.store.CorruptedFileIT" name="testReplicaCorruption" time="4.489"/>
   <system-out><![CDATA[[2016-03-30 14:01:28,181][WARN ][org.elasticsearch.index.shard] [node_s2] [test][0] [index.merge.enabled] is set to false, this should only be used in tests and can cause serious problems in production environments
[2016-03-30 14:01:28,274][WARN ][org.elasticsearch.index.shard] [node_s1] [test][0] [index.merge.enabled] is set to false, this should only be used in tests and can cause serious problems in production environments
[2016-03-30 14:01:30,556][WARN ][org.elasticsearch.index.shard] [node_s0] [test][0] [index.merge.enabled] is set to false, this should only be used in tests and can cause serious problems in production environments
[2016-03-30 14:01:30,605][WARN ][org.elasticsearch.indices.recovery] [node_s2] 0 Corrupted file detected name [_0_2.liv], length [187], checksum [1n0dixi], writtenBy [5.4.0] checksum mismatch
[2016-03-30 14:01:30,606][WARN ][org.elasticsearch.index.engine] [node_s2] [test][0] failed engine [recovery]
org.apache.lucene.index.CorruptIndexException: checksum failed (hardware problem?) : expected=1n0dixi actual=gr883h (resource=name [_0_2.liv], length [187], checksum [1n0dixi], writtenBy [5.4.0]) (resource=VerifyingIndexOutput(_0_2.liv))
	at org.elasticsearch.index.store.Store$LuceneVerifyingIndexOutput.readAndCompareChecksum(Store.java:1313)
	at org.elasticsearch.index.store.Store$LuceneVerifyingIndexOutput.writeByte(Store.java:1292)
	at org.elasticsearch.index.store.Store$LuceneVerifyingIndexOutput.writeBytes(Store.java:1321)
	at org.elasticsearch.indices.recovery.RecoveryTarget$FileChunkTransportRequestHandler.messageReceived(RecoveryTarget.java:457)
	at org.elasticsearch.indices.recovery.RecoveryTarget$FileChunkTransportRequestHandler.messageReceived(RecoveryTarget.java:421)
	at org.elasticsearch.transport.local.LocalTransport$2.doRun(LocalTransport.java:296)
	at org.elasticsearch.common.util.concurrent.AbstractRunnable.run(AbstractRunnable.java:37)
	at java.util.concurrent.ThreadPoolExecutor.runWorker(ThreadPoolExecutor.java:1142)
	at java.util.concurrent.ThreadPoolExecutor$Worker.run(ThreadPoolExecutor.java:617)
	at java.lang.Thread.run(Thread.java:745)
[2016-03-30 14:01:30,625][WARN ][org.elasticsearch.indices.cluster] [node_s2] [[test][0]] marking and sending shard failed due to [shard failure, reason [recovery]]
org.apache.lucene.index.CorruptIndexException: checksum failed (hardware problem?) : expected=1n0dixi actual=gr883h (resource=name [_0_2.liv], length [187], checksum [1n0dixi], writtenBy [5.4.0]) (resource=VerifyingIndexOutput(_0_2.liv))
	at org.elasticsearch.index.store.Store$LuceneVerifyingIndexOutput.readAndCompareChecksum(Store.java:1313)
	at org.elasticsearch.index.store.Store$LuceneVerifyingIndexOutput.writeByte(Store.java:1292)
	at org.elasticsearch.index.store.Store$LuceneVerifyingIndexOutput.writeBytes(Store.java:1321)
	at org.elasticsearch.indices.recovery.RecoveryTarget$FileChunkTransportRequestHandler.messageReceived(RecoveryTarget.java:457)
	at org.elasticsearch.indices.recovery.RecoveryTarget$FileChunkTransportRequestHandler.messageReceived(RecoveryTarget.java:421)
	at org.elasticsearch.transport.local.LocalTransport$2.doRun(LocalTransport.java:296)
	at org.elasticsearch.common.util.concurrent.AbstractRunnable.run(AbstractRunnable.java:37)
	at java.util.concurrent.ThreadPoolExecutor.runWorker(ThreadPoolExecutor.java:1142)
	at java.util.concurrent.ThreadPoolExecutor$Worker.run(ThreadPoolExecutor.java:617)
	at java.lang.Thread.run(Thread.java:745)
[2016-03-30 14:01:30,630][WARN ][org.elasticsearch.indices.cluster] [node_s0] [[test][0]] marking and sending shard failed due to [failed recovery]
RecoveryFailedException[[test][0]: Recovery failed from {node_s2}{DZ6e7yN8QJWb7yBDG2myqA}{local}{local[309]}[mode=>local] into {node_s0}{9OR1zulxSoehIlaLYnBDtw}{local}{local[307]}[mode=>local]]; nested: RemoteTransportException[[node_s0][local[307]][internal:index/shard/recovery/start_recovery]]; nested: RecoveryEngineException[Phase[1] phase1 failed]; nested: RecoverFilesRecoveryException[Failed to transfer [5] files with total size of [27.1kb]]; nested: CorruptIndexException[checksum failed (hardware problem?) : expected=1n0dixi actual=gr883h (resource=name [_0_2.liv], length [187], checksum [1n0dixi], writtenBy [5.4.0]) (resource=VerifyingIndexOutput(_0_2.liv))];
	at org.elasticsearch.indices.recovery.RecoveryTarget.doRecovery(RecoveryTarget.java:260)
	at org.elasticsearch.indices.recovery.RecoveryTarget.access$1100(RecoveryTarget.java:68)
	at org.elasticsearch.indices.recovery.RecoveryTarget$RecoveryRunner.doRun(RecoveryTarget.java:510)
	at org.elasticsearch.common.util.concurrent.AbstractRunnable.run(AbstractRunnable.java:37)
	at java.util.concurrent.ThreadPoolExecutor.runWorker(ThreadPoolExecutor.java:1142)
	at java.util.concurrent.ThreadPoolExecutor$Worker.run(ThreadPoolExecutor.java:617)
	at java.lang.Thread.run(Thread.java:745)
Caused by: RemoteTransportException[[node_s0][local[307]][internal:index/shard/recovery/start_recovery]]; nested: RecoveryEngineException[Phase[1] phase1 failed]; nested: RecoverFilesRecoveryException[Failed to transfer [5] files with total size of [27.1kb]]; nested: CorruptIndexException[checksum failed (hardware problem?) : expected=1n0dixi actual=gr883h (resource=name [_0_2.liv], length [187], checksum [1n0dixi], writtenBy [5.4.0]) (resource=VerifyingIndexOutput(_0_2.liv))];
Caused by: [test][[test][0]] RecoveryEngineException[Phase[1] phase1 failed]; nested: RecoverFilesRecoveryException[Failed to transfer [5] files with total size of [27.1kb]]; nested: CorruptIndexException[checksum failed (hardware problem?) : expected=1n0dixi actual=gr883h (resource=name [_0_2.liv], length [187], checksum [1n0dixi], writtenBy [5.4.0]) (resource=VerifyingIndexOutput(_0_2.liv))];
	at org.elasticsearch.indices.recovery.RecoverySourceHandler.recoverToTarget(RecoverySourceHandler.java:136)
	at org.elasticsearch.indices.recovery.RecoverySource.recover(RecoverySource.java:117)
	at org.elasticsearch.indices.recovery.RecoverySource.access$100(RecoverySource.java:46)
	at org.elasticsearch.indices.recovery.RecoverySource$StartRecoveryTransportRequestHandler.messageReceived(RecoverySource.java:126)
	at org.elasticsearch.indices.recovery.RecoverySource$StartRecoveryTransportRequestHandler.messageReceived(RecoverySource.java:123)
	at org.elasticsearch.transport.local.LocalTransport$2.doRun(LocalTransport.java:296)
	at org.elasticsearch.common.util.concurrent.AbstractRunnable.run(AbstractRunnable.java:37)
	at java.util.concurrent.ThreadPoolExecutor.runWorker(ThreadPoolExecutor.java:1142)
	at java.util.concurrent.ThreadPoolExecutor$Worker.run(ThreadPoolExecutor.java:617)
	at java.lang.Thread.run(Thread.java:745)
Caused by: [test][[test][0]] RecoverFilesRecoveryException[Failed to transfer [5] files with total size of [27.1kb]]; nested: CorruptIndexException[checksum failed (hardware problem?) : expected=1n0dixi actual=gr883h (resource=name [_0_2.liv], length [187], checksum [1n0dixi], writtenBy [5.4.0]) (resource=VerifyingIndexOutput(_0_2.liv))];
	at org.elasticsearch.indices.recovery.RecoverySourceHandler.phase1(RecoverySourceHandler.java:315)
	at org.elasticsearch.indices.recovery.RecoverySourceHandler.recoverToTarget(RecoverySourceHandler.java:134)
	... 9 more
Caused by: org.apache.lucene.index.CorruptIndexException: checksum failed (hardware problem?) : expected=1n0dixi actual=gr883h (resource=name [_0_2.liv], length [187], checksum [1n0dixi], writtenBy [5.4.0]) (resource=VerifyingIndexOutput(_0_2.liv))
	at org.elasticsearch.index.store.Store$LuceneVerifyingIndexOutput.readAndCompareChecksum(Store.java:1313)
	at org.elasticsearch.index.store.Store$LuceneVerifyingIndexOutput.writeByte(Store.java:1292)
	at org.elasticsearch.index.store.Store$LuceneVerifyingIndexOutput.writeBytes(Store.java:1321)
	at org.elasticsearch.indices.recovery.RecoveryTarget$FileChunkTransportRequestHandler.messageReceived(RecoveryTarget.java:457)
	at org.elasticsearch.indices.recovery.RecoveryTarget$FileChunkTransportRequestHandler.messageReceived(RecoveryTarget.java:421)
	... 5 more
[2016-03-30 14:01:30,644][WARN ][org.elasticsearch.cluster.action.shard] [node_s0] [test][0] received shard failed for [test][0], node[9OR1zulxSoehIlaLYnBDtw], [R], v[4], s[INITIALIZING], a[id=O6ZVFxr5R9WCiTXOcp3EEA], unassigned_info[[reason=REPLICA_ADDED], at[2016-03-30T21:01:30.509Z]], indexUUID [J0cepEqbS3iLcpnqAQnmrQ], message [failed recovery], failure [RecoveryFailedException[[test][0]: Recovery failed from {node_s2}{DZ6e7yN8QJWb7yBDG2myqA}{local}{local[309]}[mode=>local] into {node_s0}{9OR1zulxSoehIlaLYnBDtw}{local}{local[307]}[mode=>local]]; nested: RemoteTransportException[[node_s0][local[307]][internal:index/shard/recovery/start_recovery]]; nested: RecoveryEngineException[Phase[1] phase1 failed]; nested: RecoverFilesRecoveryException[Failed to transfer [5] files with total size of [27.1kb]]; nested: CorruptIndexException[checksum failed (hardware problem?) : expected=1n0dixi actual=gr883h (resource=name [_0_2.liv], length [187], checksum [1n0dixi], writtenBy [5.4.0]) (resource=VerifyingIndexOutput(_0_2.liv))]; ]
RecoveryFailedException[[test][0]: Recovery failed from {node_s2}{DZ6e7yN8QJWb7yBDG2myqA}{local}{local[309]}[mode=>local] into {node_s0}{9OR1zulxSoehIlaLYnBDtw}{local}{local[307]}[mode=>local]]; nested: RemoteTransportException[[node_s0][local[307]][internal:index/shard/recovery/start_recovery]]; nested: RecoveryEngineException[Phase[1] phase1 failed]; nested: RecoverFilesRecoveryException[Failed to transfer [5] files with total size of [27.1kb]]; nested: CorruptIndexException[checksum failed (hardware problem?) : expected=1n0dixi actual=gr883h (resource=name [_0_2.liv], length [187], checksum [1n0dixi], writtenBy [5.4.0]) (resource=VerifyingIndexOutput(_0_2.liv))];
	at org.elasticsearch.indices.recovery.RecoveryTarget.doRecovery(RecoveryTarget.java:260)
	at org.elasticsearch.indices.recovery.RecoveryTarget.access$1100(RecoveryTarget.java:68)
	at org.elasticsearch.indices.recovery.RecoveryTarget$RecoveryRunner.doRun(RecoveryTarget.java:510)
	at org.elasticsearch.common.util.concurrent.AbstractRunnable.run(AbstractRunnable.java:37)
	at java.util.concurrent.ThreadPoolExecutor.runWorker(ThreadPoolExecutor.java:1142)
	at java.util.concurrent.ThreadPoolExecutor$Worker.run(ThreadPoolExecutor.java:617)
	at java.lang.Thread.run(Thread.java:745)
Caused by: RemoteTransportException[[node_s0][local[307]][internal:index/shard/recovery/start_recovery]]; nested: RecoveryEngineException[Phase[1] phase1 failed]; nested: RecoverFilesRecoveryException[Failed to transfer [5] files with total size of [27.1kb]]; nested: CorruptIndexException[checksum failed (hardware problem?) : expected=1n0dixi actual=gr883h (resource=name [_0_2.liv], length [187], checksum [1n0dixi], writtenBy [5.4.0]) (resource=VerifyingIndexOutput(_0_2.liv))];
Caused by: [test][[test][0]] RecoveryEngineException[Phase[1] phase1 failed]; nested: RecoverFilesRecoveryException[Failed to transfer [5] files with total size of [27.1kb]]; nested: CorruptIndexException[checksum failed (hardware problem?) : expected=1n0dixi actual=gr883h (resource=name [_0_2.liv], length [187], checksum [1n0dixi], writtenBy [5.4.0]) (resource=VerifyingIndexOutput(_0_2.liv))];
	at org.elasticsearch.indices.recovery.RecoverySourceHandler.recoverToTarget(RecoverySourceHandler.java:136)
	at org.elasticsearch.indices.recovery.RecoverySource.recover(RecoverySource.java:117)
	at org.elasticsearch.indices.recovery.RecoverySource.access$100(RecoverySource.java:46)
	at org.elasticsearch.indices.recovery.RecoverySource$StartRecoveryTransportRequestHandler.messageReceived(RecoverySource.java:126)
	at org.elasticsearch.indices.recovery.RecoverySource$StartRecoveryTransportRequestHandler.messageReceived(RecoverySource.java:123)
	at org.elasticsearch.transport.local.LocalTransport$2.doRun(LocalTransport.java:296)
	at org.elasticsearch.common.util.concurrent.AbstractRunnable.run(AbstractRunnable.java:37)
	at java.util.concurrent.ThreadPoolExecutor.runWorker(ThreadPoolExecutor.java:1142)
	at java.util.concurrent.ThreadPoolExecutor$Worker.run(ThreadPoolExecutor.java:617)
	at java.lang.Thread.run(Thread.java:745)
Caused by: [test][[test][0]] RecoverFilesRecoveryException[Failed to transfer [5] files with total size of [27.1kb]]; nested: CorruptIndexException[checksum failed (hardware problem?) : expected=1n0dixi actual=gr883h (resource=name [_0_2.liv], length [187], checksum [1n0dixi], writtenBy [5.4.0]) (resource=VerifyingIndexOutput(_0_2.liv))];
	at org.elasticsearch.indices.recovery.RecoverySourceHandler.phase1(RecoverySourceHandler.java:315)
	at org.elasticsearch.indices.recovery.RecoverySourceHandler.recoverToTarget(RecoverySourceHandler.java:134)
	... 9 more
Caused by: org.apache.lucene.index.CorruptIndexException: checksum failed (hardware problem?) : expected=1n0dixi actual=gr883h (resource=name [_0_2.liv], length [187], checksum [1n0dixi], writtenBy [5.4.0]) (resource=VerifyingIndexOutput(_0_2.liv))
	at org.elasticsearch.index.store.Store$LuceneVerifyingIndexOutput.readAndCompareChecksum(Store.java:1313)
	at org.elasticsearch.index.store.Store$LuceneVerifyingIndexOutput.writeByte(Store.java:1292)
	at org.elasticsearch.index.store.Store$LuceneVerifyingIndexOutput.writeBytes(Store.java:1321)
	at org.elasticsearch.indices.recovery.RecoveryTarget$FileChunkTransportRequestHandler.messageReceived(RecoveryTarget.java:457)
	at org.elasticsearch.indices.recovery.RecoveryTarget$FileChunkTransportRequestHandler.messageReceived(RecoveryTarget.java:421)
	... 5 more
[2016-03-30 14:01:30,646][WARN ][org.elasticsearch.cluster.action.shard] [node_s0] [test][0] received shard failed for [test][0], node[DZ6e7yN8QJWb7yBDG2myqA], [P], v[4], s[STARTED], a[id=Mv5Tbm1nTpCrfG30c7yXIA], indexUUID [J0cepEqbS3iLcpnqAQnmrQ], message [shard failure, reason [recovery]], failure [CorruptIndexException[checksum failed (hardware problem?) : expected=1n0dixi actual=gr883h (resource=name [_0_2.liv], length [187], checksum [1n0dixi], writtenBy [5.4.0]) (resource=VerifyingIndexOutput(_0_2.liv))]]
org.apache.lucene.index.CorruptIndexException: checksum failed (hardware problem?) : expected=1n0dixi actual=gr883h (resource=name [_0_2.liv], length [187], checksum [1n0dixi], writtenBy [5.4.0]) (resource=VerifyingIndexOutput(_0_2.liv))
	at org.elasticsearch.index.store.Store$LuceneVerifyingIndexOutput.readAndCompareChecksum(Store.java:1313)
	at org.elasticsearch.index.store.Store$LuceneVerifyingIndexOutput.writeByte(Store.java:1292)
	at org.elasticsearch.index.store.Store$LuceneVerifyingIndexOutput.writeBytes(Store.java:1321)
	at org.elasticsearch.indices.recovery.RecoveryTarget$FileChunkTransportRequestHandler.messageReceived(RecoveryTarget.java:457)
	at org.elasticsearch.indices.recovery.RecoveryTarget$FileChunkTransportRequestHandler.messageReceived(RecoveryTarget.java:421)
	at org.elasticsearch.transport.local.LocalTransport$2.doRun(LocalTransport.java:296)
	at org.elasticsearch.common.util.concurrent.AbstractRunnable.run(AbstractRunnable.java:37)
	at java.util.concurrent.ThreadPoolExecutor.runWorker(ThreadPoolExecutor.java:1142)
	at java.util.concurrent.ThreadPoolExecutor$Worker.run(ThreadPoolExecutor.java:617)
	at java.lang.Thread.run(Thread.java:745)
[2016-03-30 14:01:30,652][WARN ][org.elasticsearch.indices.cluster] [node_s2] [[test][0]] marking and sending shard failed due to [master [{node_s0}{9OR1zulxSoehIlaLYnBDtw}{local}{local[307]}[mode=>local]] marked shard as started, but shard has not been created, mark shard as failed]
[2016-03-30 14:01:30,653][WARN ][org.elasticsearch.cluster.action.shard] [node_s0] [test][0] received shard failed for [test][0], node[DZ6e7yN8QJWb7yBDG2myqA], [P], v[5], s[STARTED], a[id=Mv5Tbm1nTpCrfG30c7yXIA], indexUUID [J0cepEqbS3iLcpnqAQnmrQ], message [master [{node_s0}{9OR1zulxSoehIlaLYnBDtw}{local}{local[307]}[mode=>local]] marked shard as started, but shard has not been created, mark shard as failed], failure [Unknown]
[2016-03-30 14:01:30,684][WARN ][org.elasticsearch.gateway] [node_s0] [test][0]: failed to list shard for shard_store on node [DZ6e7yN8QJWb7yBDG2myqA]
FailedNodeException[Failed node [DZ6e7yN8QJWb7yBDG2myqA]]; nested: RemoteTransportException[[node_s0][local[307]][internal:cluster/nodes/indices/shard/store[n]]]; nested: ElasticsearchException[Failed to list store metadata for shard [[test][0]]]; nested: CorruptIndexException[failed engine (reason: [recovery]) (resource=preexisting_corruption)]; nested: NotSerializableExceptionWrapper[failed engine (reason: [recovery])]; nested: CorruptIndexException[checksum failed (hardware problem?) : expected=1n0dixi actual=gr883h (resource=name [_0_2.liv], length [187], checksum [1n0dixi], writtenBy [5.4.0]) (resource=VerifyingIndexOutput(_0_2.liv))];
	at org.elasticsearch.action.support.nodes.TransportNodesAction$AsyncAction.onFailure(TransportNodesAction.java:188)
	at org.elasticsearch.action.support.nodes.TransportNodesAction$AsyncAction.access$700(TransportNodesAction.java:95)
	at org.elasticsearch.action.support.nodes.TransportNodesAction$AsyncAction$2.handleException(TransportNodesAction.java:161)
	at org.elasticsearch.transport.local.LocalTransport.handleException(LocalTransport.java:370)
	at org.elasticsearch.transport.local.LocalTransport.handlerResponseError(LocalTransport.java:361)
	at org.elasticsearch.transport.local.LocalTransport.messageReceived(LocalTransport.java:257)
	at org.elasticsearch.transport.local.LocalTransportChannel$2.run(LocalTransportChannel.java:99)
	at java.util.concurrent.ThreadPoolExecutor.runWorker(ThreadPoolExecutor.java:1142)
	at java.util.concurrent.ThreadPoolExecutor$Worker.run(ThreadPoolExecutor.java:617)
	at java.lang.Thread.run(Thread.java:745)
Caused by: RemoteTransportException[[node_s0][local[307]][internal:cluster/nodes/indices/shard/store[n]]]; nested: ElasticsearchException[Failed to list store metadata for shard [[test][0]]]; nested: CorruptIndexException[failed engine (reason: [recovery]) (resource=preexisting_corruption)]; nested: NotSerializableExceptionWrapper[failed engine (reason: [recovery])]; nested: CorruptIndexException[checksum failed (hardware problem?) : expected=1n0dixi actual=gr883h (resource=name [_0_2.liv], length [187], checksum [1n0dixi], writtenBy [5.4.0]) (resource=VerifyingIndexOutput(_0_2.liv))];
Caused by: ElasticsearchException[Failed to list store metadata for shard [[test][0]]]; nested: CorruptIndexException[failed engine (reason: [recovery]) (resource=preexisting_corruption)]; nested: NotSerializableExceptionWrapper[failed engine (reason: [recovery])]; nested: CorruptIndexException[checksum failed (hardware problem?) : expected=1n0dixi actual=gr883h (resource=name [_0_2.liv], length [187], checksum [1n0dixi], writtenBy [5.4.0]) (resource=VerifyingIndexOutput(_0_2.liv))];
	at org.elasticsearch.indices.store.TransportNodesListShardStoreMetaData.nodeOperation(TransportNodesListShardStoreMetaData.java:142)
	at org.elasticsearch.indices.store.TransportNodesListShardStoreMetaData.nodeOperation(TransportNodesListShardStoreMetaData.java:65)
	at org.elasticsearch.action.support.nodes.TransportNodesAction$NodeTransportHandler.messageReceived(TransportNodesAction.java:212)
	at org.elasticsearch.action.support.nodes.TransportNodesAction$NodeTransportHandler.messageReceived(TransportNodesAction.java:208)
	at org.elasticsearch.transport.local.LocalTransport$2.doRun(LocalTransport.java:296)
	at org.elasticsearch.common.util.concurrent.AbstractRunnable.run(AbstractRunnable.java:37)
	at java.util.concurrent.ThreadPoolExecutor.runWorker(ThreadPoolExecutor.java:1142)
	at java.util.concurrent.ThreadPoolExecutor$Worker.run(ThreadPoolExecutor.java:617)
	at java.lang.Thread.run(Thread.java:745)
Caused by: org.apache.lucene.index.CorruptIndexException: failed engine (reason: [recovery]) (resource=preexisting_corruption)
	at org.elasticsearch.index.store.Store.failIfCorrupted(Store.java:581)
	at org.elasticsearch.index.store.Store.readMetadataSnapshot(Store.java:378)
	at org.elasticsearch.indices.store.TransportNodesListShardStoreMetaData.listStoreMetaData(TransportNodesListShardStoreMetaData.java:179)
	at org.elasticsearch.indices.store.TransportNodesListShardStoreMetaData.nodeOperation(TransportNodesListShardStoreMetaData.java:140)
	... 8 more
Caused by: NotSerializableExceptionWrapper[failed engine (reason: [recovery])]; nested: CorruptIndexException[checksum failed (hardware problem?) : expected=1n0dixi actual=gr883h (resource=name [_0_2.liv], length [187], checksum [1n0dixi], writtenBy [5.4.0]) (resource=VerifyingIndexOutput(_0_2.liv))];
	at org.elasticsearch.index.engine.Engine.failEngine(Engine.java:545)
	at org.elasticsearch.index.shard.IndexShard.failShard(IndexShard.java:741)
	at org.elasticsearch.indices.recovery.RecoverySourceHandler.failEngine(RecoverySourceHandler.java:643)
	at org.elasticsearch.indices.recovery.RecoverySourceHandler.sendFiles(RecoverySourceHandler.java:605)
	at org.elasticsearch.indices.recovery.RecoverySourceHandler.phase1(RecoverySourceHandler.java:253)
	at org.elasticsearch.indices.recovery.RecoverySourceHandler.recoverToTarget(RecoverySourceHandler.java:134)
	at org.elasticsearch.indices.recovery.RecoverySource.recover(RecoverySource.java:117)
	at org.elasticsearch.indices.recovery.RecoverySource.access$100(RecoverySource.java:46)
	at org.elasticsearch.indices.recovery.RecoverySource$StartRecoveryTransportRequestHandler.messageReceived(RecoverySource.java:126)
	at org.elasticsearch.indices.recovery.RecoverySource$StartRecoveryTransportRequestHandler.messageReceived(RecoverySource.java:123)
	... 5 more
Caused by: org.apache.lucene.index.CorruptIndexException: checksum failed (hardware problem?) : expected=1n0dixi actual=gr883h (resource=name [_0_2.liv], length [187], checksum [1n0dixi], writtenBy [5.4.0]) (resource=VerifyingIndexOutput(_0_2.liv))
	at org.elasticsearch.index.store.Store$LuceneVerifyingIndexOutput.readAndCompareChecksum(Store.java:1313)
	at org.elasticsearch.index.store.Store$LuceneVerifyingIndexOutput.writeByte(Store.java:1292)
	at org.elasticsearch.index.store.Store$LuceneVerifyingIndexOutput.writeBytes(Store.java:1321)
	at org.elasticsearch.indices.recovery.RecoveryTarget$FileChunkTransportRequestHandler.messageReceived(RecoveryTarget.java:457)
	at org.elasticsearch.indices.recovery.RecoveryTarget$FileChunkTransportRequestHandler.messageReceived(RecoveryTarget.java:421)
	... 5 more
[2016-03-30 14:01:30,714][WARN ][org.elasticsearch.gateway] [node_s0] [test][0]: failed to list shard for shard_store on node [DZ6e7yN8QJWb7yBDG2myqA]
FailedNodeException[Failed node [DZ6e7yN8QJWb7yBDG2myqA]]; nested: RemoteTransportException[[node_s0][local[307]][internal:cluster/nodes/indices/shard/store[n]]]; nested: ElasticsearchException[Failed to list store metadata for shard [[test][0]]]; nested: CorruptIndexException[failed engine (reason: [recovery]) (resource=preexisting_corruption)]; nested: NotSerializableExceptionWrapper[failed engine (reason: [recovery])]; nested: CorruptIndexException[checksum failed (hardware problem?) : expected=1n0dixi actual=gr883h (resource=name [_0_2.liv], length [187], checksum [1n0dixi], writtenBy [5.4.0]) (resource=VerifyingIndexOutput(_0_2.liv))];
	at org.elasticsearch.action.support.nodes.TransportNodesAction$AsyncAction.onFailure(TransportNodesAction.java:188)
	at org.elasticsearch.action.support.nodes.TransportNodesAction$AsyncAction.access$700(TransportNodesAction.java:95)
	at org.elasticsearch.action.support.nodes.TransportNodesAction$AsyncAction$2.handleException(TransportNodesAction.java:161)
	at org.elasticsearch.transport.local.LocalTransport.handleException(LocalTransport.java:370)
	at org.elasticsearch.transport.local.LocalTransport.handlerResponseError(LocalTransport.java:361)
	at org.elasticsearch.transport.local.LocalTransport.messageReceived(LocalTransport.java:257)
	at org.elasticsearch.transport.local.LocalTransportChannel$2.run(LocalTransportChannel.java:99)
	at java.util.concurrent.ThreadPoolExecutor.runWorker(ThreadPoolExecutor.java:1142)
	at java.util.concurrent.ThreadPoolExecutor$Worker.run(ThreadPoolExecutor.java:617)
	at java.lang.Thread.run(Thread.java:745)
Caused by: RemoteTransportException[[node_s0][local[307]][internal:cluster/nodes/indices/shard/store[n]]]; nested: ElasticsearchException[Failed to list store metadata for shard [[test][0]]]; nested: CorruptIndexException[failed engine (reason: [recovery]) (resource=preexisting_corruption)]; nested: NotSerializableExceptionWrapper[failed engine (reason: [recovery])]; nested: CorruptIndexException[checksum failed (hardware problem?) : expected=1n0dixi actual=gr883h (resource=name [_0_2.liv], length [187], checksum [1n0dixi], writtenBy [5.4.0]) (resource=VerifyingIndexOutput(_0_2.liv))];
Caused by: ElasticsearchException[Failed to list store metadata for shard [[test][0]]]; nested: CorruptIndexException[failed engine (reason: [recovery]) (resource=preexisting_corruption)]; nested: NotSerializableExceptionWrapper[failed engine (reason: [recovery])]; nested: CorruptIndexException[checksum failed (hardware problem?) : expected=1n0dixi actual=gr883h (resource=name [_0_2.liv], length [187], checksum [1n0dixi], writtenBy [5.4.0]) (resource=VerifyingIndexOutput(_0_2.liv))];
	at org.elasticsearch.indices.store.TransportNodesListShardStoreMetaData.nodeOperation(TransportNodesListShardStoreMetaData.java:142)
	at org.elasticsearch.indices.store.TransportNodesListShardStoreMetaData.nodeOperation(TransportNodesListShardStoreMetaData.java:65)
	at org.elasticsearch.action.support.nodes.TransportNodesAction$NodeTransportHandler.messageReceived(TransportNodesAction.java:212)
	at org.elasticsearch.action.support.nodes.TransportNodesAction$NodeTransportHandler.messageReceived(TransportNodesAction.java:208)
	at org.elasticsearch.transport.local.LocalTransport$2.doRun(LocalTransport.java:296)
	at org.elasticsearch.common.util.concurrent.AbstractRunnable.run(AbstractRunnable.java:37)
	at java.util.concurrent.ThreadPoolExecutor.runWorker(ThreadPoolExecutor.java:1142)
	at java.util.concurrent.ThreadPoolExecutor$Worker.run(ThreadPoolExecutor.java:617)
	at java.lang.Thread.run(Thread.java:745)
Caused by: org.apache.lucene.index.CorruptIndexException: failed engine (reason: [recovery]) (resource=preexisting_corruption)
	at org.elasticsearch.index.store.Store.failIfCorrupted(Store.java:581)
	at org.elasticsearch.index.store.Store.readMetadataSnapshot(Store.java:378)
	at org.elasticsearch.indices.store.TransportNodesListShardStoreMetaData.listStoreMetaData(TransportNodesListShardStoreMetaData.java:179)
	at org.elasticsearch.indices.store.TransportNodesListShardStoreMetaData.nodeOperation(TransportNodesListShardStoreMetaData.java:140)
	... 8 more
Caused by: NotSerializableExceptionWrapper[failed engine (reason: [recovery])]; nested: CorruptIndexException[checksum failed (hardware problem?) : expected=1n0dixi actual=gr883h (resource=name [_0_2.liv], length [187], checksum [1n0dixi], writtenBy [5.4.0]) (resource=VerifyingIndexOutput(_0_2.liv))];
	at org.elasticsearch.index.engine.Engine.failEngine(Engine.java:545)
	at org.elasticsearch.index.shard.IndexShard.failShard(IndexShard.java:741)
	at org.elasticsearch.indices.recovery.RecoverySourceHandler.failEngine(RecoverySourceHandler.java:643)
	at org.elasticsearch.indices.recovery.RecoverySourceHandler.sendFiles(RecoverySourceHandler.java:605)
	at org.elasticsearch.indices.recovery.RecoverySourceHandler.phase1(RecoverySourceHandler.java:253)
	at org.elasticsearch.indices.recovery.RecoverySourceHandler.recoverToTarget(RecoverySourceHandler.java:134)
	at org.elasticsearch.indices.recovery.RecoverySource.recover(RecoverySource.java:117)
	at org.elasticsearch.indices.recovery.RecoverySource.access$100(RecoverySource.java:46)
	at org.elasticsearch.indices.recovery.RecoverySource$StartRecoveryTransportRequestHandler.messageReceived(RecoverySource.java:126)
	at org.elasticsearch.indices.recovery.RecoverySource$StartRecoveryTransportRequestHandler.messageReceived(RecoverySource.java:123)
	... 5 more
Caused by: org.apache.lucene.index.CorruptIndexException: checksum failed (hardware problem?) : expected=1n0dixi actual=gr883h (resource=name [_0_2.liv], length [187], checksum [1n0dixi], writtenBy [5.4.0]) (resource=VerifyingIndexOutput(_0_2.liv))
	at org.elasticsearch.index.store.Store$LuceneVerifyingIndexOutput.readAndCompareChecksum(Store.java:1313)
	at org.elasticsearch.index.store.Store$LuceneVerifyingIndexOutput.writeByte(Store.java:1292)
	at org.elasticsearch.index.store.Store$LuceneVerifyingIndexOutput.writeBytes(Store.java:1321)
	at org.elasticsearch.indices.recovery.RecoveryTarget$FileChunkTransportRequestHandler.messageReceived(RecoveryTarget.java:457)
	at org.elasticsearch.indices.recovery.RecoveryTarget$FileChunkTransportRequestHandler.messageReceived(RecoveryTarget.java:421)
	... 5 more
[2016-03-30 14:01:30,732][WARN ][org.elasticsearch.index.shard] [node_s0] [test][0] [index.merge.enabled] is set to false, this should only be used in tests and can cause serious problems in production environments
[2016-03-30 14:01:30,742][WARN ][org.elasticsearch.gateway] [node_s0] [test][0]: failed to list shard for shard_store on node [DZ6e7yN8QJWb7yBDG2myqA]
FailedNodeException[Failed node [DZ6e7yN8QJWb7yBDG2myqA]]; nested: RemoteTransportException[[node_s0][local[307]][internal:cluster/nodes/indices/shard/store[n]]]; nested: ElasticsearchException[Failed to list store metadata for shard [[test][0]]]; nested: CorruptIndexException[failed engine (reason: [recovery]) (resource=preexisting_corruption)]; nested: NotSerializableExceptionWrapper[failed engine (reason: [recovery])]; nested: CorruptIndexException[checksum failed (hardware problem?) : expected=1n0dixi actual=gr883h (resource=name [_0_2.liv], length [187], checksum [1n0dixi], writtenBy [5.4.0]) (resource=VerifyingIndexOutput(_0_2.liv))];
	at org.elasticsearch.action.support.nodes.TransportNodesAction$AsyncAction.onFailure(TransportNodesAction.java:188)
	at org.elasticsearch.action.support.nodes.TransportNodesAction$AsyncAction.access$700(TransportNodesAction.java:95)
	at org.elasticsearch.action.support.nodes.TransportNodesAction$AsyncAction$2.handleException(TransportNodesAction.java:161)
	at org.elasticsearch.transport.local.LocalTransport.handleException(LocalTransport.java:370)
	at org.elasticsearch.transport.local.LocalTransport.handlerResponseError(LocalTransport.java:361)
	at org.elasticsearch.transport.local.LocalTransport.messageReceived(LocalTransport.java:257)
	at org.elasticsearch.transport.local.LocalTransportChannel$2.run(LocalTransportChannel.java:99)
	at java.util.concurrent.ThreadPoolExecutor.runWorker(ThreadPoolExecutor.java:1142)
	at java.util.concurrent.ThreadPoolExecutor$Worker.run(ThreadPoolExecutor.java:617)
	at java.lang.Thread.run(Thread.java:745)
Caused by: RemoteTransportException[[node_s0][local[307]][internal:cluster/nodes/indices/shard/store[n]]]; nested: ElasticsearchException[Failed to list store metadata for shard [[test][0]]]; nested: CorruptIndexException[failed engine (reason: [recovery]) (resource=preexisting_corruption)]; nested: NotSerializableExceptionWrapper[failed engine (reason: [recovery])]; nested: CorruptIndexException[checksum failed (hardware problem?) : expected=1n0dixi actual=gr883h (resource=name [_0_2.liv], length [187], checksum [1n0dixi], writtenBy [5.4.0]) (resource=VerifyingIndexOutput(_0_2.liv))];
Caused by: ElasticsearchException[Failed to list store metadata for shard [[test][0]]]; nested: CorruptIndexException[failed engine (reason: [recovery]) (resource=preexisting_corruption)]; nested: NotSerializableExceptionWrapper[failed engine (reason: [recovery])]; nested: CorruptIndexException[checksum failed (hardware problem?) : expected=1n0dixi actual=gr883h (resource=name [_0_2.liv], length [187], checksum [1n0dixi], writtenBy [5.4.0]) (resource=VerifyingIndexOutput(_0_2.liv))];
	at org.elasticsearch.indices.store.TransportNodesListShardStoreMetaData.nodeOperation(TransportNodesListShardStoreMetaData.java:142)
	at org.elasticsearch.indices.store.TransportNodesListShardStoreMetaData.nodeOperation(TransportNodesListShardStoreMetaData.java:65)
	at org.elasticsearch.action.support.nodes.TransportNodesAction$NodeTransportHandler.messageReceived(TransportNodesAction.java:212)
	at org.elasticsearch.action.support.nodes.TransportNodesAction$NodeTransportHandler.messageReceived(TransportNodesAction.java:208)
	at org.elasticsearch.transport.local.LocalTransport$2.doRun(LocalTransport.java:296)
	at org.elasticsearch.common.util.concurrent.AbstractRunnable.run(AbstractRunnable.java:37)
	at java.util.concurrent.ThreadPoolExecutor.runWorker(ThreadPoolExecutor.java:1142)
	at java.util.concurrent.ThreadPoolExecutor$Worker.run(ThreadPoolExecutor.java:617)
	at java.lang.Thread.run(Thread.java:745)
Caused by: org.apache.lucene.index.CorruptIndexException: failed engine (reason: [recovery]) (resource=preexisting_corruption)
	at org.elasticsearch.index.store.Store.failIfCorrupted(Store.java:581)
	at org.elasticsearch.index.store.Store.readMetadataSnapshot(Store.java:378)
	at org.elasticsearch.indices.store.TransportNodesListShardStoreMetaData.listStoreMetaData(TransportNodesListShardStoreMetaData.java:179)
	at org.elasticsearch.indices.store.TransportNodesListShardStoreMetaData.nodeOperation(TransportNodesListShardStoreMetaData.java:140)
	... 8 more
Caused by: NotSerializableExceptionWrapper[failed engine (reason: [recovery])]; nested: CorruptIndexException[checksum failed (hardware problem?) : expected=1n0dixi actual=gr883h (resource=name [_0_2.liv], length [187], checksum [1n0dixi], writtenBy [5.4.0]) (resource=VerifyingIndexOutput(_0_2.liv))];
	at org.elasticsearch.index.engine.Engine.failEngine(Engine.java:545)
	at org.elasticsearch.index.shard.IndexShard.failShard(IndexShard.java:741)
	at org.elasticsearch.indices.recovery.RecoverySourceHandler.failEngine(RecoverySourceHandler.java:643)
	at org.elasticsearch.indices.recovery.RecoverySourceHandler.sendFiles(RecoverySourceHandler.java:605)
	at org.elasticsearch.indices.recovery.RecoverySourceHandler.phase1(RecoverySourceHandler.java:253)
	at org.elasticsearch.indices.recovery.RecoverySourceHandler.recoverToTarget(RecoverySourceHandler.java:134)
	at org.elasticsearch.indices.recovery.RecoverySource.recover(RecoverySource.java:117)
	at org.elasticsearch.indices.recovery.RecoverySource.access$100(RecoverySource.java:46)
	at org.elasticsearch.indices.recovery.RecoverySource$StartRecoveryTransportRequestHandler.messageReceived(RecoverySource.java:126)
	at org.elasticsearch.indices.recovery.RecoverySource$StartRecoveryTransportRequestHandler.messageReceived(RecoverySource.java:123)
	... 5 more
Caused by: org.apache.lucene.index.CorruptIndexException: checksum failed (hardware problem?) : expected=1n0dixi actual=gr883h (resource=name [_0_2.liv], length [187], checksum [1n0dixi], writtenBy [5.4.0]) (resource=VerifyingIndexOutput(_0_2.liv))
	at org.elasticsearch.index.store.Store$LuceneVerifyingIndexOutput.readAndCompareChecksum(Store.java:1313)
	at org.elasticsearch.index.store.Store$LuceneVerifyingIndexOutput.writeByte(Store.java:1292)
	at org.elasticsearch.index.store.Store$LuceneVerifyingIndexOutput.writeBytes(Store.java:1321)
	at org.elasticsearch.indices.recovery.RecoveryTarget$FileChunkTransportRequestHandler.messageReceived(RecoveryTarget.java:457)
	at org.elasticsearch.indices.recovery.RecoveryTarget$FileChunkTransportRequestHandler.messageReceived(RecoveryTarget.java:421)
	... 5 more
[2016-03-30 14:01:30,774][WARN ][org.elasticsearch.gateway] [node_s0] [test][0]: failed to list shard for shard_store on node [DZ6e7yN8QJWb7yBDG2myqA]
FailedNodeException[Failed node [DZ6e7yN8QJWb7yBDG2myqA]]; nested: RemoteTransportException[[node_s0][local[307]][internal:cluster/nodes/indices/shard/store[n]]]; nested: ElasticsearchException[Failed to list store metadata for shard [[test][0]]]; nested: CorruptIndexException[failed engine (reason: [recovery]) (resource=preexisting_corruption)]; nested: NotSerializableExceptionWrapper[failed engine (reason: [recovery])]; nested: CorruptIndexException[checksum failed (hardware problem?) : expected=1n0dixi actual=gr883h (resource=name [_0_2.liv], length [187], checksum [1n0dixi], writtenBy [5.4.0]) (resource=VerifyingIndexOutput(_0_2.liv))];
	at org.elasticsearch.action.support.nodes.TransportNodesAction$AsyncAction.onFailure(TransportNodesAction.java:188)
	at org.elasticsearch.action.support.nodes.TransportNodesAction$AsyncAction.access$700(TransportNodesAction.java:95)
	at org.elasticsearch.action.support.nodes.TransportNodesAction$AsyncAction$2.handleException(TransportNodesAction.java:161)
	at org.elasticsearch.transport.local.LocalTransport.handleException(LocalTransport.java:370)
	at org.elasticsearch.transport.local.LocalTransport.handlerResponseError(LocalTransport.java:361)
	at org.elasticsearch.transport.local.LocalTransport.messageReceived(LocalTransport.java:257)
	at org.elasticsearch.transport.local.LocalTransportChannel$2.run(LocalTransportChannel.java:99)
	at java.util.concurrent.ThreadPoolExecutor.runWorker(ThreadPoolExecutor.java:1142)
	at java.util.concurrent.ThreadPoolExecutor$Worker.run(ThreadPoolExecutor.java:617)
	at java.lang.Thread.run(Thread.java:745)
Caused by: RemoteTransportException[[node_s0][local[307]][internal:cluster/nodes/indices/shard/store[n]]]; nested: ElasticsearchException[Failed to list store metadata for shard [[test][0]]]; nested: CorruptIndexException[failed engine (reason: [recovery]) (resource=preexisting_corruption)]; nested: NotSerializableExceptionWrapper[failed engine (reason: [recovery])]; nested: CorruptIndexException[checksum failed (hardware problem?) : expected=1n0dixi actual=gr883h (resource=name [_0_2.liv], length [187], checksum [1n0dixi], writtenBy [5.4.0]) (resource=VerifyingIndexOutput(_0_2.liv))];
Caused by: ElasticsearchException[Failed to list store metadata for shard [[test][0]]]; nested: CorruptIndexException[failed engine (reason: [recovery]) (resource=preexisting_corruption)]; nested: NotSerializableExceptionWrapper[failed engine (reason: [recovery])]; nested: CorruptIndexException[checksum failed (hardware problem?) : expected=1n0dixi actual=gr883h (resource=name [_0_2.liv], length [187], checksum [1n0dixi], writtenBy [5.4.0]) (resource=VerifyingIndexOutput(_0_2.liv))];
	at org.elasticsearch.indices.store.TransportNodesListShardStoreMetaData.nodeOperation(TransportNodesListShardStoreMetaData.java:142)
	at org.elasticsearch.indices.store.TransportNodesListShardStoreMetaData.nodeOperation(TransportNodesListShardStoreMetaData.java:65)
	at org.elasticsearch.action.support.nodes.TransportNodesAction$NodeTransportHandler.messageReceived(TransportNodesAction.java:212)
	at org.elasticsearch.action.support.nodes.TransportNodesAction$NodeTransportHandler.messageReceived(TransportNodesAction.java:208)
	at org.elasticsearch.transport.local.LocalTransport$2.doRun(LocalTransport.java:296)
	at org.elasticsearch.common.util.concurrent.AbstractRunnable.run(AbstractRunnable.java:37)
	at java.util.concurrent.ThreadPoolExecutor.runWorker(ThreadPoolExecutor.java:1142)
	at java.util.concurrent.ThreadPoolExecutor$Worker.run(ThreadPoolExecutor.java:617)
	at java.lang.Thread.run(Thread.java:745)
Caused by: org.apache.lucene.index.CorruptIndexException: failed engine (reason: [recovery]) (resource=preexisting_corruption)
	at org.elasticsearch.index.store.Store.failIfCorrupted(Store.java:581)
	at org.elasticsearch.index.store.Store.readMetadataSnapshot(Store.java:378)
	at org.elasticsearch.indices.store.TransportNodesListShardStoreMetaData.listStoreMetaData(TransportNodesListShardStoreMetaData.java:179)
	at org.elasticsearch.indices.store.TransportNodesListShardStoreMetaData.nodeOperation(TransportNodesListShardStoreMetaData.java:140)
	... 8 more
Caused by: NotSerializableExceptionWrapper[failed engine (reason: [recovery])]; nested: CorruptIndexException[checksum failed (hardware problem?) : expected=1n0dixi actual=gr883h (resource=name [_0_2.liv], length [187], checksum [1n0dixi], writtenBy [5.4.0]) (resource=VerifyingIndexOutput(_0_2.liv))];
	at org.elasticsearch.index.engine.Engine.failEngine(Engine.java:545)
	at org.elasticsearch.index.shard.IndexShard.failShard(IndexShard.java:741)
	at org.elasticsearch.indices.recovery.RecoverySourceHandler.failEngine(RecoverySourceHandler.java:643)
	at org.elasticsearch.indices.recovery.RecoverySourceHandler.sendFiles(RecoverySourceHandler.java:605)
	at org.elasticsearch.indices.recovery.RecoverySourceHandler.phase1(RecoverySourceHandler.java:253)
	at org.elasticsearch.indices.recovery.RecoverySourceHandler.recoverToTarget(RecoverySourceHandler.java:134)
	at org.elasticsearch.indices.recovery.RecoverySource.recover(RecoverySource.java:117)
	at org.elasticsearch.indices.recovery.RecoverySource.access$100(RecoverySource.java:46)
	at org.elasticsearch.indices.recovery.RecoverySource$StartRecoveryTransportRequestHandler.messageReceived(RecoverySource.java:126)
	at org.elasticsearch.indices.recovery.RecoverySource$StartRecoveryTransportRequestHandler.messageReceived(RecoverySource.java:123)
	... 5 more
Caused by: org.apache.lucene.index.CorruptIndexException: checksum failed (hardware problem?) : expected=1n0dixi actual=gr883h (resource=name [_0_2.liv], length [187], checksum [1n0dixi], writtenBy [5.4.0]) (resource=VerifyingIndexOutput(_0_2.liv))
	at org.elasticsearch.index.store.Store$LuceneVerifyingIndexOutput.readAndCompareChecksum(Store.java:1313)
	at org.elasticsearch.index.store.Store$LuceneVerifyingIndexOutput.writeByte(Store.java:1292)
	at org.elasticsearch.index.store.Store$LuceneVerifyingIndexOutput.writeBytes(Store.java:1321)
	at org.elasticsearch.indices.recovery.RecoveryTarget$FileChunkTransportRequestHandler.messageReceived(RecoveryTarget.java:457)
	at org.elasticsearch.indices.recovery.RecoveryTarget$FileChunkTransportRequestHandler.messageReceived(RecoveryTarget.java:421)
	... 5 more
[2016-03-30 14:01:30,783][WARN ][org.elasticsearch.gateway] [node_s0] [test][0]: failed to list shard for shard_store on node [DZ6e7yN8QJWb7yBDG2myqA]
FailedNodeException[Failed node [DZ6e7yN8QJWb7yBDG2myqA]]; nested: RemoteTransportException[[node_s0][local[307]][internal:cluster/nodes/indices/shard/store[n]]]; nested: ElasticsearchException[Failed to list store metadata for shard [[test][0]]]; nested: CorruptIndexException[failed engine (reason: [recovery]) (resource=preexisting_corruption)]; nested: NotSerializableExceptionWrapper[failed engine (reason: [recovery])]; nested: CorruptIndexException[checksum failed (hardware problem?) : expected=1n0dixi actual=gr883h (resource=name [_0_2.liv], length [187], checksum [1n0dixi], writtenBy [5.4.0]) (resource=VerifyingIndexOutput(_0_2.liv))];
	at org.elasticsearch.action.support.nodes.TransportNodesAction$AsyncAction.onFailure(TransportNodesAction.java:188)
	at org.elasticsearch.action.support.nodes.TransportNodesAction$AsyncAction.access$700(TransportNodesAction.java:95)
	at org.elasticsearch.action.support.nodes.TransportNodesAction$AsyncAction$2.handleException(TransportNodesAction.java:161)
	at org.elasticsearch.transport.local.LocalTransport.handleException(LocalTransport.java:370)
	at org.elasticsearch.transport.local.LocalTransport.handlerResponseError(LocalTransport.java:361)
	at org.elasticsearch.transport.local.LocalTransport.messageReceived(LocalTransport.java:257)
	at org.elasticsearch.transport.local.LocalTransportChannel$2.run(LocalTransportChannel.java:99)
	at java.util.concurrent.ThreadPoolExecutor.runWorker(ThreadPoolExecutor.java:1142)
	at java.util.concurrent.ThreadPoolExecutor$Worker.run(ThreadPoolExecutor.java:617)
	at java.lang.Thread.run(Thread.java:745)
Caused by: RemoteTransportException[[node_s0][local[307]][internal:cluster/nodes/indices/shard/store[n]]]; nested: ElasticsearchException[Failed to list store metadata for shard [[test][0]]]; nested: CorruptIndexException[failed engine (reason: [recovery]) (resource=preexisting_corruption)]; nested: NotSerializableExceptionWrapper[failed engine (reason: [recovery])]; nested: CorruptIndexException[checksum failed (hardware problem?) : expected=1n0dixi actual=gr883h (resource=name [_0_2.liv], length [187], checksum [1n0dixi], writtenBy [5.4.0]) (resource=VerifyingIndexOutput(_0_2.liv))];
Caused by: ElasticsearchException[Failed to list store metadata for shard [[test][0]]]; nested: CorruptIndexException[failed engine (reason: [recovery]) (resource=preexisting_corruption)]; nested: NotSerializableExceptionWrapper[failed engine (reason: [recovery])]; nested: CorruptIndexException[checksum failed (hardware problem?) : expected=1n0dixi actual=gr883h (resource=name [_0_2.liv], length [187], checksum [1n0dixi], writtenBy [5.4.0]) (resource=VerifyingIndexOutput(_0_2.liv))];
	at org.elasticsearch.indices.store.TransportNodesListShardStoreMetaData.nodeOperation(TransportNodesListShardStoreMetaData.java:142)
	at org.elasticsearch.indices.store.TransportNodesListShardStoreMetaData.nodeOperation(TransportNodesListShardStoreMetaData.java:65)
	at org.elasticsearch.action.support.nodes.TransportNodesAction$NodeTransportHandler.messageReceived(TransportNodesAction.java:212)
	at org.elasticsearch.action.support.nodes.TransportNodesAction$NodeTransportHandler.messageReceived(TransportNodesAction.java:208)
	at org.elasticsearch.transport.local.LocalTransport$2.doRun(LocalTransport.java:296)
	at org.elasticsearch.common.util.concurrent.AbstractRunnable.run(AbstractRunnable.java:37)
	at java.util.concurrent.ThreadPoolExecutor.runWorker(ThreadPoolExecutor.java:1142)
	at java.util.concurrent.ThreadPoolExecutor$Worker.run(ThreadPoolExecutor.java:617)
	at java.lang.Thread.run(Thread.java:745)
Caused by: org.apache.lucene.index.CorruptIndexException: failed engine (reason: [recovery]) (resource=preexisting_corruption)
	at org.elasticsearch.index.store.Store.failIfCorrupted(Store.java:581)
	at org.elasticsearch.index.store.Store.readMetadataSnapshot(Store.java:378)
	at org.elasticsearch.indices.store.TransportNodesListShardStoreMetaData.listStoreMetaData(TransportNodesListShardStoreMetaData.java:179)
	at org.elasticsearch.indices.store.TransportNodesListShardStoreMetaData.nodeOperation(TransportNodesListShardStoreMetaData.java:140)
	... 8 more
Caused by: NotSerializableExceptionWrapper[failed engine (reason: [recovery])]; nested: CorruptIndexException[checksum failed (hardware problem?) : expected=1n0dixi actual=gr883h (resource=name [_0_2.liv], length [187], checksum [1n0dixi], writtenBy [5.4.0]) (resource=VerifyingIndexOutput(_0_2.liv))];
	at org.elasticsearch.index.engine.Engine.failEngine(Engine.java:545)
	at org.elasticsearch.index.shard.IndexShard.failShard(IndexShard.java:741)
	at org.elasticsearch.indices.recovery.RecoverySourceHandler.failEngine(RecoverySourceHandler.java:643)
	at org.elasticsearch.indices.recovery.RecoverySourceHandler.sendFiles(RecoverySourceHandler.java:605)
	at org.elasticsearch.indices.recovery.RecoverySourceHandler.phase1(RecoverySourceHandler.java:253)
	at org.elasticsearch.indices.recovery.RecoverySourceHandler.recoverToTarget(RecoverySourceHandler.java:134)
	at org.elasticsearch.indices.recovery.RecoverySource.recover(RecoverySource.java:117)
	at org.elasticsearch.indices.recovery.RecoverySource.access$100(RecoverySource.java:46)
	at org.elasticsearch.indices.recovery.RecoverySource$StartRecoveryTransportRequestHandler.messageReceived(RecoverySource.java:126)
	at org.elasticsearch.indices.recovery.RecoverySource$StartRecoveryTransportRequestHandler.messageReceived(RecoverySource.java:123)
	... 5 more
Caused by: org.apache.lucene.index.CorruptIndexException: checksum failed (hardware problem?) : expected=1n0dixi actual=gr883h (resource=name [_0_2.liv], length [187], checksum [1n0dixi], writtenBy [5.4.0]) (resource=VerifyingIndexOutput(_0_2.liv))
	at org.elasticsearch.index.store.Store$LuceneVerifyingIndexOutput.readAndCompareChecksum(Store.java:1313)
	at org.elasticsearch.index.store.Store$LuceneVerifyingIndexOutput.writeByte(Store.java:1292)
	at org.elasticsearch.index.store.Store$LuceneVerifyingIndexOutput.writeBytes(Store.java:1321)
	at org.elasticsearch.indices.recovery.RecoveryTarget$FileChunkTransportRequestHandler.messageReceived(RecoveryTarget.java:457)
	at org.elasticsearch.indices.recovery.RecoveryTarget$FileChunkTransportRequestHandler.messageReceived(RecoveryTarget.java:421)
	... 5 more
[2016-03-30 14:01:30,794][WARN ][org.elasticsearch.gateway] [node_s0] [test][0]: failed to list shard for shard_store on node [DZ6e7yN8QJWb7yBDG2myqA]
FailedNodeException[Failed node [DZ6e7yN8QJWb7yBDG2myqA]]; nested: RemoteTransportException[[node_s0][local[307]][internal:cluster/nodes/indices/shard/store[n]]]; nested: ElasticsearchException[Failed to list store metadata for shard [[test][0]]]; nested: CorruptIndexException[failed engine (reason: [recovery]) (resource=preexisting_corruption)]; nested: NotSerializableExceptionWrapper[failed engine (reason: [recovery])]; nested: CorruptIndexException[checksum failed (hardware problem?) : expected=1n0dixi actual=gr883h (resource=name [_0_2.liv], length [187], checksum [1n0dixi], writtenBy [5.4.0]) (resource=VerifyingIndexOutput(_0_2.liv))];
	at org.elasticsearch.action.support.nodes.TransportNodesAction$AsyncAction.onFailure(TransportNodesAction.java:188)
	at org.elasticsearch.action.support.nodes.TransportNodesAction$AsyncAction.access$700(TransportNodesAction.java:95)
	at org.elasticsearch.action.support.nodes.TransportNodesAction$AsyncAction$2.handleException(TransportNodesAction.java:161)
	at org.elasticsearch.transport.local.LocalTransport.handleException(LocalTransport.java:370)
	at org.elasticsearch.transport.local.LocalTransport.handlerResponseError(LocalTransport.java:361)
	at org.elasticsearch.transport.local.LocalTransport.messageReceived(LocalTransport.java:257)
	at org.elasticsearch.transport.local.LocalTransportChannel$2.run(LocalTransportChannel.java:99)
	at java.util.concurrent.ThreadPoolExecutor.runWorker(ThreadPoolExecutor.java:1142)
	at java.util.concurrent.ThreadPoolExecutor$Worker.run(ThreadPoolExecutor.java:617)
	at java.lang.Thread.run(Thread.java:745)
Caused by: RemoteTransportException[[node_s0][local[307]][internal:cluster/nodes/indices/shard/store[n]]]; nested: ElasticsearchException[Failed to list store metadata for shard [[test][0]]]; nested: CorruptIndexException[failed engine (reason: [recovery]) (resource=preexisting_corruption)]; nested: NotSerializableExceptionWrapper[failed engine (reason: [recovery])]; nested: CorruptIndexException[checksum failed (hardware problem?) : expected=1n0dixi actual=gr883h (resource=name [_0_2.liv], length [187], checksum [1n0dixi], writtenBy [5.4.0]) (resource=VerifyingIndexOutput(_0_2.liv))];
Caused by: ElasticsearchException[Failed to list store metadata for shard [[test][0]]]; nested: CorruptIndexException[failed engine (reason: [recovery]) (resource=preexisting_corruption)]; nested: NotSerializableExceptionWrapper[failed engine (reason: [recovery])]; nested: CorruptIndexException[checksum failed (hardware problem?) : expected=1n0dixi actual=gr883h (resource=name [_0_2.liv], length [187], checksum [1n0dixi], writtenBy [5.4.0]) (resource=VerifyingIndexOutput(_0_2.liv))];
	at org.elasticsearch.indices.store.TransportNodesListShardStoreMetaData.nodeOperation(TransportNodesListShardStoreMetaData.java:142)
	at org.elasticsearch.indices.store.TransportNodesListShardStoreMetaData.nodeOperation(TransportNodesListShardStoreMetaData.java:65)
	at org.elasticsearch.action.support.nodes.TransportNodesAction$NodeTransportHandler.messageReceived(TransportNodesAction.java:212)
	at org.elasticsearch.action.support.nodes.TransportNodesAction$NodeTransportHandler.messageReceived(TransportNodesAction.java:208)
	at org.elasticsearch.transport.local.LocalTransport$2.doRun(LocalTransport.java:296)
	at org.elasticsearch.common.util.concurrent.AbstractRunnable.run(AbstractRunnable.java:37)
	at java.util.concurrent.ThreadPoolExecutor.runWorker(ThreadPoolExecutor.java:1142)
	at java.util.concurrent.ThreadPoolExecutor$Worker.run(ThreadPoolExecutor.java:617)
	at java.lang.Thread.run(Thread.java:745)
Caused by: org.apache.lucene.index.CorruptIndexException: failed engine (reason: [recovery]) (resource=preexisting_corruption)
	at org.elasticsearch.index.store.Store.failIfCorrupted(Store.java:581)
	at org.elasticsearch.index.store.Store.readMetadataSnapshot(Store.java:378)
	at org.elasticsearch.indices.store.TransportNodesListShardStoreMetaData.listStoreMetaData(TransportNodesListShardStoreMetaData.java:179)
	at org.elasticsearch.indices.store.TransportNodesListShardStoreMetaData.nodeOperation(TransportNodesListShardStoreMetaData.java:140)
	... 8 more
Caused by: NotSerializableExceptionWrapper[failed engine (reason: [recovery])]; nested: CorruptIndexException[checksum failed (hardware problem?) : expected=1n0dixi actual=gr883h (resource=name [_0_2.liv], length [187], checksum [1n0dixi], writtenBy [5.4.0]) (resource=VerifyingIndexOutput(_0_2.liv))];
	at org.elasticsearch.index.engine.Engine.failEngine(Engine.java:545)
	at org.elasticsearch.index.shard.IndexShard.failShard(IndexShard.java:741)
	at org.elasticsearch.indices.recovery.RecoverySourceHandler.failEngine(RecoverySourceHandler.java:643)
	at org.elasticsearch.indices.recovery.RecoverySourceHandler.sendFiles(RecoverySourceHandler.java:605)
	at org.elasticsearch.indices.recovery.RecoverySourceHandler.phase1(RecoverySourceHandler.java:253)
	at org.elasticsearch.indices.recovery.RecoverySourceHandler.recoverToTarget(RecoverySourceHandler.java:134)
	at org.elasticsearch.indices.recovery.RecoverySource.recover(RecoverySource.java:117)
	at org.elasticsearch.indices.recovery.RecoverySource.access$100(RecoverySource.java:46)
	at org.elasticsearch.indices.recovery.RecoverySource$StartRecoveryTransportRequestHandler.messageReceived(RecoverySource.java:126)
	at org.elasticsearch.indices.recovery.RecoverySource$StartRecoveryTransportRequestHandler.messageReceived(RecoverySource.java:123)
	... 5 more
Caused by: org.apache.lucene.index.CorruptIndexException: checksum failed (hardware problem?) : expected=1n0dixi actual=gr883h (resource=name [_0_2.liv], length [187], checksum [1n0dixi], writtenBy [5.4.0]) (resource=VerifyingIndexOutput(_0_2.liv))
	at org.elasticsearch.index.store.Store$LuceneVerifyingIndexOutput.readAndCompareChecksum(Store.java:1313)
	at org.elasticsearch.index.store.Store$LuceneVerifyingIndexOutput.writeByte(Store.java:1292)
	at org.elasticsearch.index.store.Store$LuceneVerifyingIndexOutput.writeBytes(Store.java:1321)
	at org.elasticsearch.indices.recovery.RecoveryTarget$FileChunkTransportRequestHandler.messageReceived(RecoveryTarget.java:457)
	at org.elasticsearch.indices.recovery.RecoveryTarget$FileChunkTransportRequestHandler.messageReceived(RecoveryTarget.java:421)
	... 5 more
[2016-03-30 14:01:30,809][WARN ][org.elasticsearch.gateway] [node_s0] [test][0]: failed to list shard for shard_store on node [DZ6e7yN8QJWb7yBDG2myqA]
FailedNodeException[Failed node [DZ6e7yN8QJWb7yBDG2myqA]]; nested: RemoteTransportException[[node_s0][local[307]][internal:cluster/nodes/indices/shard/store[n]]]; nested: ElasticsearchException[Failed to list store metadata for shard [[test][0]]]; nested: CorruptIndexException[failed engine (reason: [recovery]) (resource=preexisting_corruption)]; nested: NotSerializableExceptionWrapper[failed engine (reason: [recovery])]; nested: CorruptIndexException[checksum failed (hardware problem?) : expected=1n0dixi actual=gr883h (resource=name [_0_2.liv], length [187], checksum [1n0dixi], writtenBy [5.4.0]) (resource=VerifyingIndexOutput(_0_2.liv))];
	at org.elasticsearch.action.support.nodes.TransportNodesAction$AsyncAction.onFailure(TransportNodesAction.java:188)
	at org.elasticsearch.action.support.nodes.TransportNodesAction$AsyncAction.access$700(TransportNodesAction.java:95)
	at org.elasticsearch.action.support.nodes.TransportNodesAction$AsyncAction$2.handleException(TransportNodesAction.java:161)
	at org.elasticsearch.transport.local.LocalTransport.handleException(LocalTransport.java:370)
	at org.elasticsearch.transport.local.LocalTransport.handlerResponseError(LocalTransport.java:361)
	at org.elasticsearch.transport.local.LocalTransport.messageReceived(LocalTransport.java:257)
	at org.elasticsearch.transport.local.LocalTransportChannel$2.run(LocalTransportChannel.java:99)
	at java.util.concurrent.ThreadPoolExecutor.runWorker(ThreadPoolExecutor.java:1142)
	at java.util.concurrent.ThreadPoolExecutor$Worker.run(ThreadPoolExecutor.java:617)
	at java.lang.Thread.run(Thread.java:745)
Caused by: RemoteTransportException[[node_s0][local[307]][internal:cluster/nodes/indices/shard/store[n]]]; nested: ElasticsearchException[Failed to list store metadata for shard [[test][0]]]; nested: CorruptIndexException[failed engine (reason: [recovery]) (resource=preexisting_corruption)]; nested: NotSerializableExceptionWrapper[failed engine (reason: [recovery])]; nested: CorruptIndexException[checksum failed (hardware problem?) : expected=1n0dixi actual=gr883h (resource=name [_0_2.liv], length [187], checksum [1n0dixi], writtenBy [5.4.0]) (resource=VerifyingIndexOutput(_0_2.liv))];
Caused by: ElasticsearchException[Failed to list store metadata for shard [[test][0]]]; nested: CorruptIndexException[failed engine (reason: [recovery]) (resource=preexisting_corruption)]; nested: NotSerializableExceptionWrapper[failed engine (reason: [recovery])]; nested: CorruptIndexException[checksum failed (hardware problem?) : expected=1n0dixi actual=gr883h (resource=name [_0_2.liv], length [187], checksum [1n0dixi], writtenBy [5.4.0]) (resource=VerifyingIndexOutput(_0_2.liv))];
	at org.elasticsearch.indices.store.TransportNodesListShardStoreMetaData.nodeOperation(TransportNodesListShardStoreMetaData.java:142)
	at org.elasticsearch.indices.store.TransportNodesListShardStoreMetaData.nodeOperation(TransportNodesListShardStoreMetaData.java:65)
	at org.elasticsearch.action.support.nodes.TransportNodesAction$NodeTransportHandler.messageReceived(TransportNodesAction.java:212)
	at org.elasticsearch.action.support.nodes.TransportNodesAction$NodeTransportHandler.messageReceived(TransportNodesAction.java:208)
	at org.elasticsearch.transport.local.LocalTransport$2.doRun(LocalTransport.java:296)
	at org.elasticsearch.common.util.concurrent.AbstractRunnable.run(AbstractRunnable.java:37)
	at java.util.concurrent.ThreadPoolExecutor.runWorker(ThreadPoolExecutor.java:1142)
	at java.util.concurrent.ThreadPoolExecutor$Worker.run(ThreadPoolExecutor.java:617)
	at java.lang.Thread.run(Thread.java:745)
Caused by: org.apache.lucene.index.CorruptIndexException: failed engine (reason: [recovery]) (resource=preexisting_corruption)
	at org.elasticsearch.index.store.Store.failIfCorrupted(Store.java:581)
	at org.elasticsearch.index.store.Store.readMetadataSnapshot(Store.java:378)
	at org.elasticsearch.indices.store.TransportNodesListShardStoreMetaData.listStoreMetaData(TransportNodesListShardStoreMetaData.java:179)
	at org.elasticsearch.indices.store.TransportNodesListShardStoreMetaData.nodeOperation(TransportNodesListShardStoreMetaData.java:140)
	... 8 more
Caused by: NotSerializableExceptionWrapper[failed engine (reason: [recovery])]; nested: CorruptIndexException[checksum failed (hardware problem?) : expected=1n0dixi actual=gr883h (resource=name [_0_2.liv], length [187], checksum [1n0dixi], writtenBy [5.4.0]) (resource=VerifyingIndexOutput(_0_2.liv))];
	at org.elasticsearch.index.engine.Engine.failEngine(Engine.java:545)
	at org.elasticsearch.index.shard.IndexShard.failShard(IndexShard.java:741)
	at org.elasticsearch.indices.recovery.RecoverySourceHandler.failEngine(RecoverySourceHandler.java:643)
	at org.elasticsearch.indices.recovery.RecoverySourceHandler.sendFiles(RecoverySourceHandler.java:605)
	at org.elasticsearch.indices.recovery.RecoverySourceHandler.phase1(RecoverySourceHandler.java:253)
	at org.elasticsearch.indices.recovery.RecoverySourceHandler.recoverToTarget(RecoverySourceHandler.java:134)
	at org.elasticsearch.indices.recovery.RecoverySource.recover(RecoverySource.java:117)
	at org.elasticsearch.indices.recovery.RecoverySource.access$100(RecoverySource.java:46)
	at org.elasticsearch.indices.recovery.RecoverySource$StartRecoveryTransportRequestHandler.messageReceived(RecoverySource.java:126)
	at org.elasticsearch.indices.recovery.RecoverySource$StartRecoveryTransportRequestHandler.messageReceived(RecoverySource.java:123)
	... 5 more
Caused by: org.apache.lucene.index.CorruptIndexException: checksum failed (hardware problem?) : expected=1n0dixi actual=gr883h (resource=name [_0_2.liv], length [187], checksum [1n0dixi], writtenBy [5.4.0]) (resource=VerifyingIndexOutput(_0_2.liv))
	at org.elasticsearch.index.store.Store$LuceneVerifyingIndexOutput.readAndCompareChecksum(Store.java:1313)
	at org.elasticsearch.index.store.Store$LuceneVerifyingIndexOutput.writeByte(Store.java:1292)
	at org.elasticsearch.index.store.Store$LuceneVerifyingIndexOutput.writeBytes(Store.java:1321)
	at org.elasticsearch.indices.recovery.RecoveryTarget$FileChunkTransportRequestHandler.messageReceived(RecoveryTarget.java:457)
	at org.elasticsearch.indices.recovery.RecoveryTarget$FileChunkTransportRequestHandler.messageReceived(RecoveryTarget.java:421)
	... 5 more
[2016-03-30 14:01:30,822][WARN ][org.elasticsearch.gateway] [node_s0] [test][0]: failed to list shard for shard_store on node [DZ6e7yN8QJWb7yBDG2myqA]
FailedNodeException[Failed node [DZ6e7yN8QJWb7yBDG2myqA]]; nested: RemoteTransportException[[node_s0][local[307]][internal:cluster/nodes/indices/shard/store[n]]]; nested: ElasticsearchException[Failed to list store metadata for shard [[test][0]]]; nested: CorruptIndexException[failed engine (reason: [recovery]) (resource=preexisting_corruption)]; nested: NotSerializableExceptionWrapper[failed engine (reason: [recovery])]; nested: CorruptIndexException[checksum failed (hardware problem?) : expected=1n0dixi actual=gr883h (resource=name [_0_2.liv], length [187], checksum [1n0dixi], writtenBy [5.4.0]) (resource=VerifyingIndexOutput(_0_2.liv))];
	at org.elasticsearch.action.support.nodes.TransportNodesAction$AsyncAction.onFailure(TransportNodesAction.java:188)
	at org.elasticsearch.action.support.nodes.TransportNodesAction$AsyncAction.access$700(TransportNodesAction.java:95)
	at org.elasticsearch.action.support.nodes.TransportNodesAction$AsyncAction$2.handleException(TransportNodesAction.java:161)
	at org.elasticsearch.transport.local.LocalTransport.handleException(LocalTransport.java:370)
	at org.elasticsearch.transport.local.LocalTransport.handlerResponseError(LocalTransport.java:361)
	at org.elasticsearch.transport.local.LocalTransport.messageReceived(LocalTransport.java:257)
	at org.elasticsearch.transport.local.LocalTransportChannel$2.run(LocalTransportChannel.java:99)
	at java.util.concurrent.ThreadPoolExecutor.runWorker(ThreadPoolExecutor.java:1142)
	at java.util.concurrent.ThreadPoolExecutor$Worker.run(ThreadPoolExecutor.java:617)
	at java.lang.Thread.run(Thread.java:745)
Caused by: RemoteTransportException[[node_s0][local[307]][internal:cluster/nodes/indices/shard/store[n]]]; nested: ElasticsearchException[Failed to list store metadata for shard [[test][0]]]; nested: CorruptIndexException[failed engine (reason: [recovery]) (resource=preexisting_corruption)]; nested: NotSerializableExceptionWrapper[failed engine (reason: [recovery])]; nested: CorruptIndexException[checksum failed (hardware problem?) : expected=1n0dixi actual=gr883h (resource=name [_0_2.liv], length [187], checksum [1n0dixi], writtenBy [5.4.0]) (resource=VerifyingIndexOutput(_0_2.liv))];
Caused by: ElasticsearchException[Failed to list store metadata for shard [[test][0]]]; nested: CorruptIndexException[failed engine (reason: [recovery]) (resource=preexisting_corruption)]; nested: NotSerializableExceptionWrapper[failed engine (reason: [recovery])]; nested: CorruptIndexException[checksum failed (hardware problem?) : expected=1n0dixi actual=gr883h (resource=name [_0_2.liv], length [187], checksum [1n0dixi], writtenBy [5.4.0]) (resource=VerifyingIndexOutput(_0_2.liv))];
	at org.elasticsearch.indices.store.TransportNodesListShardStoreMetaData.nodeOperation(TransportNodesListShardStoreMetaData.java:142)
	at org.elasticsearch.indices.store.TransportNodesListShardStoreMetaData.nodeOperation(TransportNodesListShardStoreMetaData.java:65)
	at org.elasticsearch.action.support.nodes.TransportNodesAction$NodeTransportHandler.messageReceived(TransportNodesAction.java:212)
	at org.elasticsearch.action.support.nodes.TransportNodesAction$NodeTransportHandler.messageReceived(TransportNodesAction.java:208)
	at org.elasticsearch.transport.local.LocalTransport$2.doRun(LocalTransport.java:296)
	at org.elasticsearch.common.util.concurrent.AbstractRunnable.run(AbstractRunnable.java:37)
	at java.util.concurrent.ThreadPoolExecutor.runWorker(ThreadPoolExecutor.java:1142)
	at java.util.concurrent.ThreadPoolExecutor$Worker.run(ThreadPoolExecutor.java:617)
	at java.lang.Thread.run(Thread.java:745)
Caused by: org.apache.lucene.index.CorruptIndexException: failed engine (reason: [recovery]) (resource=preexisting_corruption)
	at org.elasticsearch.index.store.Store.failIfCorrupted(Store.java:581)
[...]
	at org.elasticsearch.transport.local.LocalTransport.handlerResponseError(LocalTransport.java:361)
	at org.elasticsearch.transport.local.LocalTransport.messageReceived(LocalTransport.java:257)
	at org.elasticsearch.transport.local.LocalTransportChannel$2.run(LocalTransportChannel.java:99)
	at java.util.concurrent.ThreadPoolExecutor.runWorker(ThreadPoolExecutor.java:1142)
	at java.util.concurrent.ThreadPoolExecutor$Worker.run(ThreadPoolExecutor.java:617)
	at java.lang.Thread.run(Thread.java:745)
Caused by: RemoteTransportException[[node_s0][local[315]][internal:cluster/nodes/indices/shard/store[n]]]; nested: ElasticsearchException[Failed to list store metadata for shard [[test][0]]]; nested: CorruptIndexException[Read past EOF while reading segment infos (resource=commit(null))]; nested: EOFException[read past EOF: SimpleFSIndexInput(path="/Users/brijeshs/Documents/elasticsearch_sort_netbeans/elasticsearch/core/build/testrun/integTest/J2/temp/org.elasticsearch.index.store.CorruptedFileIT_F7928424F380CF7C-001/tempDir-001/data/SUITE-CHILD_VM=[2]-CLUSTER_SEED=[4091271486087830240]-HASH=[462BA27235774]-cluster/nodes/1/indices/test/0/index/segments_3")];
Caused by: ElasticsearchException[Failed to list store metadata for shard [[test][0]]]; nested: CorruptIndexException[Read past EOF while reading segment infos (resource=commit(null))]; nested: EOFException[read past EOF: SimpleFSIndexInput(path="/Users/brijeshs/Documents/elasticsearch_sort_netbeans/elasticsearch/core/build/testrun/integTest/J2/temp/org.elasticsearch.index.store.CorruptedFileIT_F7928424F380CF7C-001/tempDir-001/data/SUITE-CHILD_VM=[2]-CLUSTER_SEED=[4091271486087830240]-HASH=[462BA27235774]-cluster/nodes/1/indices/test/0/index/segments_3")];
	at org.elasticsearch.indices.store.TransportNodesListShardStoreMetaData.nodeOperation(TransportNodesListShardStoreMetaData.java:142)
	at org.elasticsearch.indices.store.TransportNodesListShardStoreMetaData.nodeOperation(TransportNodesListShardStoreMetaData.java:65)
	at org.elasticsearch.action.support.nodes.TransportNodesAction$NodeTransportHandler.messageReceived(TransportNodesAction.java:212)
	at org.elasticsearch.action.support.nodes.TransportNodesAction$NodeTransportHandler.messageReceived(TransportNodesAction.java:208)
	at org.elasticsearch.transport.local.LocalTransport$2.doRun(LocalTransport.java:296)
	at org.elasticsearch.common.util.concurrent.AbstractRunnable.run(AbstractRunnable.java:37)
	at java.util.concurrent.ThreadPoolExecutor.runWorker(ThreadPoolExecutor.java:1142)
	at java.util.concurrent.ThreadPoolExecutor$Worker.run(ThreadPoolExecutor.java:617)
	at java.lang.Thread.run(Thread.java:745)
Caused by: org.apache.lucene.index.CorruptIndexException: Read past EOF while reading segment infos (resource=commit(null))
	at org.elasticsearch.index.store.Store.readSegmentsInfo(Store.java:164)
	at org.elasticsearch.index.store.Store.access$200(Store.java:88)
	at org.elasticsearch.index.store.Store$MetadataSnapshot.loadMetadata(Store.java:811)
	at org.elasticsearch.index.store.Store$MetadataSnapshot.<init>(Store.java:760)
	at org.elasticsearch.index.store.Store.readMetadataSnapshot(Store.java:379)
	at org.elasticsearch.indices.store.TransportNodesListShardStoreMetaData.listStoreMetaData(TransportNodesListShardStoreMetaData.java:179)
	at org.elasticsearch.indices.store.TransportNodesListShardStoreMetaData.nodeOperation(TransportNodesListShardStoreMetaData.java:140)
	... 8 more
Caused by: java.io.EOFException: read past EOF: SimpleFSIndexInput(path="/Users/brijeshs/Documents/elasticsearch_sort_netbeans/elasticsearch/core/build/testrun/integTest/J2/temp/org.elasticsearch.index.store.CorruptedFileIT_F7928424F380CF7C-001/tempDir-001/data/SUITE-CHILD_VM=[2]-CLUSTER_SEED=[4091271486087830240]-HASH=[462BA27235774]-cluster/nodes/1/indices/test/0/index/segments_3")
	at org.apache.lucene.store.BufferedIndexInput.refill(BufferedIndexInput.java:336)
	at org.apache.lucene.store.BufferedIndexInput.readByte(BufferedIndexInput.java:54)
	at org.apache.lucene.store.BufferedChecksumIndexInput.readByte(BufferedChecksumIndexInput.java:41)
	at org.apache.lucene.store.DataInput.readInt(DataInput.java:101)
	at org.apache.lucene.index.SegmentInfos.readCommit(SegmentInfos.java:297)
	at org.apache.lucene.index.SegmentInfos$1.doBody(SegmentInfos.java:493)
	at org.apache.lucene.index.SegmentInfos$1.doBody(SegmentInfos.java:490)
	at org.apache.lucene.index.SegmentInfos$FindSegmentsFile.run(SegmentInfos.java:731)
	at org.apache.lucene.index.SegmentInfos$FindSegmentsFile.run(SegmentInfos.java:683)
	at org.apache.lucene.index.SegmentInfos.readLatestCommit(SegmentInfos.java:495)
	at org.elasticsearch.common.lucene.Lucene.readSegmentInfos(Lucene.java:98)
	at org.elasticsearch.index.store.Store.readSegmentsInfo(Store.java:161)
	... 14 more
[2016-03-30 14:01:43,737][WARN ][org.elasticsearch.gateway] [node_s0] [test][0]: failed to list shard for shard_store on node [jCpqgCanRW2vaiQ468fTmg]
FailedNodeException[Failed node [jCpqgCanRW2vaiQ468fTmg]]; nested: RemoteTransportException[[node_s0][local[315]][internal:cluster/nodes/indices/shard/store[n]]]; nested: ElasticsearchException[Failed to list store metadata for shard [[test][0]]]; nested: CorruptIndexException[Read past EOF while reading segment infos (resource=commit(null))]; nested: EOFException[read past EOF: SimpleFSIndexInput(path="/Users/brijeshs/Documents/elasticsearch_sort_netbeans/elasticsearch/core/build/testrun/integTest/J2/temp/org.elasticsearch.index.store.CorruptedFileIT_F7928424F380CF7C-001/tempDir-001/data/SUITE-CHILD_VM=[2]-CLUSTER_SEED=[4091271486087830240]-HASH=[462BA27235774]-cluster/nodes/1/indices/test/0/index/segments_3")];
	at org.elasticsearch.action.support.nodes.TransportNodesAction$AsyncAction.onFailure(TransportNodesAction.java:188)
	at org.elasticsearch.action.support.nodes.TransportNodesAction$AsyncAction.access$700(TransportNodesAction.java:95)
	at org.elasticsearch.action.support.nodes.TransportNodesAction$AsyncAction$2.handleException(TransportNodesAction.java:161)
	at org.elasticsearch.transport.local.LocalTransport.handleException(LocalTransport.java:370)
	at org.elasticsearch.transport.local.LocalTransport.handlerResponseError(LocalTransport.java:361)
	at org.elasticsearch.transport.local.LocalTransport.messageReceived(LocalTransport.java:257)
	at org.elasticsearch.transport.local.LocalTransportChannel$2.run(LocalTransportChannel.java:99)
	at java.util.concurrent.ThreadPoolExecutor.runWorker(ThreadPoolExecutor.java:1142)
	at java.util.concurrent.ThreadPoolExecutor$Worker.run(ThreadPoolExecutor.java:617)
	at java.lang.Thread.run(Thread.java:745)
Caused by: RemoteTransportException[[node_s0][local[315]][internal:cluster/nodes/indices/shard/store[n]]]; nested: ElasticsearchException[Failed to list store metadata for shard [[test][0]]]; nested: CorruptIndexException[Read past EOF while reading segment infos (resource=commit(null))]; nested: EOFException[read past EOF: SimpleFSIndexInput(path="/Users/brijeshs/Documents/elasticsearch_sort_netbeans/elasticsearch/core/build/testrun/integTest/J2/temp/org.elasticsearch.index.store.CorruptedFileIT_F7928424F380CF7C-001/tempDir-001/data/SUITE-CHILD_VM=[2]-CLUSTER_SEED=[4091271486087830240]-HASH=[462BA27235774]-cluster/nodes/1/indices/test/0/index/segments_3")];
Caused by: ElasticsearchException[Failed to list store metadata for shard [[test][0]]]; nested: CorruptIndexException[Read past EOF while reading segment infos (resource=commit(null))]; nested: EOFException[read past EOF: SimpleFSIndexInput(path="/Users/brijeshs/Documents/elasticsearch_sort_netbeans/elasticsearch/core/build/testrun/integTest/J2/temp/org.elasticsearch.index.store.CorruptedFileIT_F7928424F380CF7C-001/tempDir-001/data/SUITE-CHILD_VM=[2]-CLUSTER_SEED=[4091271486087830240]-HASH=[462BA27235774]-cluster/nodes/1/indices/test/0/index/segments_3")];
	at org.elasticsearch.indices.store.TransportNodesListShardStoreMetaData.nodeOperation(TransportNodesListShardStoreMetaData.java:142)
	at org.elasticsearch.indices.store.TransportNodesListShardStoreMetaData.nodeOperation(TransportNodesListShardStoreMetaData.java:65)
	at org.elasticsearch.action.support.nodes.TransportNodesAction$NodeTransportHandler.messageReceived(TransportNodesAction.java:212)
	at org.elasticsearch.action.support.nodes.TransportNodesAction$NodeTransportHandler.messageReceived(TransportNodesAction.java:208)
	at org.elasticsearch.transport.local.LocalTransport$2.doRun(LocalTransport.java:296)
	at org.elasticsearch.common.util.concurrent.AbstractRunnable.run(AbstractRunnable.java:37)
	at java.util.concurrent.ThreadPoolExecutor.runWorker(ThreadPoolExecutor.java:1142)
	at java.util.concurrent.ThreadPoolExecutor$Worker.run(ThreadPoolExecutor.java:617)
	at java.lang.Thread.run(Thread.java:745)
Caused by: org.apache.lucene.index.CorruptIndexException: Read past EOF while reading segment infos (resource=commit(null))
	at org.elasticsearch.index.store.Store.readSegmentsInfo(Store.java:164)
	at org.elasticsearch.index.store.Store.access$200(Store.java:88)
	at org.elasticsearch.index.store.Store$MetadataSnapshot.loadMetadata(Store.java:811)
	at org.elasticsearch.index.store.Store$MetadataSnapshot.<init>(Store.java:760)
	at org.elasticsearch.index.store.Store.readMetadataSnapshot(Store.java:379)
	at org.elasticsearch.indices.store.TransportNodesListShardStoreMetaData.listStoreMetaData(TransportNodesListShardStoreMetaData.java:179)
	at org.elasticsearch.indices.store.TransportNodesListShardStoreMetaData.nodeOperation(TransportNodesListShardStoreMetaData.java:140)
	... 8 more
Caused by: java.io.EOFException: read past EOF: SimpleFSIndexInput(path="/Users/brijeshs/Documents/elasticsearch_sort_netbeans/elasticsearch/core/build/testrun/integTest/J2/temp/org.elasticsearch.index.store.CorruptedFileIT_F7928424F380CF7C-001/tempDir-001/data/SUITE-CHILD_VM=[2]-CLUSTER_SEED=[4091271486087830240]-HASH=[462BA27235774]-cluster/nodes/1/indices/test/0/index/segments_3")
	at org.apache.lucene.store.BufferedIndexInput.refill(BufferedIndexInput.java:336)
	at org.apache.lucene.store.BufferedIndexInput.readByte(BufferedIndexInput.java:54)
	at org.apache.lucene.store.BufferedChecksumIndexInput.readByte(BufferedChecksumIndexInput.java:41)
	at org.apache.lucene.store.DataInput.readInt(DataInput.java:101)
	at org.apache.lucene.index.SegmentInfos.readCommit(SegmentInfos.java:297)
	at org.apache.lucene.index.SegmentInfos$1.doBody(SegmentInfos.java:493)
	at org.apache.lucene.index.SegmentInfos$1.doBody(SegmentInfos.java:490)
	at org.apache.lucene.index.SegmentInfos$FindSegmentsFile.run(SegmentInfos.java:731)
	at org.apache.lucene.index.SegmentInfos$FindSegmentsFile.run(SegmentInfos.java:683)
	at org.apache.lucene.index.SegmentInfos.readLatestCommit(SegmentInfos.java:495)
	at org.elasticsearch.common.lucene.Lucene.readSegmentInfos(Lucene.java:98)
	at org.elasticsearch.index.store.Store.readSegmentsInfo(Store.java:161)
	... 14 more
[2016-03-30 14:01:43,877][WARN ][org.elasticsearch.gateway] [node_s0] [test][0]: failed to list shard for shard_store on node [jCpqgCanRW2vaiQ468fTmg]
FailedNodeException[Failed node [jCpqgCanRW2vaiQ468fTmg]]; nested: RemoteTransportException[[node_s0][local[315]][internal:cluster/nodes/indices/shard/store[n]]]; nested: ElasticsearchException[Failed to list store metadata for shard [[test][0]]]; nested: CorruptIndexException[Read past EOF while reading segment infos (resource=commit(null))]; nested: EOFException[read past EOF: SimpleFSIndexInput(path="/Users/brijeshs/Documents/elasticsearch_sort_netbeans/elasticsearch/core/build/testrun/integTest/J2/temp/org.elasticsearch.index.store.CorruptedFileIT_F7928424F380CF7C-001/tempDir-001/data/SUITE-CHILD_VM=[2]-CLUSTER_SEED=[4091271486087830240]-HASH=[462BA27235774]-cluster/nodes/1/indices/test/0/index/segments_3")];
	at org.elasticsearch.action.support.nodes.TransportNodesAction$AsyncAction.onFailure(TransportNodesAction.java:188)
	at org.elasticsearch.action.support.nodes.TransportNodesAction$AsyncAction.access$700(TransportNodesAction.java:95)
	at org.elasticsearch.action.support.nodes.TransportNodesAction$AsyncAction$2.handleException(TransportNodesAction.java:161)
	at org.elasticsearch.transport.local.LocalTransport.handleException(LocalTransport.java:370)
	at org.elasticsearch.transport.local.LocalTransport.handlerResponseError(LocalTransport.java:361)
	at org.elasticsearch.transport.local.LocalTransport.messageReceived(LocalTransport.java:257)
	at org.elasticsearch.transport.local.LocalTransportChannel$2.run(LocalTransportChannel.java:99)
	at java.util.concurrent.ThreadPoolExecutor.runWorker(ThreadPoolExecutor.java:1142)
	at java.util.concurrent.ThreadPoolExecutor$Worker.run(ThreadPoolExecutor.java:617)
	at java.lang.Thread.run(Thread.java:745)
Caused by: RemoteTransportException[[node_s0][local[315]][internal:cluster/nodes/indices/shard/store[n]]]; nested: ElasticsearchException[Failed to list store metadata for shard [[test][0]]]; nested: CorruptIndexException[Read past EOF while reading segment infos (resource=commit(null))]; nested: EOFException[read past EOF: SimpleFSIndexInput(path="/Users/brijeshs/Documents/elasticsearch_sort_netbeans/elasticsearch/core/build/testrun/integTest/J2/temp/org.elasticsearch.index.store.CorruptedFileIT_F7928424F380CF7C-001/tempDir-001/data/SUITE-CHILD_VM=[2]-CLUSTER_SEED=[4091271486087830240]-HASH=[462BA27235774]-cluster/nodes/1/indices/test/0/index/segments_3")];
Caused by: ElasticsearchException[Failed to list store metadata for shard [[test][0]]]; nested: CorruptIndexException[Read past EOF while reading segment infos (resource=commit(null))]; nested: EOFException[read past EOF: SimpleFSIndexInput(path="/Users/brijeshs/Documents/elasticsearch_sort_netbeans/elasticsearch/core/build/testrun/integTest/J2/temp/org.elasticsearch.index.store.CorruptedFileIT_F7928424F380CF7C-001/tempDir-001/data/SUITE-CHILD_VM=[2]-CLUSTER_SEED=[4091271486087830240]-HASH=[462BA27235774]-cluster/nodes/1/indices/test/0/index/segments_3")];
	at org.elasticsearch.indices.store.TransportNodesListShardStoreMetaData.nodeOperation(TransportNodesListShardStoreMetaData.java:142)
	at org.elasticsearch.indices.store.TransportNodesListShardStoreMetaData.nodeOperation(TransportNodesListShardStoreMetaData.java:65)
	at org.elasticsearch.action.support.nodes.TransportNodesAction$NodeTransportHandler.messageReceived(TransportNodesAction.java:212)
	at org.elasticsearch.action.support.nodes.TransportNodesAction$NodeTransportHandler.messageReceived(TransportNodesAction.java:208)
	at org.elasticsearch.transport.local.LocalTransport$2.doRun(LocalTransport.java:296)
	at org.elasticsearch.common.util.concurrent.AbstractRunnable.run(AbstractRunnable.java:37)
	at java.util.concurrent.ThreadPoolExecutor.runWorker(ThreadPoolExecutor.java:1142)
	at java.util.concurrent.ThreadPoolExecutor$Worker.run(ThreadPoolExecutor.java:617)
	at java.lang.Thread.run(Thread.java:745)
Caused by: org.apache.lucene.index.CorruptIndexException: Read past EOF while reading segment infos (resource=commit(null))
	at org.elasticsearch.index.store.Store.readSegmentsInfo(Store.java:164)
	at org.elasticsearch.index.store.Store.access$200(Store.java:88)
	at org.elasticsearch.index.store.Store$MetadataSnapshot.loadMetadata(Store.java:811)
	at org.elasticsearch.index.store.Store$MetadataSnapshot.<init>(Store.java:760)
	at org.elasticsearch.index.store.Store.readMetadataSnapshot(Store.java:379)
	at org.elasticsearch.indices.store.TransportNodesListShardStoreMetaData.listStoreMetaData(TransportNodesListShardStoreMetaData.java:179)
	at org.elasticsearch.indices.store.TransportNodesListShardStoreMetaData.nodeOperation(TransportNodesListShardStoreMetaData.java:140)
	... 8 more
Caused by: java.io.EOFException: read past EOF: SimpleFSIndexInput(path="/Users/brijeshs/Documents/elasticsearch_sort_netbeans/elasticsearch/core/build/testrun/integTest/J2/temp/org.elasticsearch.index.store.CorruptedFileIT_F7928424F380CF7C-001/tempDir-001/data/SUITE-CHILD_VM=[2]-CLUSTER_SEED=[4091271486087830240]-HASH=[462BA27235774]-cluster/nodes/1/indices/test/0/index/segments_3")
	at org.apache.lucene.store.BufferedIndexInput.refill(BufferedIndexInput.java:336)
	at org.apache.lucene.store.BufferedIndexInput.readByte(BufferedIndexInput.java:54)
	at org.apache.lucene.store.BufferedChecksumIndexInput.readByte(BufferedChecksumIndexInput.java:41)
	at org.apache.lucene.store.DataInput.readInt(DataInput.java:101)
	at org.apache.lucene.index.SegmentInfos.readCommit(SegmentInfos.java:297)
	at org.apache.lucene.index.SegmentInfos$1.doBody(SegmentInfos.java:493)
	at org.apache.lucene.index.SegmentInfos$1.doBody(SegmentInfos.java:490)
	at org.apache.lucene.index.SegmentInfos$FindSegmentsFile.run(SegmentInfos.java:731)
	at org.apache.lucene.index.SegmentInfos$FindSegmentsFile.run(SegmentInfos.java:683)
	at org.apache.lucene.index.SegmentInfos.readLatestCommit(SegmentInfos.java:495)
	at org.elasticsearch.common.lucene.Lucene.readSegmentInfos(Lucene.java:98)
	at org.elasticsearch.index.store.Store.readSegmentsInfo(Store.java:161)
	... 14 more
[2016-03-30 14:01:43,987][WARN ][org.elasticsearch.index.shard] [node_s1] [test][0] [index.merge.enabled] is set to false, this should only be used in tests and can cause serious problems in production environments
[2016-03-30 14:01:43,999][WARN ][org.elasticsearch.indices.recovery] [node_s1] error while listing local files, recover as if there are none
org.apache.lucene.index.CorruptIndexException: Read past EOF while reading segment infos (resource=commit(null))
	at org.elasticsearch.index.store.Store.readSegmentsInfo(Store.java:164)
	at org.elasticsearch.index.store.Store.access$200(Store.java:88)
	at org.elasticsearch.index.store.Store$MetadataSnapshot.loadMetadata(Store.java:811)
	at org.elasticsearch.index.store.Store$MetadataSnapshot.<init>(Store.java:760)
	at org.elasticsearch.index.store.Store.getMetadata(Store.java:231)
	at org.elasticsearch.index.store.Store.getMetadataOrEmpty(Store.java:190)
	at org.elasticsearch.indices.recovery.RecoveryTarget.doRecovery(RecoveryTarget.java:158)
	at org.elasticsearch.indices.recovery.RecoveryTarget.access$1100(RecoveryTarget.java:68)
	at org.elasticsearch.indices.recovery.RecoveryTarget$RecoveryRunner.doRun(RecoveryTarget.java:510)
	at org.elasticsearch.common.util.concurrent.AbstractRunnable.run(AbstractRunnable.java:37)
	at java.util.concurrent.ThreadPoolExecutor.runWorker(ThreadPoolExecutor.java:1142)
	at java.util.concurrent.ThreadPoolExecutor$Worker.run(ThreadPoolExecutor.java:617)
	at java.lang.Thread.run(Thread.java:745)
Caused by: java.io.EOFException: read past EOF: MMapIndexInput(path="/Users/brijeshs/Documents/elasticsearch_sort_netbeans/elasticsearch/core/build/testrun/integTest/J2/temp/org.elasticsearch.index.store.CorruptedFileIT_F7928424F380CF7C-001/tempDir-001/data/SUITE-CHILD_VM=[2]-CLUSTER_SEED=[4091271486087830240]-HASH=[462BA27235774]-cluster/nodes/1/indices/test/0/index/segments_3")
	at org.apache.lucene.store.ByteBufferIndexInput.readByte(ByteBufferIndexInput.java:81)
	at org.apache.lucene.store.MockIndexInputWrapper.readByte(MockIndexInputWrapper.java:132)
	at org.apache.lucene.store.BufferedChecksumIndexInput.readByte(BufferedChecksumIndexInput.java:41)
	at org.apache.lucene.store.DataInput.readInt(DataInput.java:101)
	at org.apache.lucene.index.SegmentInfos.readCommit(SegmentInfos.java:297)
	at org.apache.lucene.index.SegmentInfos$1.doBody(SegmentInfos.java:493)
	at org.apache.lucene.index.SegmentInfos$1.doBody(SegmentInfos.java:490)
	at org.apache.lucene.index.SegmentInfos$FindSegmentsFile.run(SegmentInfos.java:731)
	at org.apache.lucene.index.SegmentInfos$FindSegmentsFile.run(SegmentInfos.java:683)
	at org.apache.lucene.index.SegmentInfos.readLatestCommit(SegmentInfos.java:495)
	at org.elasticsearch.common.lucene.Lucene.readSegmentInfos(Lucene.java:98)
	at org.elasticsearch.index.store.Store.readSegmentsInfo(Store.java:161)
	... 12 more
]]></system-out>
   <system-err><![CDATA[]]></system-err>
</testsuite>